{"uid":"fb9fe5078f439b7b","name":"testCreateFolderWithValidName","fullName":"school.redrover.api.restassured.FolderApiTest.testCreateFolderWithValidName","historyId":"57f3252e811296536f73883fd9a94c31","time":{"start":1738853211335,"stop":1738853211562,"duration":227},"description":"002 Create Folder with valid name","descriptionHtml":"<p>002 Create Folder with valid name</p>\n","status":"failed","statusMessage":"1 expectation failed.\nResponse body doesn't match expectation.\nExpected: The content to match the given JSON schema.\nerror: instance type (null) does not match any allowed primitive type (allowed: [\"string\"])\n    level: \"error\"\n    schema: {\"loadingURI\":\"#\",\"pointer\":\"/properties/description\"}\n    instance: {\"pointer\":\"/description\"}\n    domain: \"validation\"\n    keyword: \"type\"\n    found: \"null\"\n    expected: [\"string\"]\nerror: instance type (null) does not match any allowed primitive type (allowed: [\"string\"])\n    level: \"error\"\n    schema: {\"loadingURI\":\"#\",\"pointer\":\"/properties/displayNameOrNull\"}\n    instance: {\"pointer\":\"/displayNameOrNull\"}\n    domain: \"validation\"\n    keyword: \"type\"\n    found: \"null\"\n    expected: [\"string\"]\n\n  Actual: {\"_class\":\"com.cloudbees.hudson.plugins.folder.Folder\",\"actions\":[{},{},{\"_class\":\"com.cloudbees.plugins.credentials.ViewCredentialsAction\"}],\"description\":null,\"displayName\":\"FolderApiTest\",\"displayNameOrNull\":null,\"fullDisplayName\":\"FolderApiTest\",\"fullName\":\"FolderApiTest\",\"name\":\"FolderApiTest\",\"url\":\"http://localhost:8080/job/FolderApiTest/\",\"healthReport\":[],\"jobs\":[],\"primaryView\":{\"_class\":\"hudson.model.AllView\",\"name\":\"All\",\"url\":\"http://localhost:8080/job/FolderApiTest/\"},\"views\":[{\"_class\":\"hudson.model.AllView\",\"name\":\"All\",\"url\":\"http://localhost:8080/job/FolderApiTest/\"}]}\n","statusTrace":"java.lang.AssertionError: 1 expectation failed.\nResponse body doesn't match expectation.\nExpected: The content to match the given JSON schema.\nerror: instance type (null) does not match any allowed primitive type (allowed: [\"string\"])\n    level: \"error\"\n    schema: {\"loadingURI\":\"#\",\"pointer\":\"/properties/description\"}\n    instance: {\"pointer\":\"/description\"}\n    domain: \"validation\"\n    keyword: \"type\"\n    found: \"null\"\n    expected: [\"string\"]\nerror: instance type (null) does not match any allowed primitive type (allowed: [\"string\"])\n    level: \"error\"\n    schema: {\"loadingURI\":\"#\",\"pointer\":\"/properties/displayNameOrNull\"}\n    instance: {\"pointer\":\"/displayNameOrNull\"}\n    domain: \"validation\"\n    keyword: \"type\"\n    found: \"null\"\n    expected: [\"string\"]\n\n  Actual: {\"_class\":\"com.cloudbees.hudson.plugins.folder.Folder\",\"actions\":[{},{},{\"_class\":\"com.cloudbees.plugins.credentials.ViewCredentialsAction\"}],\"description\":null,\"displayName\":\"FolderApiTest\",\"displayNameOrNull\":null,\"fullDisplayName\":\"FolderApiTest\",\"fullName\":\"FolderApiTest\",\"name\":\"FolderApiTest\",\"url\":\"http://localhost:8080/job/FolderApiTest/\",\"healthReport\":[],\"jobs\":[],\"primaryView\":{\"_class\":\"hudson.model.AllView\",\"name\":\"All\",\"url\":\"http://localhost:8080/job/FolderApiTest/\"},\"views\":[{\"_class\":\"hudson.model.AllView\",\"name\":\"All\",\"url\":\"http://localhost:8080/job/FolderApiTest/\"}]}\n\n\tat java.base/jdk.internal.reflect.NativeConstructorAccessorImpl.newInstance0(Native Method)\n\tat java.base/jdk.internal.reflect.NativeConstructorAccessorImpl.newInstance(NativeConstructorAccessorImpl.java:77)\n\tat java.base/jdk.internal.reflect.DelegatingConstructorAccessorImpl.newInstance(DelegatingConstructorAccessorImpl.java:45)\n\tat java.base/java.lang.reflect.Constructor.newInstanceWithCaller(Constructor.java:500)\n\tat java.base/java.lang.reflect.Constructor.newInstance(Constructor.java:481)\n\tat org.codehaus.groovy.reflection.CachedConstructor.invoke(CachedConstructor.java:73)\n\tat org.codehaus.groovy.runtime.callsite.ConstructorSite$ConstructorSiteNoUnwrapNoCoerce.callConstructor(ConstructorSite.java:108)\n\tat org.codehaus.groovy.runtime.callsite.CallSiteArray.defaultCallConstructor(CallSiteArray.java:57)\n\tat org.codehaus.groovy.runtime.callsite.AbstractCallSite.callConstructor(AbstractCallSite.java:263)\n\tat org.codehaus.groovy.runtime.callsite.AbstractCallSite.callConstructor(AbstractCallSite.java:277)\n\tat io.restassured.internal.ResponseSpecificationImpl$HamcrestAssertionClosure.validate(ResponseSpecificationImpl.groovy:512)\n\tat io.restassured.internal.ResponseSpecificationImpl$HamcrestAssertionClosure$validate$1.call(Unknown Source)\n\tat io.restassured.internal.ResponseSpecificationImpl.validateResponseIfRequired(ResponseSpecificationImpl.groovy:696)\n\tat io.restassured.internal.ResponseSpecificationImpl.this$2$validateResponseIfRequired(ResponseSpecificationImpl.groovy)\n\tat jdk.internal.reflect.GeneratedMethodAccessor101.invoke(Unknown Source)\n\tat java.base/jdk.internal.reflect.DelegatingMethodAccessorImpl.invoke(DelegatingMethodAccessorImpl.java:43)\n\tat java.base/java.lang.reflect.Method.invoke(Method.java:569)\n\tat org.codehaus.groovy.runtime.callsite.PlainObjectMetaMethodSite.doInvoke(PlainObjectMetaMethodSite.java:43)\n\tat org.codehaus.groovy.runtime.callsite.PogoMetaMethodSite$PogoCachedMethodSiteNoUnwrapNoCoerce.invoke(PogoMetaMethodSite.java:198)\n\tat org.codehaus.groovy.runtime.callsite.PogoMetaMethodSite.callCurrent(PogoMetaMethodSite.java:62)\n\tat org.codehaus.groovy.runtime.callsite.AbstractCallSite.callCurrent(AbstractCallSite.java:185)\n\tat io.restassured.internal.ResponseSpecificationImpl.body(ResponseSpecificationImpl.groovy:107)\n\tat io.restassured.internal.ValidatableResponseOptionsImpl.body(ValidatableResponseOptionsImpl.java:238)\n\tat school.redrover.api.restassured.FolderApiTest.testCreateFolderWithValidName(FolderApiTest.java:117)\n\tat java.base/jdk.internal.reflect.NativeMethodAccessorImpl.invoke0(Native Method)\n\tat java.base/jdk.internal.reflect.NativeMethodAccessorImpl.invoke(NativeMethodAccessorImpl.java:77)\n\tat java.base/jdk.internal.reflect.DelegatingMethodAccessorImpl.invoke(DelegatingMethodAccessorImpl.java:43)\n\tat java.base/java.lang.reflect.Method.invoke(Method.java:569)\n\tat org.testng.internal.invokers.MethodInvocationHelper.invokeMethod(MethodInvocationHelper.java:141)\n\tat org.testng.internal.invokers.TestInvoker.invokeMethod(TestInvoker.java:686)\n\tat org.testng.internal.invokers.TestInvoker.invokeTestMethod(TestInvoker.java:230)\n\tat org.testng.internal.invokers.MethodRunner.runInSequence(MethodRunner.java:63)\n\tat org.testng.internal.invokers.TestInvoker$MethodInvocationAgent.invoke(TestInvoker.java:992)\n\tat org.testng.internal.invokers.TestInvoker.invokeTestMethods(TestInvoker.java:203)\n\tat org.testng.internal.invokers.TestMethodWorker.invokeTestMethods(TestMethodWorker.java:154)\n\tat org.testng.internal.invokers.TestMethodWorker.run(TestMethodWorker.java:134)\n\tat java.base/java.util.ArrayList.forEach(ArrayList.java:1511)\n\tat org.testng.TestRunner.privateRun(TestRunner.java:739)\n\tat org.testng.TestRunner.run(TestRunner.java:614)\n\tat org.testng.SuiteRunner.runTest(SuiteRunner.java:421)\n\tat org.testng.SuiteRunner.runSequentially(SuiteRunner.java:413)\n\tat org.testng.SuiteRunner.privateRun(SuiteRunner.java:373)\n\tat org.testng.SuiteRunner.run(SuiteRunner.java:312)\n\tat org.testng.SuiteRunnerWorker.runSuite(SuiteRunnerWorker.java:52)\n\tat org.testng.SuiteRunnerWorker.run(SuiteRunnerWorker.java:95)\n\tat org.testng.TestNG.runSuitesSequentially(TestNG.java:1274)\n\tat org.testng.TestNG.runSuitesLocally(TestNG.java:1208)\n\tat org.testng.TestNG.runSuites(TestNG.java:1112)\n\tat org.testng.TestNG.run(TestNG.java:1079)\n\tat org.apache.maven.surefire.testng.TestNGExecutor.run(TestNGExecutor.java:155)\n\tat org.apache.maven.surefire.testng.TestNGDirectoryTestSuite.executeMulti(TestNGDirectoryTestSuite.java:169)\n\tat org.apache.maven.surefire.testng.TestNGDirectoryTestSuite.execute(TestNGDirectoryTestSuite.java:88)\n\tat org.apache.maven.surefire.testng.TestNGProvider.invoke(TestNGProvider.java:137)\n\tat org.apache.maven.surefire.booter.ForkedBooter.runSuitesInProcess(ForkedBooter.java:385)\n\tat org.apache.maven.surefire.booter.ForkedBooter.execute(ForkedBooter.java:162)\n\tat org.apache.maven.surefire.booter.ForkedBooter.run(ForkedBooter.java:507)\n\tat org.apache.maven.surefire.booter.ForkedBooter.main(ForkedBooter.java:495)\n","flaky":false,"newFailed":false,"newBroken":false,"newPassed":false,"retriesCount":0,"retriesStatusChange":false,"beforeStages":[{"name":"setup","time":{"start":1738853207895,"stop":1738853208282,"duration":387},"description":"","status":"passed","steps":[],"attachments":[],"parameters":[],"shouldDisplayMessage":false,"stepsCount":0,"attachmentsCount":0,"hasContent":false,"attachmentStep":false}],"testStage":{"description":"002 Create Folder with valid name","status":"failed","statusMessage":"1 expectation failed.\nResponse body doesn't match expectation.\nExpected: The content to match the given JSON schema.\nerror: instance type (null) does not match any allowed primitive type (allowed: [\"string\"])\n    level: \"error\"\n    schema: {\"loadingURI\":\"#\",\"pointer\":\"/properties/description\"}\n    instance: {\"pointer\":\"/description\"}\n    domain: \"validation\"\n    keyword: \"type\"\n    found: \"null\"\n    expected: [\"string\"]\nerror: instance type (null) does not match any allowed primitive type (allowed: [\"string\"])\n    level: \"error\"\n    schema: {\"loadingURI\":\"#\",\"pointer\":\"/properties/displayNameOrNull\"}\n    instance: {\"pointer\":\"/displayNameOrNull\"}\n    domain: \"validation\"\n    keyword: \"type\"\n    found: \"null\"\n    expected: [\"string\"]\n\n  Actual: {\"_class\":\"com.cloudbees.hudson.plugins.folder.Folder\",\"actions\":[{},{},{\"_class\":\"com.cloudbees.plugins.credentials.ViewCredentialsAction\"}],\"description\":null,\"displayName\":\"FolderApiTest\",\"displayNameOrNull\":null,\"fullDisplayName\":\"FolderApiTest\",\"fullName\":\"FolderApiTest\",\"name\":\"FolderApiTest\",\"url\":\"http://localhost:8080/job/FolderApiTest/\",\"healthReport\":[],\"jobs\":[],\"primaryView\":{\"_class\":\"hudson.model.AllView\",\"name\":\"All\",\"url\":\"http://localhost:8080/job/FolderApiTest/\"},\"views\":[{\"_class\":\"hudson.model.AllView\",\"name\":\"All\",\"url\":\"http://localhost:8080/job/FolderApiTest/\"}]}\n","statusTrace":"java.lang.AssertionError: 1 expectation failed.\nResponse body doesn't match expectation.\nExpected: The content to match the given JSON schema.\nerror: instance type (null) does not match any allowed primitive type (allowed: [\"string\"])\n    level: \"error\"\n    schema: {\"loadingURI\":\"#\",\"pointer\":\"/properties/description\"}\n    instance: {\"pointer\":\"/description\"}\n    domain: \"validation\"\n    keyword: \"type\"\n    found: \"null\"\n    expected: [\"string\"]\nerror: instance type (null) does not match any allowed primitive type (allowed: [\"string\"])\n    level: \"error\"\n    schema: {\"loadingURI\":\"#\",\"pointer\":\"/properties/displayNameOrNull\"}\n    instance: {\"pointer\":\"/displayNameOrNull\"}\n    domain: \"validation\"\n    keyword: \"type\"\n    found: \"null\"\n    expected: [\"string\"]\n\n  Actual: {\"_class\":\"com.cloudbees.hudson.plugins.folder.Folder\",\"actions\":[{},{},{\"_class\":\"com.cloudbees.plugins.credentials.ViewCredentialsAction\"}],\"description\":null,\"displayName\":\"FolderApiTest\",\"displayNameOrNull\":null,\"fullDisplayName\":\"FolderApiTest\",\"fullName\":\"FolderApiTest\",\"name\":\"FolderApiTest\",\"url\":\"http://localhost:8080/job/FolderApiTest/\",\"healthReport\":[],\"jobs\":[],\"primaryView\":{\"_class\":\"hudson.model.AllView\",\"name\":\"All\",\"url\":\"http://localhost:8080/job/FolderApiTest/\"},\"views\":[{\"_class\":\"hudson.model.AllView\",\"name\":\"All\",\"url\":\"http://localhost:8080/job/FolderApiTest/\"}]}\n\n\tat java.base/jdk.internal.reflect.NativeConstructorAccessorImpl.newInstance0(Native Method)\n\tat java.base/jdk.internal.reflect.NativeConstructorAccessorImpl.newInstance(NativeConstructorAccessorImpl.java:77)\n\tat java.base/jdk.internal.reflect.DelegatingConstructorAccessorImpl.newInstance(DelegatingConstructorAccessorImpl.java:45)\n\tat java.base/java.lang.reflect.Constructor.newInstanceWithCaller(Constructor.java:500)\n\tat java.base/java.lang.reflect.Constructor.newInstance(Constructor.java:481)\n\tat org.codehaus.groovy.reflection.CachedConstructor.invoke(CachedConstructor.java:73)\n\tat org.codehaus.groovy.runtime.callsite.ConstructorSite$ConstructorSiteNoUnwrapNoCoerce.callConstructor(ConstructorSite.java:108)\n\tat org.codehaus.groovy.runtime.callsite.CallSiteArray.defaultCallConstructor(CallSiteArray.java:57)\n\tat org.codehaus.groovy.runtime.callsite.AbstractCallSite.callConstructor(AbstractCallSite.java:263)\n\tat org.codehaus.groovy.runtime.callsite.AbstractCallSite.callConstructor(AbstractCallSite.java:277)\n\tat io.restassured.internal.ResponseSpecificationImpl$HamcrestAssertionClosure.validate(ResponseSpecificationImpl.groovy:512)\n\tat io.restassured.internal.ResponseSpecificationImpl$HamcrestAssertionClosure$validate$1.call(Unknown Source)\n\tat io.restassured.internal.ResponseSpecificationImpl.validateResponseIfRequired(ResponseSpecificationImpl.groovy:696)\n\tat io.restassured.internal.ResponseSpecificationImpl.this$2$validateResponseIfRequired(ResponseSpecificationImpl.groovy)\n\tat jdk.internal.reflect.GeneratedMethodAccessor101.invoke(Unknown Source)\n\tat java.base/jdk.internal.reflect.DelegatingMethodAccessorImpl.invoke(DelegatingMethodAccessorImpl.java:43)\n\tat java.base/java.lang.reflect.Method.invoke(Method.java:569)\n\tat org.codehaus.groovy.runtime.callsite.PlainObjectMetaMethodSite.doInvoke(PlainObjectMetaMethodSite.java:43)\n\tat org.codehaus.groovy.runtime.callsite.PogoMetaMethodSite$PogoCachedMethodSiteNoUnwrapNoCoerce.invoke(PogoMetaMethodSite.java:198)\n\tat org.codehaus.groovy.runtime.callsite.PogoMetaMethodSite.callCurrent(PogoMetaMethodSite.java:62)\n\tat org.codehaus.groovy.runtime.callsite.AbstractCallSite.callCurrent(AbstractCallSite.java:185)\n\tat io.restassured.internal.ResponseSpecificationImpl.body(ResponseSpecificationImpl.groovy:107)\n\tat io.restassured.internal.ValidatableResponseOptionsImpl.body(ValidatableResponseOptionsImpl.java:238)\n\tat school.redrover.api.restassured.FolderApiTest.testCreateFolderWithValidName(FolderApiTest.java:117)\n\tat java.base/jdk.internal.reflect.NativeMethodAccessorImpl.invoke0(Native Method)\n\tat java.base/jdk.internal.reflect.NativeMethodAccessorImpl.invoke(NativeMethodAccessorImpl.java:77)\n\tat java.base/jdk.internal.reflect.DelegatingMethodAccessorImpl.invoke(DelegatingMethodAccessorImpl.java:43)\n\tat java.base/java.lang.reflect.Method.invoke(Method.java:569)\n\tat org.testng.internal.invokers.MethodInvocationHelper.invokeMethod(MethodInvocationHelper.java:141)\n\tat org.testng.internal.invokers.TestInvoker.invokeMethod(TestInvoker.java:686)\n\tat org.testng.internal.invokers.TestInvoker.invokeTestMethod(TestInvoker.java:230)\n\tat org.testng.internal.invokers.MethodRunner.runInSequence(MethodRunner.java:63)\n\tat org.testng.internal.invokers.TestInvoker$MethodInvocationAgent.invoke(TestInvoker.java:992)\n\tat org.testng.internal.invokers.TestInvoker.invokeTestMethods(TestInvoker.java:203)\n\tat org.testng.internal.invokers.TestMethodWorker.invokeTestMethods(TestMethodWorker.java:154)\n\tat org.testng.internal.invokers.TestMethodWorker.run(TestMethodWorker.java:134)\n\tat java.base/java.util.ArrayList.forEach(ArrayList.java:1511)\n\tat org.testng.TestRunner.privateRun(TestRunner.java:739)\n\tat org.testng.TestRunner.run(TestRunner.java:614)\n\tat org.testng.SuiteRunner.runTest(SuiteRunner.java:421)\n\tat org.testng.SuiteRunner.runSequentially(SuiteRunner.java:413)\n\tat org.testng.SuiteRunner.privateRun(SuiteRunner.java:373)\n\tat org.testng.SuiteRunner.run(SuiteRunner.java:312)\n\tat org.testng.SuiteRunnerWorker.runSuite(SuiteRunnerWorker.java:52)\n\tat org.testng.SuiteRunnerWorker.run(SuiteRunnerWorker.java:95)\n\tat org.testng.TestNG.runSuitesSequentially(TestNG.java:1274)\n\tat org.testng.TestNG.runSuitesLocally(TestNG.java:1208)\n\tat org.testng.TestNG.runSuites(TestNG.java:1112)\n\tat org.testng.TestNG.run(TestNG.java:1079)\n\tat org.apache.maven.surefire.testng.TestNGExecutor.run(TestNGExecutor.java:155)\n\tat org.apache.maven.surefire.testng.TestNGDirectoryTestSuite.executeMulti(TestNGDirectoryTestSuite.java:169)\n\tat org.apache.maven.surefire.testng.TestNGDirectoryTestSuite.execute(TestNGDirectoryTestSuite.java:88)\n\tat org.apache.maven.surefire.testng.TestNGProvider.invoke(TestNGProvider.java:137)\n\tat org.apache.maven.surefire.booter.ForkedBooter.runSuitesInProcess(ForkedBooter.java:385)\n\tat org.apache.maven.surefire.booter.ForkedBooter.execute(ForkedBooter.java:162)\n\tat org.apache.maven.surefire.booter.ForkedBooter.run(ForkedBooter.java:507)\n\tat org.apache.maven.surefire.booter.ForkedBooter.main(ForkedBooter.java:495)\n","steps":[{"name":"Read schema 'folder-schema.json'","time":{"start":1738853211524,"stop":1738853211524,"duration":0},"status":"passed","steps":[],"attachments":[],"parameters":[{"name":"name","value":"folder-schema.json"}],"shouldDisplayMessage":false,"stepsCount":0,"attachmentsCount":0,"hasContent":true,"attachmentStep":false}],"attachments":[{"uid":"b528db08e3f8988c","name":"Request","source":"b528db08e3f8988c.html","type":"text/html","size":725},{"uid":"163b79131efb648c","name":"HTTP/1.1 302 Found","source":"163b79131efb648c.html","type":"text/html","size":400},{"uid":"a3f232fc9516d90d","name":"Request","source":"a3f232fc9516d90d.html","type":"text/html","size":549},{"uid":"6e551ae42912f479","name":"HTTP/1.1 200 OK","source":"6e551ae42912f479.html","type":"text/html","size":1791}],"parameters":[],"shouldDisplayMessage":true,"stepsCount":1,"attachmentsCount":4,"hasContent":true,"attachmentStep":false},"afterStages":[{"name":"teardown","time":{"start":1738853211785,"stop":1738853211785,"duration":0},"description":"","status":"passed","steps":[],"attachments":[],"parameters":[],"shouldDisplayMessage":false,"stepsCount":0,"attachmentsCount":0,"hasContent":false,"attachmentStep":false}],"labels":[{"name":"package","value":"school.redrover.api.restassured.FolderApiTest"},{"name":"testClass","value":"school.redrover.api.restassured.FolderApiTest"},{"name":"testMethod","value":"testCreateFolderWithValidName"},{"name":"parentSuite","value":"Surefire suite"},{"name":"suite","value":"Surefire test"},{"name":"subSuite","value":"school.redrover.api.restassured.FolderApiTest"},{"name":"host","value":"fv-az1444-488"},{"name":"thread","value":"2739@fv-az1444-488.main(1)"},{"name":"framework","value":"testng"},{"name":"language","value":"java"},{"name":"epic","value":"API"},{"name":"story","value":"Folder"},{"name":"resultFormat","value":"allure2"}],"parameters":[],"links":[],"hidden":false,"retry":false,"extra":{"severity":"normal","retries":[],"categories":[{"name":"Product defects","matchedStatuses":[],"flaky":false}],"history":{"statistic":{"failed":3,"broken":0,"skipped":0,"passed":4,"unknown":0,"total":7},"items":[{"uid":"5a9f0ce6d3c7a7d4","reportUrl":"https://RedRoverSchool.github.io/JenkinsQA_2024_fall/2762//#testresult/5a9f0ce6d3c7a7d4","status":"failed","statusDetails":"1 expectation failed.\nResponse body doesn't match expectation.\nExpected: The content to match the given JSON schema.\nerror: instance type (null) does not match any allowed primitive type (allowed: [\"string\"])\n    level: \"error\"\n    schema: {\"loadingURI\":\"#\",\"pointer\":\"/properties/description\"}\n    instance: {\"pointer\":\"/description\"}\n    domain: \"validation\"\n    keyword: \"type\"\n    found: \"null\"\n    expected: [\"string\"]\n\n  Actual: {\"_class\":\"com.cloudbees.hudson.plugins.folder.Folder\",\"actions\":[{},{},{\"_class\":\"com.cloudbees.plugins.credentials.ViewCredentialsAction\"}],\"description\":null,\"displayName\":\"FolderApiTest\",\"displayNameOrNull\":null,\"fullDisplayName\":\"FolderApiTest\",\"fullName\":\"FolderApiTest\",\"name\":\"FolderApiTest\",\"url\":\"http://localhost:8080/job/FolderApiTest/\",\"healthReport\":[],\"jobs\":[],\"primaryView\":{\"_class\":\"hudson.model.AllView\",\"name\":\"All\",\"url\":\"http://localhost:8080/job/FolderApiTest/\"},\"views\":[{\"_class\":\"hudson.model.AllView\",\"name\":\"All\",\"url\":\"http://localhost:8080/job/FolderApiTest/\"}]}\n","time":{"start":1738851764193,"stop":1738851764422,"duration":229}},{"uid":"555dfda3abbaad59","reportUrl":"https://RedRoverSchool.github.io/JenkinsQA_2024_fall/2761//#testresult/555dfda3abbaad59","status":"failed","statusDetails":"1 expectation failed.\nExpected status code <302> but was <400>.\n","time":{"start":1738850291999,"stop":1738850292126,"duration":127}},{"uid":"41eca120d82ae83e","reportUrl":"https://RedRoverSchool.github.io/JenkinsQA_2024_fall/2759//#testresult/41eca120d82ae83e","status":"passed","time":{"start":1738700039745,"stop":1738700040005,"duration":260}},{"uid":"a03c0cb7b5d5e0b2","reportUrl":"https://RedRoverSchool.github.io/JenkinsQA_2024_fall/2758//#testresult/a03c0cb7b5d5e0b2","status":"passed","time":{"start":1738697035993,"stop":1738697036671,"duration":678}},{"uid":"fe0b13d6ea077090","reportUrl":"https://RedRoverSchool.github.io/JenkinsQA_2024_fall/2757//#testresult/fe0b13d6ea077090","status":"passed","time":{"start":1738691098130,"stop":1738691098872,"duration":742}},{"uid":"158ecaf4f506fb8b","reportUrl":"https://RedRoverSchool.github.io/JenkinsQA_2024_fall/2756//#testresult/158ecaf4f506fb8b","status":"passed","time":{"start":1738657851876,"stop":1738657852095,"duration":219}}]},"tags":[]},"source":"fb9fe5078f439b7b.json","parameterValues":[]}