{"uid":"55145515b0e1ff50","name":"testCreateFreestyleProjectAndGetByName","fullName":"school.redrover.api.restassured.FreestyleProjectApiTest.testCreateFreestyleProjectAndGetByName","historyId":"cff45556d0fc0dface1c18285185f0b8","time":{"start":1739883943811,"stop":1739883944019,"duration":208},"description":"00.001.01 Create Freestyle Project  with valid name","descriptionHtml":"<p>00.001.01 Create Freestyle Project  with valid name</p>\n","status":"failed","statusMessage":"1 expectation failed.\nExpected status code <200> but was <400>.\n","statusTrace":"java.lang.AssertionError: 1 expectation failed.\nExpected status code <200> but was <400>.\n\n\tat java.base/jdk.internal.reflect.NativeConstructorAccessorImpl.newInstance0(Native Method)\n\tat java.base/jdk.internal.reflect.NativeConstructorAccessorImpl.newInstance(NativeConstructorAccessorImpl.java:77)\n\tat java.base/jdk.internal.reflect.DelegatingConstructorAccessorImpl.newInstance(DelegatingConstructorAccessorImpl.java:45)\n\tat java.base/java.lang.reflect.Constructor.newInstanceWithCaller(Constructor.java:500)\n\tat java.base/java.lang.reflect.Constructor.newInstance(Constructor.java:481)\n\tat org.codehaus.groovy.reflection.CachedConstructor.invoke(CachedConstructor.java:73)\n\tat org.codehaus.groovy.runtime.callsite.ConstructorSite$ConstructorSiteNoUnwrapNoCoerce.callConstructor(ConstructorSite.java:108)\n\tat org.codehaus.groovy.runtime.callsite.CallSiteArray.defaultCallConstructor(CallSiteArray.java:57)\n\tat org.codehaus.groovy.runtime.callsite.AbstractCallSite.callConstructor(AbstractCallSite.java:263)\n\tat org.codehaus.groovy.runtime.callsite.AbstractCallSite.callConstructor(AbstractCallSite.java:277)\n\tat io.restassured.internal.ResponseSpecificationImpl$HamcrestAssertionClosure.validate(ResponseSpecificationImpl.groovy:512)\n\tat io.restassured.internal.ResponseSpecificationImpl$HamcrestAssertionClosure$validate$1.call(Unknown Source)\n\tat io.restassured.internal.ResponseSpecificationImpl.validate(ResponseSpecificationImpl.groovy:101)\n\tat io.restassured.internal.ValidatableResponseOptionsImpl.spec(ValidatableResponseOptionsImpl.java:288)\n\tat school.redrover.api.restassured.FreestyleProjectApiTest.testCreateFreestyleProjectAndGetByName(FreestyleProjectApiTest.java:48)\n\tat java.base/jdk.internal.reflect.NativeMethodAccessorImpl.invoke0(Native Method)\n\tat java.base/jdk.internal.reflect.NativeMethodAccessorImpl.invoke(NativeMethodAccessorImpl.java:77)\n\tat java.base/jdk.internal.reflect.DelegatingMethodAccessorImpl.invoke(DelegatingMethodAccessorImpl.java:43)\n\tat java.base/java.lang.reflect.Method.invoke(Method.java:569)\n\tat org.testng.internal.invokers.MethodInvocationHelper.invokeMethod(MethodInvocationHelper.java:141)\n\tat org.testng.internal.invokers.TestInvoker.invokeMethod(TestInvoker.java:686)\n\tat org.testng.internal.invokers.TestInvoker.invokeTestMethod(TestInvoker.java:230)\n\tat org.testng.internal.invokers.MethodRunner.runInSequence(MethodRunner.java:63)\n\tat org.testng.internal.invokers.TestInvoker$MethodInvocationAgent.invoke(TestInvoker.java:992)\n\tat org.testng.internal.invokers.TestInvoker.invokeTestMethods(TestInvoker.java:203)\n\tat org.testng.internal.invokers.TestMethodWorker.invokeTestMethods(TestMethodWorker.java:154)\n\tat org.testng.internal.invokers.TestMethodWorker.run(TestMethodWorker.java:134)\n\tat java.base/java.util.ArrayList.forEach(ArrayList.java:1511)\n\tat org.testng.TestRunner.privateRun(TestRunner.java:739)\n\tat org.testng.TestRunner.run(TestRunner.java:614)\n\tat org.testng.SuiteRunner.runTest(SuiteRunner.java:421)\n\tat org.testng.SuiteRunner.runSequentially(SuiteRunner.java:413)\n\tat org.testng.SuiteRunner.privateRun(SuiteRunner.java:373)\n\tat org.testng.SuiteRunner.run(SuiteRunner.java:312)\n\tat org.testng.SuiteRunnerWorker.runSuite(SuiteRunnerWorker.java:52)\n\tat org.testng.SuiteRunnerWorker.run(SuiteRunnerWorker.java:95)\n\tat org.testng.TestNG.runSuitesSequentially(TestNG.java:1274)\n\tat org.testng.TestNG.runSuitesLocally(TestNG.java:1208)\n\tat org.testng.TestNG.runSuites(TestNG.java:1112)\n\tat org.testng.TestNG.run(TestNG.java:1079)\n\tat org.apache.maven.surefire.testng.TestNGExecutor.run(TestNGExecutor.java:155)\n\tat org.apache.maven.surefire.testng.TestNGDirectoryTestSuite.executeMulti(TestNGDirectoryTestSuite.java:169)\n\tat org.apache.maven.surefire.testng.TestNGDirectoryTestSuite.execute(TestNGDirectoryTestSuite.java:88)\n\tat org.apache.maven.surefire.testng.TestNGProvider.invoke(TestNGProvider.java:137)\n\tat org.apache.maven.surefire.booter.ForkedBooter.runSuitesInProcess(ForkedBooter.java:385)\n\tat org.apache.maven.surefire.booter.ForkedBooter.execute(ForkedBooter.java:162)\n\tat org.apache.maven.surefire.booter.ForkedBooter.run(ForkedBooter.java:507)\n\tat org.apache.maven.surefire.booter.ForkedBooter.main(ForkedBooter.java:495)\n","flaky":false,"newFailed":true,"newBroken":false,"newPassed":false,"retriesCount":0,"retriesStatusChange":false,"beforeStages":[{"name":"setup","time":{"start":1739883942678,"stop":1739883943037,"duration":359},"description":"","status":"passed","steps":[],"attachments":[],"parameters":[],"shouldDisplayMessage":false,"stepsCount":0,"attachmentsCount":0,"hasContent":false,"attachmentStep":false},{"name":"stubs","time":{"start":1739883943037,"stop":1739883943038,"duration":1},"description":"","status":"passed","steps":[],"attachments":[],"parameters":[],"shouldDisplayMessage":false,"stepsCount":0,"attachmentsCount":0,"hasContent":false,"attachmentStep":false}],"testStage":{"description":"00.001.01 Create Freestyle Project  with valid name","status":"failed","statusMessage":"1 expectation failed.\nExpected status code <200> but was <400>.\n","statusTrace":"java.lang.AssertionError: 1 expectation failed.\nExpected status code <200> but was <400>.\n\n\tat java.base/jdk.internal.reflect.NativeConstructorAccessorImpl.newInstance0(Native Method)\n\tat java.base/jdk.internal.reflect.NativeConstructorAccessorImpl.newInstance(NativeConstructorAccessorImpl.java:77)\n\tat java.base/jdk.internal.reflect.DelegatingConstructorAccessorImpl.newInstance(DelegatingConstructorAccessorImpl.java:45)\n\tat java.base/java.lang.reflect.Constructor.newInstanceWithCaller(Constructor.java:500)\n\tat java.base/java.lang.reflect.Constructor.newInstance(Constructor.java:481)\n\tat org.codehaus.groovy.reflection.CachedConstructor.invoke(CachedConstructor.java:73)\n\tat org.codehaus.groovy.runtime.callsite.ConstructorSite$ConstructorSiteNoUnwrapNoCoerce.callConstructor(ConstructorSite.java:108)\n\tat org.codehaus.groovy.runtime.callsite.CallSiteArray.defaultCallConstructor(CallSiteArray.java:57)\n\tat org.codehaus.groovy.runtime.callsite.AbstractCallSite.callConstructor(AbstractCallSite.java:263)\n\tat org.codehaus.groovy.runtime.callsite.AbstractCallSite.callConstructor(AbstractCallSite.java:277)\n\tat io.restassured.internal.ResponseSpecificationImpl$HamcrestAssertionClosure.validate(ResponseSpecificationImpl.groovy:512)\n\tat io.restassured.internal.ResponseSpecificationImpl$HamcrestAssertionClosure$validate$1.call(Unknown Source)\n\tat io.restassured.internal.ResponseSpecificationImpl.validate(ResponseSpecificationImpl.groovy:101)\n\tat io.restassured.internal.ValidatableResponseOptionsImpl.spec(ValidatableResponseOptionsImpl.java:288)\n\tat school.redrover.api.restassured.FreestyleProjectApiTest.testCreateFreestyleProjectAndGetByName(FreestyleProjectApiTest.java:48)\n\tat java.base/jdk.internal.reflect.NativeMethodAccessorImpl.invoke0(Native Method)\n\tat java.base/jdk.internal.reflect.NativeMethodAccessorImpl.invoke(NativeMethodAccessorImpl.java:77)\n\tat java.base/jdk.internal.reflect.DelegatingMethodAccessorImpl.invoke(DelegatingMethodAccessorImpl.java:43)\n\tat java.base/java.lang.reflect.Method.invoke(Method.java:569)\n\tat org.testng.internal.invokers.MethodInvocationHelper.invokeMethod(MethodInvocationHelper.java:141)\n\tat org.testng.internal.invokers.TestInvoker.invokeMethod(TestInvoker.java:686)\n\tat org.testng.internal.invokers.TestInvoker.invokeTestMethod(TestInvoker.java:230)\n\tat org.testng.internal.invokers.MethodRunner.runInSequence(MethodRunner.java:63)\n\tat org.testng.internal.invokers.TestInvoker$MethodInvocationAgent.invoke(TestInvoker.java:992)\n\tat org.testng.internal.invokers.TestInvoker.invokeTestMethods(TestInvoker.java:203)\n\tat org.testng.internal.invokers.TestMethodWorker.invokeTestMethods(TestMethodWorker.java:154)\n\tat org.testng.internal.invokers.TestMethodWorker.run(TestMethodWorker.java:134)\n\tat java.base/java.util.ArrayList.forEach(ArrayList.java:1511)\n\tat org.testng.TestRunner.privateRun(TestRunner.java:739)\n\tat org.testng.TestRunner.run(TestRunner.java:614)\n\tat org.testng.SuiteRunner.runTest(SuiteRunner.java:421)\n\tat org.testng.SuiteRunner.runSequentially(SuiteRunner.java:413)\n\tat org.testng.SuiteRunner.privateRun(SuiteRunner.java:373)\n\tat org.testng.SuiteRunner.run(SuiteRunner.java:312)\n\tat org.testng.SuiteRunnerWorker.runSuite(SuiteRunnerWorker.java:52)\n\tat org.testng.SuiteRunnerWorker.run(SuiteRunnerWorker.java:95)\n\tat org.testng.TestNG.runSuitesSequentially(TestNG.java:1274)\n\tat org.testng.TestNG.runSuitesLocally(TestNG.java:1208)\n\tat org.testng.TestNG.runSuites(TestNG.java:1112)\n\tat org.testng.TestNG.run(TestNG.java:1079)\n\tat org.apache.maven.surefire.testng.TestNGExecutor.run(TestNGExecutor.java:155)\n\tat org.apache.maven.surefire.testng.TestNGDirectoryTestSuite.executeMulti(TestNGDirectoryTestSuite.java:169)\n\tat org.apache.maven.surefire.testng.TestNGDirectoryTestSuite.execute(TestNGDirectoryTestSuite.java:88)\n\tat org.apache.maven.surefire.testng.TestNGProvider.invoke(TestNGProvider.java:137)\n\tat org.apache.maven.surefire.booter.ForkedBooter.runSuitesInProcess(ForkedBooter.java:385)\n\tat org.apache.maven.surefire.booter.ForkedBooter.execute(ForkedBooter.java:162)\n\tat org.apache.maven.surefire.booter.ForkedBooter.run(ForkedBooter.java:507)\n\tat org.apache.maven.surefire.booter.ForkedBooter.main(ForkedBooter.java:495)\n","steps":[{"name":"Read payload 'create-empty-freestyle-project.xml'","time":{"start":1739883943812,"stop":1739883943812,"duration":0},"status":"passed","steps":[],"attachments":[],"parameters":[{"name":"name","value":"create-empty-freestyle-project.xml"}],"shouldDisplayMessage":false,"stepsCount":0,"attachmentsCount":0,"hasContent":true,"attachmentStep":false}],"attachments":[{"uid":"6820dd7aa352079d","name":"Request","source":"6820dd7aa352079d.html","type":"text/html","size":1960},{"uid":"d992d72a054f86ed","name":"HTTP/1.1 400 Bad Request","source":"d992d72a054f86ed.html","type":"text/html","size":80270}],"parameters":[],"shouldDisplayMessage":true,"stepsCount":1,"attachmentsCount":2,"hasContent":true,"attachmentStep":false},"afterStages":[{"name":"teardown","time":{"start":1739883944411,"stop":1739883944411,"duration":0},"description":"","status":"passed","steps":[],"attachments":[],"parameters":[],"shouldDisplayMessage":false,"stepsCount":0,"attachmentsCount":0,"hasContent":false,"attachmentStep":false}],"labels":[{"name":"package","value":"school.redrover.api.restassured.FreestyleProjectApiTest"},{"name":"testClass","value":"school.redrover.api.restassured.FreestyleProjectApiTest"},{"name":"testMethod","value":"testCreateFreestyleProjectAndGetByName"},{"name":"parentSuite","value":"Surefire suite"},{"name":"suite","value":"Surefire test"},{"name":"subSuite","value":"school.redrover.api.restassured.FreestyleProjectApiTest"},{"name":"host","value":"fv-az1441-723"},{"name":"thread","value":"2738@fv-az1441-723.main(1)"},{"name":"framework","value":"testng"},{"name":"language","value":"java"},{"name":"epic","value":"API"},{"name":"feature","value":"Freestyle project"},{"name":"resultFormat","value":"allure2"}],"parameters":[],"links":[],"hidden":false,"retry":false,"extra":{"severity":"normal","retries":[],"categories":[{"name":"Product defects","matchedStatuses":[],"flaky":false}],"history":{"statistic":{"failed":1,"broken":0,"skipped":0,"passed":57,"unknown":0,"total":58},"items":[{"uid":"427de665d93dcbe","reportUrl":"https://RedRoverSchool.github.io/JenkinsQA_2024_fall/2823//#testresult/427de665d93dcbe","status":"passed","time":{"start":1739883599410,"stop":1739883599929,"duration":519}},{"uid":"b2306e2d8ab88120","reportUrl":"https://RedRoverSchool.github.io/JenkinsQA_2024_fall/2823//#testresult/b2306e2d8ab88120","status":"passed","time":{"start":1739883183712,"stop":1739883184257,"duration":545}},{"uid":"c8f2502183ad7360","reportUrl":"https://RedRoverSchool.github.io/JenkinsQA_2024_fall/2822//#testresult/c8f2502183ad7360","status":"passed","time":{"start":1739882652169,"stop":1739882652909,"duration":740}},{"uid":"493bd73b4c63071e","reportUrl":"https://RedRoverSchool.github.io/JenkinsQA_2024_fall/2822//#testresult/493bd73b4c63071e","status":"passed","time":{"start":1739882266070,"stop":1739882266757,"duration":687}},{"uid":"935dfbaae85a38b6","reportUrl":"https://RedRoverSchool.github.io/JenkinsQA_2024_fall/2820//#testresult/935dfbaae85a38b6","status":"passed","time":{"start":1739858424737,"stop":1739858424918,"duration":181}},{"uid":"3179dd457d5627b","reportUrl":"https://RedRoverSchool.github.io/JenkinsQA_2024_fall/2820//#testresult/3179dd457d5627b","status":"passed","time":{"start":1739857122657,"stop":1739857122844,"duration":187}},{"uid":"9005cd0df925e7ec","reportUrl":"https://RedRoverSchool.github.io/JenkinsQA_2024_fall/2819//#testresult/9005cd0df925e7ec","status":"passed","time":{"start":1739766029896,"stop":1739766030083,"duration":187}},{"uid":"e8b3c6da40c2e6fc","reportUrl":"https://RedRoverSchool.github.io/JenkinsQA_2024_fall/2818//#testresult/e8b3c6da40c2e6fc","status":"passed","time":{"start":1739647433140,"stop":1739647433332,"duration":192}},{"uid":"e6c2e9e0173d72c3","reportUrl":"https://RedRoverSchool.github.io/JenkinsQA_2024_fall/2817//#testresult/e6c2e9e0173d72c3","status":"passed","time":{"start":1739631630104,"stop":1739631630293,"duration":189}},{"uid":"38b0200eb00fbe94","reportUrl":"https://RedRoverSchool.github.io/JenkinsQA_2024_fall/2816//#testresult/38b0200eb00fbe94","status":"passed","time":{"start":1739625620431,"stop":1739625620612,"duration":181}},{"uid":"90d064e8d750fea1","reportUrl":"https://RedRoverSchool.github.io/JenkinsQA_2024_fall/2815//#testresult/90d064e8d750fea1","status":"passed","time":{"start":1739622238791,"stop":1739622238976,"duration":185}},{"uid":"7847cc57579ff7b3","reportUrl":"https://RedRoverSchool.github.io/JenkinsQA_2024_fall/2814//#testresult/7847cc57579ff7b3","status":"passed","time":{"start":1739615765035,"stop":1739615765224,"duration":189}},{"uid":"a2a47078b7ea2632","reportUrl":"https://RedRoverSchool.github.io/JenkinsQA_2024_fall/2813//#testresult/a2a47078b7ea2632","status":"passed","time":{"start":1739614535516,"stop":1739614535708,"duration":192}},{"uid":"5f88d676cdd342dd","reportUrl":"https://RedRoverSchool.github.io/JenkinsQA_2024_fall/2812//#testresult/5f88d676cdd342dd","status":"passed","time":{"start":1739528504488,"stop":1739528504672,"duration":184}},{"uid":"b4113be0de513e61","reportUrl":"https://RedRoverSchool.github.io/JenkinsQA_2024_fall/2811//#testresult/b4113be0de513e61","status":"passed","time":{"start":1739476994630,"stop":1739476994823,"duration":193}},{"uid":"4fcc4b9850ef66e1","reportUrl":"https://RedRoverSchool.github.io/JenkinsQA_2024_fall/2810//#testresult/4fcc4b9850ef66e1","status":"passed","time":{"start":1739469096603,"stop":1739469096792,"duration":189}},{"uid":"343758e6acbf7671","reportUrl":"https://RedRoverSchool.github.io/JenkinsQA_2024_fall/2808//#testresult/343758e6acbf7671","status":"passed","time":{"start":1739379634259,"stop":1739379634447,"duration":188}},{"uid":"78c0c84444d0b369","reportUrl":"https://RedRoverSchool.github.io/JenkinsQA_2024_fall/2808//#testresult/78c0c84444d0b369","status":"passed","time":{"start":1739378347512,"stop":1739378347704,"duration":192}},{"uid":"8e14491f21f7e791","reportUrl":"https://RedRoverSchool.github.io/JenkinsQA_2024_fall/2803//#testresult/8e14491f21f7e791","status":"passed","time":{"start":1739241116687,"stop":1739241116884,"duration":197}},{"uid":"70627081ecf53a68","reportUrl":"https://RedRoverSchool.github.io/JenkinsQA_2024_fall/2797//#testresult/70627081ecf53a68","status":"passed","time":{"start":1739176125848,"stop":1739176127175,"duration":1327}}]},"tags":[]},"source":"55145515b0e1ff50.json","parameterValues":[]}