{"uid":"5c611076119aa9a2","name":"testCreateProjectWithUnsafeCharacter","fullName":"school.redrover.api.restassured.PipelineApiTest.testCreateProjectWithUnsafeCharacter","historyId":"7ede7244d807b0b73e26fd823b7f658b","time":{"start":1740495558233,"stop":1740495558335,"duration":102},"description":"014 Create Pipeline project with unsafe character","descriptionHtml":"<p>014 Create Pipeline project with unsafe character</p>\n","status":"failed","statusMessage":"expected [404] but found [400]","statusTrace":"java.lang.AssertionError: expected [404] but found [400]\n\tat org.testng.Assert.fail(Assert.java:111)\n\tat org.testng.Assert.failNotEquals(Assert.java:1578)\n\tat org.testng.Assert.assertEqualsImpl(Assert.java:150)\n\tat org.testng.Assert.assertEquals(Assert.java:132)\n\tat org.testng.Assert.assertEquals(Assert.java:1419)\n\tat org.testng.Assert.assertEquals(Assert.java:1383)\n\tat org.testng.Assert.assertEquals(Assert.java:1429)\n\tat school.redrover.api.restassured.PipelineApiTest.testCreateProjectWithUnsafeCharacter(PipelineApiTest.java:92)\n\tat java.base/jdk.internal.reflect.NativeMethodAccessorImpl.invoke0(Native Method)\n\tat java.base/jdk.internal.reflect.NativeMethodAccessorImpl.invoke(NativeMethodAccessorImpl.java:77)\n\tat java.base/jdk.internal.reflect.DelegatingMethodAccessorImpl.invoke(DelegatingMethodAccessorImpl.java:43)\n\tat java.base/java.lang.reflect.Method.invoke(Method.java:569)\n\tat org.testng.internal.invokers.MethodInvocationHelper.invokeMethod(MethodInvocationHelper.java:141)\n\tat org.testng.internal.invokers.TestInvoker.invokeMethod(TestInvoker.java:686)\n\tat org.testng.internal.invokers.TestInvoker.invokeTestMethod(TestInvoker.java:230)\n\tat org.testng.internal.invokers.MethodRunner.runInSequence(MethodRunner.java:63)\n\tat org.testng.internal.invokers.TestInvoker$MethodInvocationAgent.invoke(TestInvoker.java:992)\n\tat org.testng.internal.invokers.TestInvoker.invokeTestMethods(TestInvoker.java:203)\n\tat org.testng.internal.invokers.TestMethodWorker.invokeTestMethods(TestMethodWorker.java:154)\n\tat org.testng.internal.invokers.TestMethodWorker.run(TestMethodWorker.java:134)\n\tat java.base/java.util.ArrayList.forEach(ArrayList.java:1511)\n\tat org.testng.TestRunner.privateRun(TestRunner.java:739)\n\tat org.testng.TestRunner.run(TestRunner.java:614)\n\tat org.testng.SuiteRunner.runTest(SuiteRunner.java:421)\n\tat org.testng.SuiteRunner.runSequentially(SuiteRunner.java:413)\n\tat org.testng.SuiteRunner.privateRun(SuiteRunner.java:373)\n\tat org.testng.SuiteRunner.run(SuiteRunner.java:312)\n\tat org.testng.SuiteRunnerWorker.runSuite(SuiteRunnerWorker.java:52)\n\tat org.testng.SuiteRunnerWorker.run(SuiteRunnerWorker.java:95)\n\tat org.testng.TestNG.runSuitesSequentially(TestNG.java:1274)\n\tat org.testng.TestNG.runSuitesLocally(TestNG.java:1208)\n\tat org.testng.TestNG.runSuites(TestNG.java:1112)\n\tat org.testng.TestNG.run(TestNG.java:1079)\n\tat org.apache.maven.surefire.testng.TestNGExecutor.run(TestNGExecutor.java:155)\n\tat org.apache.maven.surefire.testng.TestNGDirectoryTestSuite.executeMulti(TestNGDirectoryTestSuite.java:169)\n\tat org.apache.maven.surefire.testng.TestNGDirectoryTestSuite.execute(TestNGDirectoryTestSuite.java:88)\n\tat org.apache.maven.surefire.testng.TestNGProvider.invoke(TestNGProvider.java:137)\n\tat org.apache.maven.surefire.booter.ForkedBooter.runSuitesInProcess(ForkedBooter.java:385)\n\tat org.apache.maven.surefire.booter.ForkedBooter.execute(ForkedBooter.java:162)\n\tat org.apache.maven.surefire.booter.ForkedBooter.run(ForkedBooter.java:507)\n\tat org.apache.maven.surefire.booter.ForkedBooter.main(ForkedBooter.java:495)\n","flaky":false,"newFailed":true,"newBroken":false,"newPassed":false,"retriesCount":0,"retriesStatusChange":false,"beforeStages":[{"name":"setup","time":{"start":1740495557782,"stop":1740495558023,"duration":241},"description":"","status":"passed","steps":[],"attachments":[],"parameters":[],"shouldDisplayMessage":false,"stepsCount":0,"attachmentsCount":0,"hasContent":false,"attachmentStep":false}],"testStage":{"description":"014 Create Pipeline project with unsafe character","status":"failed","statusMessage":"expected [404] but found [400]","statusTrace":"java.lang.AssertionError: expected [404] but found [400]\n\tat org.testng.Assert.fail(Assert.java:111)\n\tat org.testng.Assert.failNotEquals(Assert.java:1578)\n\tat org.testng.Assert.assertEqualsImpl(Assert.java:150)\n\tat org.testng.Assert.assertEquals(Assert.java:132)\n\tat org.testng.Assert.assertEquals(Assert.java:1419)\n\tat org.testng.Assert.assertEquals(Assert.java:1383)\n\tat org.testng.Assert.assertEquals(Assert.java:1429)\n\tat school.redrover.api.restassured.PipelineApiTest.testCreateProjectWithUnsafeCharacter(PipelineApiTest.java:92)\n\tat java.base/jdk.internal.reflect.NativeMethodAccessorImpl.invoke0(Native Method)\n\tat java.base/jdk.internal.reflect.NativeMethodAccessorImpl.invoke(NativeMethodAccessorImpl.java:77)\n\tat java.base/jdk.internal.reflect.DelegatingMethodAccessorImpl.invoke(DelegatingMethodAccessorImpl.java:43)\n\tat java.base/java.lang.reflect.Method.invoke(Method.java:569)\n\tat org.testng.internal.invokers.MethodInvocationHelper.invokeMethod(MethodInvocationHelper.java:141)\n\tat org.testng.internal.invokers.TestInvoker.invokeMethod(TestInvoker.java:686)\n\tat org.testng.internal.invokers.TestInvoker.invokeTestMethod(TestInvoker.java:230)\n\tat org.testng.internal.invokers.MethodRunner.runInSequence(MethodRunner.java:63)\n\tat org.testng.internal.invokers.TestInvoker$MethodInvocationAgent.invoke(TestInvoker.java:992)\n\tat org.testng.internal.invokers.TestInvoker.invokeTestMethods(TestInvoker.java:203)\n\tat org.testng.internal.invokers.TestMethodWorker.invokeTestMethods(TestMethodWorker.java:154)\n\tat org.testng.internal.invokers.TestMethodWorker.run(TestMethodWorker.java:134)\n\tat java.base/java.util.ArrayList.forEach(ArrayList.java:1511)\n\tat org.testng.TestRunner.privateRun(TestRunner.java:739)\n\tat org.testng.TestRunner.run(TestRunner.java:614)\n\tat org.testng.SuiteRunner.runTest(SuiteRunner.java:421)\n\tat org.testng.SuiteRunner.runSequentially(SuiteRunner.java:413)\n\tat org.testng.SuiteRunner.privateRun(SuiteRunner.java:373)\n\tat org.testng.SuiteRunner.run(SuiteRunner.java:312)\n\tat org.testng.SuiteRunnerWorker.runSuite(SuiteRunnerWorker.java:52)\n\tat org.testng.SuiteRunnerWorker.run(SuiteRunnerWorker.java:95)\n\tat org.testng.TestNG.runSuitesSequentially(TestNG.java:1274)\n\tat org.testng.TestNG.runSuitesLocally(TestNG.java:1208)\n\tat org.testng.TestNG.runSuites(TestNG.java:1112)\n\tat org.testng.TestNG.run(TestNG.java:1079)\n\tat org.apache.maven.surefire.testng.TestNGExecutor.run(TestNGExecutor.java:155)\n\tat org.apache.maven.surefire.testng.TestNGDirectoryTestSuite.executeMulti(TestNGDirectoryTestSuite.java:169)\n\tat org.apache.maven.surefire.testng.TestNGDirectoryTestSuite.execute(TestNGDirectoryTestSuite.java:88)\n\tat org.apache.maven.surefire.testng.TestNGProvider.invoke(TestNGProvider.java:137)\n\tat org.apache.maven.surefire.booter.ForkedBooter.runSuitesInProcess(ForkedBooter.java:385)\n\tat org.apache.maven.surefire.booter.ForkedBooter.execute(ForkedBooter.java:162)\n\tat org.apache.maven.surefire.booter.ForkedBooter.run(ForkedBooter.java:507)\n\tat org.apache.maven.surefire.booter.ForkedBooter.main(ForkedBooter.java:495)\n","steps":[],"attachments":[{"uid":"7d14f075017fdbad","name":"Request","source":"7d14f075017fdbad.html","type":"text/html","size":1610},{"uid":"dee5024645d783f","name":"HTTP/1.1 400 Bad Request","source":"dee5024645d783f.html","type":"text/html","size":80379}],"parameters":[],"shouldDisplayMessage":true,"stepsCount":0,"attachmentsCount":2,"hasContent":true,"attachmentStep":false},"afterStages":[{"name":"teardown","time":{"start":1740495562238,"stop":1740495562238,"duration":0},"description":"","status":"passed","steps":[],"attachments":[],"parameters":[],"shouldDisplayMessage":false,"stepsCount":0,"attachmentsCount":0,"hasContent":false,"attachmentStep":false}],"labels":[{"name":"package","value":"school.redrover.api.restassured.PipelineApiTest"},{"name":"testClass","value":"school.redrover.api.restassured.PipelineApiTest"},{"name":"testMethod","value":"testCreateProjectWithUnsafeCharacter"},{"name":"parentSuite","value":"Surefire suite"},{"name":"suite","value":"Surefire test"},{"name":"subSuite","value":"school.redrover.api.restassured.PipelineApiTest"},{"name":"host","value":"fv-az1118-492"},{"name":"thread","value":"2788@fv-az1118-492.main(1)"},{"name":"framework","value":"testng"},{"name":"language","value":"java"},{"name":"epic","value":"API"},{"name":"feature","value":"Pipeline project"},{"name":"resultFormat","value":"allure2"}],"parameters":[{"name":"arg0","value":"]"}],"links":[],"hidden":false,"retry":false,"extra":{"severity":"normal","retries":[],"categories":[{"name":"Product defects","matchedStatuses":[],"flaky":false}],"history":{"statistic":{"failed":1,"broken":0,"skipped":0,"passed":11,"unknown":0,"total":12},"items":[{"uid":"daf02da6da03f82a","reportUrl":"https://RedRoverSchool.github.io/JenkinsQA_2024_fall/2842//#testresult/daf02da6da03f82a","status":"passed","time":{"start":1740476024586,"stop":1740476024686,"duration":100}},{"uid":"5cd85e0b5fde4b02","reportUrl":"https://RedRoverSchool.github.io/JenkinsQA_2024_fall/2840//#testresult/5cd85e0b5fde4b02","status":"passed","time":{"start":1740453693215,"stop":1740453693315,"duration":100}},{"uid":"47115559d0c24eae","reportUrl":"https://RedRoverSchool.github.io/JenkinsQA_2024_fall/2839//#testresult/47115559d0c24eae","status":"passed","time":{"start":1740412727381,"stop":1740412727481,"duration":100}},{"uid":"104466863f0fe617","reportUrl":"https://RedRoverSchool.github.io/JenkinsQA_2024_fall/2838//#testresult/104466863f0fe617","status":"passed","time":{"start":1740382556118,"stop":1740382556219,"duration":101}},{"uid":"822d9684c7bdb7b2","reportUrl":"https://RedRoverSchool.github.io/JenkinsQA_2024_fall/2836//#testresult/822d9684c7bdb7b2","status":"passed","time":{"start":1740366216035,"stop":1740366216135,"duration":100}},{"uid":"46f5da0b53ed102f","reportUrl":"https://RedRoverSchool.github.io/JenkinsQA_2024_fall/2835//#testresult/46f5da0b53ed102f","status":"passed","time":{"start":1740306012686,"stop":1740306012785,"duration":99}},{"uid":"2606fc85734e58c4","reportUrl":"https://RedRoverSchool.github.io/JenkinsQA_2024_fall/2834//#testresult/2606fc85734e58c4","status":"passed","time":{"start":1740206950706,"stop":1740206950803,"duration":97}},{"uid":"6ff4d9b2f4746d5b","reportUrl":"https://RedRoverSchool.github.io/JenkinsQA_2024_fall/2833//#testresult/6ff4d9b2f4746d5b","status":"passed","time":{"start":1740195331886,"stop":1740195331982,"duration":96}},{"uid":"adf5c999b811b413","reportUrl":"https://RedRoverSchool.github.io/JenkinsQA_2024_fall/2832//#testresult/adf5c999b811b413","status":"passed","time":{"start":1740144977931,"stop":1740144978027,"duration":96}},{"uid":"2bec33f86fbf1c1e","reportUrl":"https://RedRoverSchool.github.io/JenkinsQA_2024_fall/2827//#testresult/2bec33f86fbf1c1e","status":"passed","time":{"start":1739906833335,"stop":1739906833432,"duration":97}},{"uid":"3421469dbc7de296","reportUrl":"https://RedRoverSchool.github.io/JenkinsQA_2024_fall/2826//#testresult/3421469dbc7de296","status":"passed","time":{"start":1739891051037,"stop":1739891051134,"duration":97}}]},"tags":[]},"source":"5c611076119aa9a2.json","parameterValues":["]"]}