{"uid":"7310a6c9dc9c9584","name":"testCreateProjectWithUnsafeCharacter","fullName":"school.redrover.api.restassured.PipelineApiTest.testCreateProjectWithUnsafeCharacter","historyId":"65ffefdc6bd7232d13aaccbdd492b1eb","time":{"start":1740495558972,"stop":1740495559072,"duration":100},"description":"014 Create Pipeline project with unsafe character","descriptionHtml":"<p>014 Create Pipeline project with unsafe character</p>\n","status":"failed","statusMessage":"expected [404] but found [400]","statusTrace":"java.lang.AssertionError: expected [404] but found [400]\n\tat org.testng.Assert.fail(Assert.java:111)\n\tat org.testng.Assert.failNotEquals(Assert.java:1578)\n\tat org.testng.Assert.assertEqualsImpl(Assert.java:150)\n\tat org.testng.Assert.assertEquals(Assert.java:132)\n\tat org.testng.Assert.assertEquals(Assert.java:1419)\n\tat org.testng.Assert.assertEquals(Assert.java:1383)\n\tat org.testng.Assert.assertEquals(Assert.java:1429)\n\tat school.redrover.api.restassured.PipelineApiTest.testCreateProjectWithUnsafeCharacter(PipelineApiTest.java:92)\n\tat java.base/jdk.internal.reflect.NativeMethodAccessorImpl.invoke0(Native Method)\n\tat java.base/jdk.internal.reflect.NativeMethodAccessorImpl.invoke(NativeMethodAccessorImpl.java:77)\n\tat java.base/jdk.internal.reflect.DelegatingMethodAccessorImpl.invoke(DelegatingMethodAccessorImpl.java:43)\n\tat java.base/java.lang.reflect.Method.invoke(Method.java:569)\n\tat org.testng.internal.invokers.MethodInvocationHelper.invokeMethod(MethodInvocationHelper.java:141)\n\tat org.testng.internal.invokers.TestInvoker.invokeMethod(TestInvoker.java:686)\n\tat org.testng.internal.invokers.TestInvoker.invokeTestMethod(TestInvoker.java:230)\n\tat org.testng.internal.invokers.MethodRunner.runInSequence(MethodRunner.java:63)\n\tat org.testng.internal.invokers.TestInvoker$MethodInvocationAgent.invoke(TestInvoker.java:992)\n\tat org.testng.internal.invokers.TestInvoker.invokeTestMethods(TestInvoker.java:203)\n\tat org.testng.internal.invokers.TestMethodWorker.invokeTestMethods(TestMethodWorker.java:154)\n\tat org.testng.internal.invokers.TestMethodWorker.run(TestMethodWorker.java:134)\n\tat java.base/java.util.ArrayList.forEach(ArrayList.java:1511)\n\tat org.testng.TestRunner.privateRun(TestRunner.java:739)\n\tat org.testng.TestRunner.run(TestRunner.java:614)\n\tat org.testng.SuiteRunner.runTest(SuiteRunner.java:421)\n\tat org.testng.SuiteRunner.runSequentially(SuiteRunner.java:413)\n\tat org.testng.SuiteRunner.privateRun(SuiteRunner.java:373)\n\tat org.testng.SuiteRunner.run(SuiteRunner.java:312)\n\tat org.testng.SuiteRunnerWorker.runSuite(SuiteRunnerWorker.java:52)\n\tat org.testng.SuiteRunnerWorker.run(SuiteRunnerWorker.java:95)\n\tat org.testng.TestNG.runSuitesSequentially(TestNG.java:1274)\n\tat org.testng.TestNG.runSuitesLocally(TestNG.java:1208)\n\tat org.testng.TestNG.runSuites(TestNG.java:1112)\n\tat org.testng.TestNG.run(TestNG.java:1079)\n\tat org.apache.maven.surefire.testng.TestNGExecutor.run(TestNGExecutor.java:155)\n\tat org.apache.maven.surefire.testng.TestNGDirectoryTestSuite.executeMulti(TestNGDirectoryTestSuite.java:169)\n\tat org.apache.maven.surefire.testng.TestNGDirectoryTestSuite.execute(TestNGDirectoryTestSuite.java:88)\n\tat org.apache.maven.surefire.testng.TestNGProvider.invoke(TestNGProvider.java:137)\n\tat org.apache.maven.surefire.booter.ForkedBooter.runSuitesInProcess(ForkedBooter.java:385)\n\tat org.apache.maven.surefire.booter.ForkedBooter.execute(ForkedBooter.java:162)\n\tat org.apache.maven.surefire.booter.ForkedBooter.run(ForkedBooter.java:507)\n\tat org.apache.maven.surefire.booter.ForkedBooter.main(ForkedBooter.java:495)\n","flaky":false,"newFailed":true,"newBroken":false,"newPassed":false,"retriesCount":0,"retriesStatusChange":false,"beforeStages":[{"name":"setup","time":{"start":1740495557782,"stop":1740495558023,"duration":241},"description":"","status":"passed","steps":[],"attachments":[],"parameters":[],"shouldDisplayMessage":false,"stepsCount":0,"attachmentsCount":0,"hasContent":false,"attachmentStep":false}],"testStage":{"description":"014 Create Pipeline project with unsafe character","status":"failed","statusMessage":"expected [404] but found [400]","statusTrace":"java.lang.AssertionError: expected [404] but found [400]\n\tat org.testng.Assert.fail(Assert.java:111)\n\tat org.testng.Assert.failNotEquals(Assert.java:1578)\n\tat org.testng.Assert.assertEqualsImpl(Assert.java:150)\n\tat org.testng.Assert.assertEquals(Assert.java:132)\n\tat org.testng.Assert.assertEquals(Assert.java:1419)\n\tat org.testng.Assert.assertEquals(Assert.java:1383)\n\tat org.testng.Assert.assertEquals(Assert.java:1429)\n\tat school.redrover.api.restassured.PipelineApiTest.testCreateProjectWithUnsafeCharacter(PipelineApiTest.java:92)\n\tat java.base/jdk.internal.reflect.NativeMethodAccessorImpl.invoke0(Native Method)\n\tat java.base/jdk.internal.reflect.NativeMethodAccessorImpl.invoke(NativeMethodAccessorImpl.java:77)\n\tat java.base/jdk.internal.reflect.DelegatingMethodAccessorImpl.invoke(DelegatingMethodAccessorImpl.java:43)\n\tat java.base/java.lang.reflect.Method.invoke(Method.java:569)\n\tat org.testng.internal.invokers.MethodInvocationHelper.invokeMethod(MethodInvocationHelper.java:141)\n\tat org.testng.internal.invokers.TestInvoker.invokeMethod(TestInvoker.java:686)\n\tat org.testng.internal.invokers.TestInvoker.invokeTestMethod(TestInvoker.java:230)\n\tat org.testng.internal.invokers.MethodRunner.runInSequence(MethodRunner.java:63)\n\tat org.testng.internal.invokers.TestInvoker$MethodInvocationAgent.invoke(TestInvoker.java:992)\n\tat org.testng.internal.invokers.TestInvoker.invokeTestMethods(TestInvoker.java:203)\n\tat org.testng.internal.invokers.TestMethodWorker.invokeTestMethods(TestMethodWorker.java:154)\n\tat org.testng.internal.invokers.TestMethodWorker.run(TestMethodWorker.java:134)\n\tat java.base/java.util.ArrayList.forEach(ArrayList.java:1511)\n\tat org.testng.TestRunner.privateRun(TestRunner.java:739)\n\tat org.testng.TestRunner.run(TestRunner.java:614)\n\tat org.testng.SuiteRunner.runTest(SuiteRunner.java:421)\n\tat org.testng.SuiteRunner.runSequentially(SuiteRunner.java:413)\n\tat org.testng.SuiteRunner.privateRun(SuiteRunner.java:373)\n\tat org.testng.SuiteRunner.run(SuiteRunner.java:312)\n\tat org.testng.SuiteRunnerWorker.runSuite(SuiteRunnerWorker.java:52)\n\tat org.testng.SuiteRunnerWorker.run(SuiteRunnerWorker.java:95)\n\tat org.testng.TestNG.runSuitesSequentially(TestNG.java:1274)\n\tat org.testng.TestNG.runSuitesLocally(TestNG.java:1208)\n\tat org.testng.TestNG.runSuites(TestNG.java:1112)\n\tat org.testng.TestNG.run(TestNG.java:1079)\n\tat org.apache.maven.surefire.testng.TestNGExecutor.run(TestNGExecutor.java:155)\n\tat org.apache.maven.surefire.testng.TestNGDirectoryTestSuite.executeMulti(TestNGDirectoryTestSuite.java:169)\n\tat org.apache.maven.surefire.testng.TestNGDirectoryTestSuite.execute(TestNGDirectoryTestSuite.java:88)\n\tat org.apache.maven.surefire.testng.TestNGProvider.invoke(TestNGProvider.java:137)\n\tat org.apache.maven.surefire.booter.ForkedBooter.runSuitesInProcess(ForkedBooter.java:385)\n\tat org.apache.maven.surefire.booter.ForkedBooter.execute(ForkedBooter.java:162)\n\tat org.apache.maven.surefire.booter.ForkedBooter.run(ForkedBooter.java:507)\n\tat org.apache.maven.surefire.booter.ForkedBooter.main(ForkedBooter.java:495)\n","steps":[],"attachments":[{"uid":"8e2502d94fde6f87","name":"Request","source":"8e2502d94fde6f87.html","type":"text/html","size":1610},{"uid":"fe18470f155c7790","name":"HTTP/1.1 400 Bad Request","source":"fe18470f155c7790.html","type":"text/html","size":80379}],"parameters":[],"shouldDisplayMessage":true,"stepsCount":0,"attachmentsCount":2,"hasContent":true,"attachmentStep":false},"afterStages":[{"name":"teardown","time":{"start":1740495562238,"stop":1740495562238,"duration":0},"description":"","status":"passed","steps":[],"attachments":[],"parameters":[],"shouldDisplayMessage":false,"stepsCount":0,"attachmentsCount":0,"hasContent":false,"attachmentStep":false}],"labels":[{"name":"package","value":"school.redrover.api.restassured.PipelineApiTest"},{"name":"testClass","value":"school.redrover.api.restassured.PipelineApiTest"},{"name":"testMethod","value":"testCreateProjectWithUnsafeCharacter"},{"name":"parentSuite","value":"Surefire suite"},{"name":"suite","value":"Surefire test"},{"name":"subSuite","value":"school.redrover.api.restassured.PipelineApiTest"},{"name":"host","value":"fv-az1118-492"},{"name":"thread","value":"2788@fv-az1118-492.main(1)"},{"name":"framework","value":"testng"},{"name":"language","value":"java"},{"name":"epic","value":"API"},{"name":"feature","value":"Pipeline project"},{"name":"resultFormat","value":"allure2"}],"parameters":[{"name":"arg0","value":"$"}],"links":[],"hidden":false,"retry":false,"extra":{"severity":"normal","retries":[],"categories":[{"name":"Product defects","matchedStatuses":[],"flaky":false}],"history":{"statistic":{"failed":1,"broken":0,"skipped":0,"passed":11,"unknown":0,"total":12},"items":[{"uid":"9dde842032324d4a","reportUrl":"https://RedRoverSchool.github.io/JenkinsQA_2024_fall/2842//#testresult/9dde842032324d4a","status":"passed","time":{"start":1740476025312,"stop":1740476025413,"duration":101}},{"uid":"7ca410a24fc473ad","reportUrl":"https://RedRoverSchool.github.io/JenkinsQA_2024_fall/2840//#testresult/7ca410a24fc473ad","status":"passed","time":{"start":1740453693942,"stop":1740453694045,"duration":103}},{"uid":"209e81e9238dd35a","reportUrl":"https://RedRoverSchool.github.io/JenkinsQA_2024_fall/2839//#testresult/209e81e9238dd35a","status":"passed","time":{"start":1740412728117,"stop":1740412728232,"duration":115}},{"uid":"9438d81971dbeef5","reportUrl":"https://RedRoverSchool.github.io/JenkinsQA_2024_fall/2838//#testresult/9438d81971dbeef5","status":"passed","time":{"start":1740382556850,"stop":1740382556953,"duration":103}},{"uid":"db3876a46b14f7ac","reportUrl":"https://RedRoverSchool.github.io/JenkinsQA_2024_fall/2836//#testresult/db3876a46b14f7ac","status":"passed","time":{"start":1740366216757,"stop":1740366216862,"duration":105}},{"uid":"b948e6d9d172cdd4","reportUrl":"https://RedRoverSchool.github.io/JenkinsQA_2024_fall/2835//#testresult/b948e6d9d172cdd4","status":"passed","time":{"start":1740306013391,"stop":1740306013489,"duration":98}},{"uid":"6aebe33818db74d1","reportUrl":"https://RedRoverSchool.github.io/JenkinsQA_2024_fall/2834//#testresult/6aebe33818db74d1","status":"passed","time":{"start":1740206951401,"stop":1740206951497,"duration":96}},{"uid":"11000ce89e5337ef","reportUrl":"https://RedRoverSchool.github.io/JenkinsQA_2024_fall/2833//#testresult/11000ce89e5337ef","status":"passed","time":{"start":1740195332569,"stop":1740195332666,"duration":97}},{"uid":"c279f29ab6ca59ad","reportUrl":"https://RedRoverSchool.github.io/JenkinsQA_2024_fall/2832//#testresult/c279f29ab6ca59ad","status":"passed","time":{"start":1740144978612,"stop":1740144978712,"duration":100}},{"uid":"26ac20fc7bb4d9e5","reportUrl":"https://RedRoverSchool.github.io/JenkinsQA_2024_fall/2827//#testresult/26ac20fc7bb4d9e5","status":"passed","time":{"start":1739906834020,"stop":1739906834117,"duration":97}},{"uid":"aa98fdd2a1201b6e","reportUrl":"https://RedRoverSchool.github.io/JenkinsQA_2024_fall/2826//#testresult/aa98fdd2a1201b6e","status":"passed","time":{"start":1739891051722,"stop":1739891051819,"duration":97}}]},"tags":[]},"source":"7310a6c9dc9c9584.json","parameterValues":["$"]}