{"uid":"89c267ebab15d12b","name":"testCreateProjectWithUnsafeCharacter","fullName":"school.redrover.api.restassured.PipelineApiTest.testCreateProjectWithUnsafeCharacter","historyId":"4cf3d5304a34cd0b539ace6a867922b7","time":{"start":1740495559703,"stop":1740495559805,"duration":102},"description":"014 Create Pipeline project with unsafe character","descriptionHtml":"<p>014 Create Pipeline project with unsafe character</p>\n","status":"failed","statusMessage":"expected [404] but found [400]","statusTrace":"java.lang.AssertionError: expected [404] but found [400]\n\tat org.testng.Assert.fail(Assert.java:111)\n\tat org.testng.Assert.failNotEquals(Assert.java:1578)\n\tat org.testng.Assert.assertEqualsImpl(Assert.java:150)\n\tat org.testng.Assert.assertEquals(Assert.java:132)\n\tat org.testng.Assert.assertEquals(Assert.java:1419)\n\tat org.testng.Assert.assertEquals(Assert.java:1383)\n\tat org.testng.Assert.assertEquals(Assert.java:1429)\n\tat school.redrover.api.restassured.PipelineApiTest.testCreateProjectWithUnsafeCharacter(PipelineApiTest.java:92)\n\tat java.base/jdk.internal.reflect.NativeMethodAccessorImpl.invoke0(Native Method)\n\tat java.base/jdk.internal.reflect.NativeMethodAccessorImpl.invoke(NativeMethodAccessorImpl.java:77)\n\tat java.base/jdk.internal.reflect.DelegatingMethodAccessorImpl.invoke(DelegatingMethodAccessorImpl.java:43)\n\tat java.base/java.lang.reflect.Method.invoke(Method.java:569)\n\tat org.testng.internal.invokers.MethodInvocationHelper.invokeMethod(MethodInvocationHelper.java:141)\n\tat org.testng.internal.invokers.TestInvoker.invokeMethod(TestInvoker.java:686)\n\tat org.testng.internal.invokers.TestInvoker.invokeTestMethod(TestInvoker.java:230)\n\tat org.testng.internal.invokers.MethodRunner.runInSequence(MethodRunner.java:63)\n\tat org.testng.internal.invokers.TestInvoker$MethodInvocationAgent.invoke(TestInvoker.java:992)\n\tat org.testng.internal.invokers.TestInvoker.invokeTestMethods(TestInvoker.java:203)\n\tat org.testng.internal.invokers.TestMethodWorker.invokeTestMethods(TestMethodWorker.java:154)\n\tat org.testng.internal.invokers.TestMethodWorker.run(TestMethodWorker.java:134)\n\tat java.base/java.util.ArrayList.forEach(ArrayList.java:1511)\n\tat org.testng.TestRunner.privateRun(TestRunner.java:739)\n\tat org.testng.TestRunner.run(TestRunner.java:614)\n\tat org.testng.SuiteRunner.runTest(SuiteRunner.java:421)\n\tat org.testng.SuiteRunner.runSequentially(SuiteRunner.java:413)\n\tat org.testng.SuiteRunner.privateRun(SuiteRunner.java:373)\n\tat org.testng.SuiteRunner.run(SuiteRunner.java:312)\n\tat org.testng.SuiteRunnerWorker.runSuite(SuiteRunnerWorker.java:52)\n\tat org.testng.SuiteRunnerWorker.run(SuiteRunnerWorker.java:95)\n\tat org.testng.TestNG.runSuitesSequentially(TestNG.java:1274)\n\tat org.testng.TestNG.runSuitesLocally(TestNG.java:1208)\n\tat org.testng.TestNG.runSuites(TestNG.java:1112)\n\tat org.testng.TestNG.run(TestNG.java:1079)\n\tat org.apache.maven.surefire.testng.TestNGExecutor.run(TestNGExecutor.java:155)\n\tat org.apache.maven.surefire.testng.TestNGDirectoryTestSuite.executeMulti(TestNGDirectoryTestSuite.java:169)\n\tat org.apache.maven.surefire.testng.TestNGDirectoryTestSuite.execute(TestNGDirectoryTestSuite.java:88)\n\tat org.apache.maven.surefire.testng.TestNGProvider.invoke(TestNGProvider.java:137)\n\tat org.apache.maven.surefire.booter.ForkedBooter.runSuitesInProcess(ForkedBooter.java:385)\n\tat org.apache.maven.surefire.booter.ForkedBooter.execute(ForkedBooter.java:162)\n\tat org.apache.maven.surefire.booter.ForkedBooter.run(ForkedBooter.java:507)\n\tat org.apache.maven.surefire.booter.ForkedBooter.main(ForkedBooter.java:495)\n","flaky":false,"newFailed":true,"newBroken":false,"newPassed":false,"retriesCount":0,"retriesStatusChange":false,"beforeStages":[{"name":"setup","time":{"start":1740495557782,"stop":1740495558023,"duration":241},"description":"","status":"passed","steps":[],"attachments":[],"parameters":[],"shouldDisplayMessage":false,"stepsCount":0,"attachmentsCount":0,"hasContent":false,"attachmentStep":false}],"testStage":{"description":"014 Create Pipeline project with unsafe character","status":"failed","statusMessage":"expected [404] but found [400]","statusTrace":"java.lang.AssertionError: expected [404] but found [400]\n\tat org.testng.Assert.fail(Assert.java:111)\n\tat org.testng.Assert.failNotEquals(Assert.java:1578)\n\tat org.testng.Assert.assertEqualsImpl(Assert.java:150)\n\tat org.testng.Assert.assertEquals(Assert.java:132)\n\tat org.testng.Assert.assertEquals(Assert.java:1419)\n\tat org.testng.Assert.assertEquals(Assert.java:1383)\n\tat org.testng.Assert.assertEquals(Assert.java:1429)\n\tat school.redrover.api.restassured.PipelineApiTest.testCreateProjectWithUnsafeCharacter(PipelineApiTest.java:92)\n\tat java.base/jdk.internal.reflect.NativeMethodAccessorImpl.invoke0(Native Method)\n\tat java.base/jdk.internal.reflect.NativeMethodAccessorImpl.invoke(NativeMethodAccessorImpl.java:77)\n\tat java.base/jdk.internal.reflect.DelegatingMethodAccessorImpl.invoke(DelegatingMethodAccessorImpl.java:43)\n\tat java.base/java.lang.reflect.Method.invoke(Method.java:569)\n\tat org.testng.internal.invokers.MethodInvocationHelper.invokeMethod(MethodInvocationHelper.java:141)\n\tat org.testng.internal.invokers.TestInvoker.invokeMethod(TestInvoker.java:686)\n\tat org.testng.internal.invokers.TestInvoker.invokeTestMethod(TestInvoker.java:230)\n\tat org.testng.internal.invokers.MethodRunner.runInSequence(MethodRunner.java:63)\n\tat org.testng.internal.invokers.TestInvoker$MethodInvocationAgent.invoke(TestInvoker.java:992)\n\tat org.testng.internal.invokers.TestInvoker.invokeTestMethods(TestInvoker.java:203)\n\tat org.testng.internal.invokers.TestMethodWorker.invokeTestMethods(TestMethodWorker.java:154)\n\tat org.testng.internal.invokers.TestMethodWorker.run(TestMethodWorker.java:134)\n\tat java.base/java.util.ArrayList.forEach(ArrayList.java:1511)\n\tat org.testng.TestRunner.privateRun(TestRunner.java:739)\n\tat org.testng.TestRunner.run(TestRunner.java:614)\n\tat org.testng.SuiteRunner.runTest(SuiteRunner.java:421)\n\tat org.testng.SuiteRunner.runSequentially(SuiteRunner.java:413)\n\tat org.testng.SuiteRunner.privateRun(SuiteRunner.java:373)\n\tat org.testng.SuiteRunner.run(SuiteRunner.java:312)\n\tat org.testng.SuiteRunnerWorker.runSuite(SuiteRunnerWorker.java:52)\n\tat org.testng.SuiteRunnerWorker.run(SuiteRunnerWorker.java:95)\n\tat org.testng.TestNG.runSuitesSequentially(TestNG.java:1274)\n\tat org.testng.TestNG.runSuitesLocally(TestNG.java:1208)\n\tat org.testng.TestNG.runSuites(TestNG.java:1112)\n\tat org.testng.TestNG.run(TestNG.java:1079)\n\tat org.apache.maven.surefire.testng.TestNGExecutor.run(TestNGExecutor.java:155)\n\tat org.apache.maven.surefire.testng.TestNGDirectoryTestSuite.executeMulti(TestNGDirectoryTestSuite.java:169)\n\tat org.apache.maven.surefire.testng.TestNGDirectoryTestSuite.execute(TestNGDirectoryTestSuite.java:88)\n\tat org.apache.maven.surefire.testng.TestNGProvider.invoke(TestNGProvider.java:137)\n\tat org.apache.maven.surefire.booter.ForkedBooter.runSuitesInProcess(ForkedBooter.java:385)\n\tat org.apache.maven.surefire.booter.ForkedBooter.execute(ForkedBooter.java:162)\n\tat org.apache.maven.surefire.booter.ForkedBooter.run(ForkedBooter.java:507)\n\tat org.apache.maven.surefire.booter.ForkedBooter.main(ForkedBooter.java:495)\n","steps":[],"attachments":[{"uid":"6f692e072f82a5d2","name":"Request","source":"6f692e072f82a5d2.html","type":"text/html","size":1610},{"uid":"8782b8e67951823","name":"HTTP/1.1 400 Bad Request","source":"8782b8e67951823.html","type":"text/html","size":80389}],"parameters":[],"shouldDisplayMessage":true,"stepsCount":0,"attachmentsCount":2,"hasContent":true,"attachmentStep":false},"afterStages":[{"name":"teardown","time":{"start":1740495562238,"stop":1740495562238,"duration":0},"description":"","status":"passed","steps":[],"attachments":[],"parameters":[],"shouldDisplayMessage":false,"stepsCount":0,"attachmentsCount":0,"hasContent":false,"attachmentStep":false}],"labels":[{"name":"package","value":"school.redrover.api.restassured.PipelineApiTest"},{"name":"testClass","value":"school.redrover.api.restassured.PipelineApiTest"},{"name":"testMethod","value":"testCreateProjectWithUnsafeCharacter"},{"name":"parentSuite","value":"Surefire suite"},{"name":"suite","value":"Surefire test"},{"name":"subSuite","value":"school.redrover.api.restassured.PipelineApiTest"},{"name":"host","value":"fv-az1118-492"},{"name":"thread","value":"2788@fv-az1118-492.main(1)"},{"name":"framework","value":"testng"},{"name":"language","value":"java"},{"name":"epic","value":"API"},{"name":"feature","value":"Pipeline project"},{"name":"resultFormat","value":"allure2"}],"parameters":[{"name":"arg0","value":">"}],"links":[],"hidden":false,"retry":false,"extra":{"severity":"normal","retries":[],"categories":[{"name":"Product defects","matchedStatuses":[],"flaky":false}],"history":{"statistic":{"failed":1,"broken":0,"skipped":0,"passed":11,"unknown":0,"total":12},"items":[{"uid":"a81279c2a09547ef","reportUrl":"https://RedRoverSchool.github.io/JenkinsQA_2024_fall/2842//#testresult/a81279c2a09547ef","status":"passed","time":{"start":1740476026028,"stop":1740476026132,"duration":104}},{"uid":"1a3edfe39a270d19","reportUrl":"https://RedRoverSchool.github.io/JenkinsQA_2024_fall/2840//#testresult/1a3edfe39a270d19","status":"passed","time":{"start":1740453694653,"stop":1740453694756,"duration":103}},{"uid":"45f759ea99658ecb","reportUrl":"https://RedRoverSchool.github.io/JenkinsQA_2024_fall/2839//#testresult/45f759ea99658ecb","status":"passed","time":{"start":1740412728854,"stop":1740412728957,"duration":103}},{"uid":"798b667852062180","reportUrl":"https://RedRoverSchool.github.io/JenkinsQA_2024_fall/2838//#testresult/798b667852062180","status":"passed","time":{"start":1740382557591,"stop":1740382557693,"duration":102}},{"uid":"b61dda5e35db3959","reportUrl":"https://RedRoverSchool.github.io/JenkinsQA_2024_fall/2836//#testresult/b61dda5e35db3959","status":"passed","time":{"start":1740366217505,"stop":1740366217611,"duration":106}},{"uid":"4222b747aef915e6","reportUrl":"https://RedRoverSchool.github.io/JenkinsQA_2024_fall/2835//#testresult/4222b747aef915e6","status":"passed","time":{"start":1740306014079,"stop":1740306014179,"duration":100}},{"uid":"d0a3af08ccd54e94","reportUrl":"https://RedRoverSchool.github.io/JenkinsQA_2024_fall/2834//#testresult/d0a3af08ccd54e94","status":"passed","time":{"start":1740206952096,"stop":1740206952193,"duration":97}},{"uid":"a21877edb9f02c41","reportUrl":"https://RedRoverSchool.github.io/JenkinsQA_2024_fall/2833//#testresult/a21877edb9f02c41","status":"passed","time":{"start":1740195333245,"stop":1740195333340,"duration":95}},{"uid":"3976e7ca25933346","reportUrl":"https://RedRoverSchool.github.io/JenkinsQA_2024_fall/2832//#testresult/3976e7ca25933346","status":"passed","time":{"start":1740144979300,"stop":1740144979397,"duration":97}},{"uid":"216fb04583b3f79d","reportUrl":"https://RedRoverSchool.github.io/JenkinsQA_2024_fall/2827//#testresult/216fb04583b3f79d","status":"passed","time":{"start":1739906834695,"stop":1739906834791,"duration":96}},{"uid":"b010f28a43075d17","reportUrl":"https://RedRoverSchool.github.io/JenkinsQA_2024_fall/2826//#testresult/b010f28a43075d17","status":"passed","time":{"start":1739891052406,"stop":1739891052501,"duration":95}}]},"tags":[]},"source":"89c267ebab15d12b.json","parameterValues":[">"]}