{"uid":"aa89093ba354995f","name":"testMissingFieldReturns400","fullName":"school.redrover.api.restassured.MockUserTest.testMissingFieldReturns400","historyId":"63c890cd879c825caf0de7f3264710b7","time":{"start":1740495562500,"stop":1740495562500,"duration":0},"description":"002 Create user without e-mail","descriptionHtml":"<p>002 Create user without e-mail</p>\n","status":"skipped","statusMessage":"Skipping MockUserTest: Not running in QA environment","statusTrace":"org.testng.SkipException: Skipping MockUserTest: Not running in QA environment\n\tat school.redrover.api.restassured.MockUserTest.stubs(MockUserTest.java:25)\n\tat java.base/jdk.internal.reflect.NativeMethodAccessorImpl.invoke0(Native Method)\n\tat java.base/jdk.internal.reflect.NativeMethodAccessorImpl.invoke(NativeMethodAccessorImpl.java:77)\n\tat java.base/jdk.internal.reflect.DelegatingMethodAccessorImpl.invoke(DelegatingMethodAccessorImpl.java:43)\n\tat java.base/java.lang.reflect.Method.invoke(Method.java:569)\n\tat org.testng.internal.invokers.MethodInvocationHelper.invokeMethod(MethodInvocationHelper.java:141)\n\tat org.testng.internal.invokers.MethodInvocationHelper.invokeMethodConsideringTimeout(MethodInvocationHelper.java:71)\n\tat org.testng.internal.invokers.ConfigInvoker.invokeConfigurationMethod(ConfigInvoker.java:400)\n\tat org.testng.internal.invokers.ConfigInvoker.invokeConfigurations(ConfigInvoker.java:333)\n\tat org.testng.internal.invokers.TestMethodWorker.invokeBeforeClassMethods(TestMethodWorker.java:188)\n\tat org.testng.internal.invokers.TestMethodWorker.run(TestMethodWorker.java:128)\n\tat java.base/java.util.ArrayList.forEach(ArrayList.java:1511)\n\tat org.testng.TestRunner.privateRun(TestRunner.java:739)\n\tat org.testng.TestRunner.run(TestRunner.java:614)\n\tat org.testng.SuiteRunner.runTest(SuiteRunner.java:421)\n\tat org.testng.SuiteRunner.runSequentially(SuiteRunner.java:413)\n\tat org.testng.SuiteRunner.privateRun(SuiteRunner.java:373)\n\tat org.testng.SuiteRunner.run(SuiteRunner.java:312)\n\tat org.testng.SuiteRunnerWorker.runSuite(SuiteRunnerWorker.java:52)\n\tat org.testng.SuiteRunnerWorker.run(SuiteRunnerWorker.java:95)\n\tat org.testng.TestNG.runSuitesSequentially(TestNG.java:1274)\n\tat org.testng.TestNG.runSuitesLocally(TestNG.java:1208)\n\tat org.testng.TestNG.runSuites(TestNG.java:1112)\n\tat org.testng.TestNG.run(TestNG.java:1079)\n\tat org.apache.maven.surefire.testng.TestNGExecutor.run(TestNGExecutor.java:155)\n\tat org.apache.maven.surefire.testng.TestNGDirectoryTestSuite.executeMulti(TestNGDirectoryTestSuite.java:169)\n\tat org.apache.maven.surefire.testng.TestNGDirectoryTestSuite.execute(TestNGDirectoryTestSuite.java:88)\n\tat org.apache.maven.surefire.testng.TestNGProvider.invoke(TestNGProvider.java:137)\n\tat org.apache.maven.surefire.booter.ForkedBooter.runSuitesInProcess(ForkedBooter.java:385)\n\tat org.apache.maven.surefire.booter.ForkedBooter.execute(ForkedBooter.java:162)\n\tat org.apache.maven.surefire.booter.ForkedBooter.run(ForkedBooter.java:507)\n\tat org.apache.maven.surefire.booter.ForkedBooter.main(ForkedBooter.java:495)\n","flaky":false,"newFailed":false,"newBroken":false,"newPassed":false,"retriesCount":0,"retriesStatusChange":false,"beforeStages":[{"name":"setup","time":{"start":1740495562239,"stop":1740495562496,"duration":257},"description":"","status":"passed","steps":[],"attachments":[],"parameters":[],"shouldDisplayMessage":false,"stepsCount":0,"attachmentsCount":0,"hasContent":false,"attachmentStep":false},{"name":"stubs","time":{"start":1740495562497,"stop":1740495562497,"duration":0},"description":"","status":"broken","statusMessage":"Skipping MockUserTest: Not running in QA environment","statusTrace":"org.testng.SkipException: Skipping MockUserTest: Not running in QA environment\n\tat school.redrover.api.restassured.MockUserTest.stubs(MockUserTest.java:25)\n\tat java.base/jdk.internal.reflect.NativeMethodAccessorImpl.invoke0(Native Method)\n\tat java.base/jdk.internal.reflect.NativeMethodAccessorImpl.invoke(NativeMethodAccessorImpl.java:77)\n\tat java.base/jdk.internal.reflect.DelegatingMethodAccessorImpl.invoke(DelegatingMethodAccessorImpl.java:43)\n\tat java.base/java.lang.reflect.Method.invoke(Method.java:569)\n\tat org.testng.internal.invokers.MethodInvocationHelper.invokeMethod(MethodInvocationHelper.java:141)\n\tat org.testng.internal.invokers.MethodInvocationHelper.invokeMethodConsideringTimeout(MethodInvocationHelper.java:71)\n\tat org.testng.internal.invokers.ConfigInvoker.invokeConfigurationMethod(ConfigInvoker.java:400)\n\tat org.testng.internal.invokers.ConfigInvoker.invokeConfigurations(ConfigInvoker.java:333)\n\tat org.testng.internal.invokers.TestMethodWorker.invokeBeforeClassMethods(TestMethodWorker.java:188)\n\tat org.testng.internal.invokers.TestMethodWorker.run(TestMethodWorker.java:128)\n\tat java.base/java.util.ArrayList.forEach(ArrayList.java:1511)\n\tat org.testng.TestRunner.privateRun(TestRunner.java:739)\n\tat org.testng.TestRunner.run(TestRunner.java:614)\n\tat org.testng.SuiteRunner.runTest(SuiteRunner.java:421)\n\tat org.testng.SuiteRunner.runSequentially(SuiteRunner.java:413)\n\tat org.testng.SuiteRunner.privateRun(SuiteRunner.java:373)\n\tat org.testng.SuiteRunner.run(SuiteRunner.java:312)\n\tat org.testng.SuiteRunnerWorker.runSuite(SuiteRunnerWorker.java:52)\n\tat org.testng.SuiteRunnerWorker.run(SuiteRunnerWorker.java:95)\n\tat org.testng.TestNG.runSuitesSequentially(TestNG.java:1274)\n\tat org.testng.TestNG.runSuitesLocally(TestNG.java:1208)\n\tat org.testng.TestNG.runSuites(TestNG.java:1112)\n\tat org.testng.TestNG.run(TestNG.java:1079)\n\tat org.apache.maven.surefire.testng.TestNGExecutor.run(TestNGExecutor.java:155)\n\tat org.apache.maven.surefire.testng.TestNGDirectoryTestSuite.executeMulti(TestNGDirectoryTestSuite.java:169)\n\tat org.apache.maven.surefire.testng.TestNGDirectoryTestSuite.execute(TestNGDirectoryTestSuite.java:88)\n\tat org.apache.maven.surefire.testng.TestNGProvider.invoke(TestNGProvider.java:137)\n\tat org.apache.maven.surefire.booter.ForkedBooter.runSuitesInProcess(ForkedBooter.java:385)\n\tat org.apache.maven.surefire.booter.ForkedBooter.execute(ForkedBooter.java:162)\n\tat org.apache.maven.surefire.booter.ForkedBooter.run(ForkedBooter.java:507)\n\tat org.apache.maven.surefire.booter.ForkedBooter.main(ForkedBooter.java:495)\n","steps":[],"attachments":[],"parameters":[],"shouldDisplayMessage":true,"stepsCount":0,"attachmentsCount":0,"hasContent":true,"attachmentStep":false}],"afterStages":[{"name":"teardown","time":{"start":1740495562501,"stop":1740495562501,"duration":0},"description":"","status":"broken","steps":[],"attachments":[],"parameters":[],"shouldDisplayMessage":false,"stepsCount":0,"attachmentsCount":0,"hasContent":false,"attachmentStep":false}],"labels":[{"name":"package","value":"school.redrover.api.restassured.MockUserTest"},{"name":"testClass","value":"school.redrover.api.restassured.MockUserTest"},{"name":"testMethod","value":"testMissingFieldReturns400"},{"name":"parentSuite","value":"Surefire suite"},{"name":"suite","value":"Surefire test"},{"name":"subSuite","value":"school.redrover.api.restassured.MockUserTest"},{"name":"host","value":"fv-az1118-492"},{"name":"thread","value":"2788@fv-az1118-492.main(1)"},{"name":"framework","value":"testng"},{"name":"language","value":"java"},{"name":"epic","value":"API"},{"name":"feature","value":"Mock user"},{"name":"resultFormat","value":"allure2"}],"parameters":[],"links":[],"hidden":false,"retry":false,"extra":{"severity":"normal","retries":[],"categories":[],"history":{"statistic":{"failed":0,"broken":0,"skipped":62,"passed":0,"unknown":0,"total":62},"items":[{"uid":"3619183f80994af8","reportUrl":"https://RedRoverSchool.github.io/JenkinsQA_2024_fall/2842//#testresult/3619183f80994af8","status":"skipped","statusDetails":"Skipping MockUserTest: Not running in QA environment","time":{"start":1740476027920,"stop":1740476027920,"duration":0}},{"uid":"867d41993868d79c","reportUrl":"https://RedRoverSchool.github.io/JenkinsQA_2024_fall/2840//#testresult/867d41993868d79c","status":"skipped","statusDetails":"Skipping MockUserTest: Not running in QA environment","time":{"start":1740453696563,"stop":1740453696563,"duration":0}},{"uid":"c1791a663b2796aa","reportUrl":"https://RedRoverSchool.github.io/JenkinsQA_2024_fall/2839//#testresult/c1791a663b2796aa","status":"skipped","statusDetails":"Skipping MockUserTest: Not running in QA environment","time":{"start":1740412730758,"stop":1740412730758,"duration":0}},{"uid":"6da402990612ecd1","reportUrl":"https://RedRoverSchool.github.io/JenkinsQA_2024_fall/2838//#testresult/6da402990612ecd1","status":"skipped","statusDetails":"Skipping MockUserTest: Not running in QA environment","time":{"start":1740382559496,"stop":1740382559497,"duration":1}},{"uid":"ec41bfc51d02ade7","reportUrl":"https://RedRoverSchool.github.io/JenkinsQA_2024_fall/2836//#testresult/ec41bfc51d02ade7","status":"skipped","statusDetails":"Skipping MockUserTest: Not running in QA environment","time":{"start":1740366219418,"stop":1740366219419,"duration":1}},{"uid":"fc98e609df422265","reportUrl":"https://RedRoverSchool.github.io/JenkinsQA_2024_fall/2835//#testresult/fc98e609df422265","status":"skipped","statusDetails":"Skipping MockUserTest: Not running in QA environment","time":{"start":1740306015937,"stop":1740306015937,"duration":0}},{"uid":"2074b5c1192d80fa","reportUrl":"https://RedRoverSchool.github.io/JenkinsQA_2024_fall/2834//#testresult/2074b5c1192d80fa","status":"skipped","statusDetails":"Skipping MockUserTest: Not running in QA environment","time":{"start":1740206953927,"stop":1740206953927,"duration":0}},{"uid":"9bd9e491c784850c","reportUrl":"https://RedRoverSchool.github.io/JenkinsQA_2024_fall/2833//#testresult/9bd9e491c784850c","status":"skipped","statusDetails":"Skipping MockUserTest: Not running in QA environment","time":{"start":1740195335058,"stop":1740195335058,"duration":0}},{"uid":"41a2798e4dd5fc44","reportUrl":"https://RedRoverSchool.github.io/JenkinsQA_2024_fall/2832//#testresult/41a2798e4dd5fc44","status":"skipped","statusDetails":"Skipping MockUserTest: Not running in QA environment","time":{"start":1740144981158,"stop":1740144981158,"duration":0}},{"uid":"b5f5d821dbcbc20","reportUrl":"https://RedRoverSchool.github.io/JenkinsQA_2024_fall/2827//#testresult/b5f5d821dbcbc20","status":"skipped","statusDetails":"Skipping MockUserTest: Not running in QA environment","time":{"start":1739906836495,"stop":1739906836495,"duration":0}},{"uid":"e7d08727aeaff710","reportUrl":"https://RedRoverSchool.github.io/JenkinsQA_2024_fall/2826//#testresult/e7d08727aeaff710","status":"skipped","statusDetails":"Skipping MockUserTest: Not running in QA environment","time":{"start":1739891054492,"stop":1739891054492,"duration":0}},{"uid":"c97cc7abe07f21e7","reportUrl":"https://RedRoverSchool.github.io/JenkinsQA_2024_fall/2820//#testresult/c97cc7abe07f21e7","status":"skipped","statusDetails":"Skipping MockUserTest: Not running in QA environment","time":{"start":1739858424514,"stop":1739858424515,"duration":1}},{"uid":"65d4f05afa8dca0c","reportUrl":"https://RedRoverSchool.github.io/JenkinsQA_2024_fall/2820//#testresult/65d4f05afa8dca0c","status":"skipped","statusDetails":"Skipping MockUserTest: Not running in QA environment","time":{"start":1739857122417,"stop":1739857122417,"duration":0}},{"uid":"cd769a534f2548","reportUrl":"https://RedRoverSchool.github.io/JenkinsQA_2024_fall/2819//#testresult/cd769a534f2548","status":"skipped","statusDetails":"Skipping MockUserTest: Not running in QA environment","time":{"start":1739766029652,"stop":1739766029653,"duration":1}},{"uid":"de4eb6e423b30338","reportUrl":"https://RedRoverSchool.github.io/JenkinsQA_2024_fall/2818//#testresult/de4eb6e423b30338","status":"skipped","statusDetails":"Skipping MockUserTest: Not running in QA environment","time":{"start":1739647432912,"stop":1739647432912,"duration":0}},{"uid":"1269512ea3c9e217","reportUrl":"https://RedRoverSchool.github.io/JenkinsQA_2024_fall/2817//#testresult/1269512ea3c9e217","status":"skipped","statusDetails":"Skipping MockUserTest: Not running in QA environment","time":{"start":1739631629875,"stop":1739631629875,"duration":0}},{"uid":"6492b40d48f880b3","reportUrl":"https://RedRoverSchool.github.io/JenkinsQA_2024_fall/2816//#testresult/6492b40d48f880b3","status":"skipped","statusDetails":"Skipping MockUserTest: Not running in QA environment","time":{"start":1739625620209,"stop":1739625620209,"duration":0}},{"uid":"e4fa31079c03ec79","reportUrl":"https://RedRoverSchool.github.io/JenkinsQA_2024_fall/2815//#testresult/e4fa31079c03ec79","status":"skipped","statusDetails":"Skipping MockUserTest: Not running in QA environment","time":{"start":1739622238523,"stop":1739622238523,"duration":0}},{"uid":"71b9d97e69bb21d2","reportUrl":"https://RedRoverSchool.github.io/JenkinsQA_2024_fall/2814//#testresult/71b9d97e69bb21d2","status":"skipped","statusDetails":"Skipping MockUserTest: Not running in QA environment","time":{"start":1739615764798,"stop":1739615764798,"duration":0}},{"uid":"ae8c3bd1fa968808","reportUrl":"https://RedRoverSchool.github.io/JenkinsQA_2024_fall/2813//#testresult/ae8c3bd1fa968808","status":"skipped","statusDetails":"Skipping MockUserTest: Not running in QA environment","time":{"start":1739614535294,"stop":1739614535294,"duration":0}}]},"tags":[]},"source":"aa89093ba354995f.json","parameterValues":[]}