{"uid":"d048fad0aa5703a5","name":"testCreateProjectWithUnsafeCharacter","fullName":"school.redrover.api.restassured.PipelineApiTest.testCreateProjectWithUnsafeCharacter","historyId":"8323619f3141f82635a20e6a121aa4f6","time":{"start":1740495558130,"stop":1740495558231,"duration":101},"description":"014 Create Pipeline project with unsafe character","descriptionHtml":"<p>014 Create Pipeline project with unsafe character</p>\n","status":"failed","statusMessage":"expected [404] but found [400]","statusTrace":"java.lang.AssertionError: expected [404] but found [400]\n\tat org.testng.Assert.fail(Assert.java:111)\n\tat org.testng.Assert.failNotEquals(Assert.java:1578)\n\tat org.testng.Assert.assertEqualsImpl(Assert.java:150)\n\tat org.testng.Assert.assertEquals(Assert.java:132)\n\tat org.testng.Assert.assertEquals(Assert.java:1419)\n\tat org.testng.Assert.assertEquals(Assert.java:1383)\n\tat org.testng.Assert.assertEquals(Assert.java:1429)\n\tat school.redrover.api.restassured.PipelineApiTest.testCreateProjectWithUnsafeCharacter(PipelineApiTest.java:92)\n\tat java.base/jdk.internal.reflect.NativeMethodAccessorImpl.invoke0(Native Method)\n\tat java.base/jdk.internal.reflect.NativeMethodAccessorImpl.invoke(NativeMethodAccessorImpl.java:77)\n\tat java.base/jdk.internal.reflect.DelegatingMethodAccessorImpl.invoke(DelegatingMethodAccessorImpl.java:43)\n\tat java.base/java.lang.reflect.Method.invoke(Method.java:569)\n\tat org.testng.internal.invokers.MethodInvocationHelper.invokeMethod(MethodInvocationHelper.java:141)\n\tat org.testng.internal.invokers.TestInvoker.invokeMethod(TestInvoker.java:686)\n\tat org.testng.internal.invokers.TestInvoker.invokeTestMethod(TestInvoker.java:230)\n\tat org.testng.internal.invokers.MethodRunner.runInSequence(MethodRunner.java:63)\n\tat org.testng.internal.invokers.TestInvoker$MethodInvocationAgent.invoke(TestInvoker.java:992)\n\tat org.testng.internal.invokers.TestInvoker.invokeTestMethods(TestInvoker.java:203)\n\tat org.testng.internal.invokers.TestMethodWorker.invokeTestMethods(TestMethodWorker.java:154)\n\tat org.testng.internal.invokers.TestMethodWorker.run(TestMethodWorker.java:134)\n\tat java.base/java.util.ArrayList.forEach(ArrayList.java:1511)\n\tat org.testng.TestRunner.privateRun(TestRunner.java:739)\n\tat org.testng.TestRunner.run(TestRunner.java:614)\n\tat org.testng.SuiteRunner.runTest(SuiteRunner.java:421)\n\tat org.testng.SuiteRunner.runSequentially(SuiteRunner.java:413)\n\tat org.testng.SuiteRunner.privateRun(SuiteRunner.java:373)\n\tat org.testng.SuiteRunner.run(SuiteRunner.java:312)\n\tat org.testng.SuiteRunnerWorker.runSuite(SuiteRunnerWorker.java:52)\n\tat org.testng.SuiteRunnerWorker.run(SuiteRunnerWorker.java:95)\n\tat org.testng.TestNG.runSuitesSequentially(TestNG.java:1274)\n\tat org.testng.TestNG.runSuitesLocally(TestNG.java:1208)\n\tat org.testng.TestNG.runSuites(TestNG.java:1112)\n\tat org.testng.TestNG.run(TestNG.java:1079)\n\tat org.apache.maven.surefire.testng.TestNGExecutor.run(TestNGExecutor.java:155)\n\tat org.apache.maven.surefire.testng.TestNGDirectoryTestSuite.executeMulti(TestNGDirectoryTestSuite.java:169)\n\tat org.apache.maven.surefire.testng.TestNGDirectoryTestSuite.execute(TestNGDirectoryTestSuite.java:88)\n\tat org.apache.maven.surefire.testng.TestNGProvider.invoke(TestNGProvider.java:137)\n\tat org.apache.maven.surefire.booter.ForkedBooter.runSuitesInProcess(ForkedBooter.java:385)\n\tat org.apache.maven.surefire.booter.ForkedBooter.execute(ForkedBooter.java:162)\n\tat org.apache.maven.surefire.booter.ForkedBooter.run(ForkedBooter.java:507)\n\tat org.apache.maven.surefire.booter.ForkedBooter.main(ForkedBooter.java:495)\n","flaky":false,"newFailed":true,"newBroken":false,"newPassed":false,"retriesCount":0,"retriesStatusChange":false,"beforeStages":[{"name":"setup","time":{"start":1740495557782,"stop":1740495558023,"duration":241},"description":"","status":"passed","steps":[],"attachments":[],"parameters":[],"shouldDisplayMessage":false,"stepsCount":0,"attachmentsCount":0,"hasContent":false,"attachmentStep":false}],"testStage":{"description":"014 Create Pipeline project with unsafe character","status":"failed","statusMessage":"expected [404] but found [400]","statusTrace":"java.lang.AssertionError: expected [404] but found [400]\n\tat org.testng.Assert.fail(Assert.java:111)\n\tat org.testng.Assert.failNotEquals(Assert.java:1578)\n\tat org.testng.Assert.assertEqualsImpl(Assert.java:150)\n\tat org.testng.Assert.assertEquals(Assert.java:132)\n\tat org.testng.Assert.assertEquals(Assert.java:1419)\n\tat org.testng.Assert.assertEquals(Assert.java:1383)\n\tat org.testng.Assert.assertEquals(Assert.java:1429)\n\tat school.redrover.api.restassured.PipelineApiTest.testCreateProjectWithUnsafeCharacter(PipelineApiTest.java:92)\n\tat java.base/jdk.internal.reflect.NativeMethodAccessorImpl.invoke0(Native Method)\n\tat java.base/jdk.internal.reflect.NativeMethodAccessorImpl.invoke(NativeMethodAccessorImpl.java:77)\n\tat java.base/jdk.internal.reflect.DelegatingMethodAccessorImpl.invoke(DelegatingMethodAccessorImpl.java:43)\n\tat java.base/java.lang.reflect.Method.invoke(Method.java:569)\n\tat org.testng.internal.invokers.MethodInvocationHelper.invokeMethod(MethodInvocationHelper.java:141)\n\tat org.testng.internal.invokers.TestInvoker.invokeMethod(TestInvoker.java:686)\n\tat org.testng.internal.invokers.TestInvoker.invokeTestMethod(TestInvoker.java:230)\n\tat org.testng.internal.invokers.MethodRunner.runInSequence(MethodRunner.java:63)\n\tat org.testng.internal.invokers.TestInvoker$MethodInvocationAgent.invoke(TestInvoker.java:992)\n\tat org.testng.internal.invokers.TestInvoker.invokeTestMethods(TestInvoker.java:203)\n\tat org.testng.internal.invokers.TestMethodWorker.invokeTestMethods(TestMethodWorker.java:154)\n\tat org.testng.internal.invokers.TestMethodWorker.run(TestMethodWorker.java:134)\n\tat java.base/java.util.ArrayList.forEach(ArrayList.java:1511)\n\tat org.testng.TestRunner.privateRun(TestRunner.java:739)\n\tat org.testng.TestRunner.run(TestRunner.java:614)\n\tat org.testng.SuiteRunner.runTest(SuiteRunner.java:421)\n\tat org.testng.SuiteRunner.runSequentially(SuiteRunner.java:413)\n\tat org.testng.SuiteRunner.privateRun(SuiteRunner.java:373)\n\tat org.testng.SuiteRunner.run(SuiteRunner.java:312)\n\tat org.testng.SuiteRunnerWorker.runSuite(SuiteRunnerWorker.java:52)\n\tat org.testng.SuiteRunnerWorker.run(SuiteRunnerWorker.java:95)\n\tat org.testng.TestNG.runSuitesSequentially(TestNG.java:1274)\n\tat org.testng.TestNG.runSuitesLocally(TestNG.java:1208)\n\tat org.testng.TestNG.runSuites(TestNG.java:1112)\n\tat org.testng.TestNG.run(TestNG.java:1079)\n\tat org.apache.maven.surefire.testng.TestNGExecutor.run(TestNGExecutor.java:155)\n\tat org.apache.maven.surefire.testng.TestNGDirectoryTestSuite.executeMulti(TestNGDirectoryTestSuite.java:169)\n\tat org.apache.maven.surefire.testng.TestNGDirectoryTestSuite.execute(TestNGDirectoryTestSuite.java:88)\n\tat org.apache.maven.surefire.testng.TestNGProvider.invoke(TestNGProvider.java:137)\n\tat org.apache.maven.surefire.booter.ForkedBooter.runSuitesInProcess(ForkedBooter.java:385)\n\tat org.apache.maven.surefire.booter.ForkedBooter.execute(ForkedBooter.java:162)\n\tat org.apache.maven.surefire.booter.ForkedBooter.run(ForkedBooter.java:507)\n\tat org.apache.maven.surefire.booter.ForkedBooter.main(ForkedBooter.java:495)\n","steps":[],"attachments":[{"uid":"9d0b77967645a7f4","name":"Request","source":"9d0b77967645a7f4.html","type":"text/html","size":1610},{"uid":"5094bb153112125f","name":"HTTP/1.1 400 Bad Request","source":"5094bb153112125f.html","type":"text/html","size":80379}],"parameters":[],"shouldDisplayMessage":true,"stepsCount":0,"attachmentsCount":2,"hasContent":true,"attachmentStep":false},"afterStages":[{"name":"teardown","time":{"start":1740495562238,"stop":1740495562238,"duration":0},"description":"","status":"passed","steps":[],"attachments":[],"parameters":[],"shouldDisplayMessage":false,"stepsCount":0,"attachmentsCount":0,"hasContent":false,"attachmentStep":false}],"labels":[{"name":"package","value":"school.redrover.api.restassured.PipelineApiTest"},{"name":"testClass","value":"school.redrover.api.restassured.PipelineApiTest"},{"name":"testMethod","value":"testCreateProjectWithUnsafeCharacter"},{"name":"parentSuite","value":"Surefire suite"},{"name":"suite","value":"Surefire test"},{"name":"subSuite","value":"school.redrover.api.restassured.PipelineApiTest"},{"name":"host","value":"fv-az1118-492"},{"name":"thread","value":"2788@fv-az1118-492.main(1)"},{"name":"framework","value":"testng"},{"name":"language","value":"java"},{"name":"epic","value":"API"},{"name":"feature","value":"Pipeline project"},{"name":"resultFormat","value":"allure2"}],"parameters":[{"name":"arg0","value":"\\"}],"links":[],"hidden":false,"retry":false,"extra":{"severity":"normal","retries":[],"categories":[{"name":"Product defects","matchedStatuses":[],"flaky":false}],"history":{"statistic":{"failed":1,"broken":0,"skipped":0,"passed":11,"unknown":0,"total":12},"items":[{"uid":"afa386c6c9c504c6","reportUrl":"https://RedRoverSchool.github.io/JenkinsQA_2024_fall/2842//#testresult/afa386c6c9c504c6","status":"passed","time":{"start":1740476024482,"stop":1740476024584,"duration":102}},{"uid":"f4f8a2b9affc606f","reportUrl":"https://RedRoverSchool.github.io/JenkinsQA_2024_fall/2840//#testresult/f4f8a2b9affc606f","status":"passed","time":{"start":1740453693113,"stop":1740453693214,"duration":101}},{"uid":"8e8b5efc93c16a02","reportUrl":"https://RedRoverSchool.github.io/JenkinsQA_2024_fall/2839//#testresult/8e8b5efc93c16a02","status":"passed","time":{"start":1740412727277,"stop":1740412727379,"duration":102}},{"uid":"c56ef9ccf9aa350a","reportUrl":"https://RedRoverSchool.github.io/JenkinsQA_2024_fall/2838//#testresult/c56ef9ccf9aa350a","status":"passed","time":{"start":1740382556003,"stop":1740382556117,"duration":114}},{"uid":"8786d4714d439e2b","reportUrl":"https://RedRoverSchool.github.io/JenkinsQA_2024_fall/2836//#testresult/8786d4714d439e2b","status":"passed","time":{"start":1740366215906,"stop":1740366216033,"duration":127}},{"uid":"50b6a1b353ed43ba","reportUrl":"https://RedRoverSchool.github.io/JenkinsQA_2024_fall/2835//#testresult/50b6a1b353ed43ba","status":"passed","time":{"start":1740306012584,"stop":1740306012685,"duration":101}},{"uid":"bcd4e3efbbd17374","reportUrl":"https://RedRoverSchool.github.io/JenkinsQA_2024_fall/2834//#testresult/bcd4e3efbbd17374","status":"passed","time":{"start":1740206950599,"stop":1740206950705,"duration":106}},{"uid":"77edbb3ba292160a","reportUrl":"https://RedRoverSchool.github.io/JenkinsQA_2024_fall/2833//#testresult/77edbb3ba292160a","status":"passed","time":{"start":1740195331786,"stop":1740195331885,"duration":99}},{"uid":"ced0b367762c9024","reportUrl":"https://RedRoverSchool.github.io/JenkinsQA_2024_fall/2832//#testresult/ced0b367762c9024","status":"passed","time":{"start":1740144977832,"stop":1740144977930,"duration":98}},{"uid":"f87ad671b117d64d","reportUrl":"https://RedRoverSchool.github.io/JenkinsQA_2024_fall/2827//#testresult/f87ad671b117d64d","status":"passed","time":{"start":1739906833234,"stop":1739906833334,"duration":100}},{"uid":"435bcdefb9157f55","reportUrl":"https://RedRoverSchool.github.io/JenkinsQA_2024_fall/2826//#testresult/435bcdefb9157f55","status":"passed","time":{"start":1739891050925,"stop":1739891051036,"duration":111}}]},"tags":[]},"source":"d048fad0aa5703a5.json","parameterValues":["\\"]}