{"uid":"ed3be68ffd10f16e","name":"testCreateProjectWithUnsafeCharacter","fullName":"school.redrover.api.restassured.PipelineApiTest.testCreateProjectWithUnsafeCharacter","historyId":"1161bedaf38a4b5d96c1cf3d8a5d03e1","time":{"start":1740495559806,"stop":1740495559916,"duration":110},"description":"014 Create Pipeline project with unsafe character","descriptionHtml":"<p>014 Create Pipeline project with unsafe character</p>\n","status":"failed","statusMessage":"expected [404] but found [400]","statusTrace":"java.lang.AssertionError: expected [404] but found [400]\n\tat org.testng.Assert.fail(Assert.java:111)\n\tat org.testng.Assert.failNotEquals(Assert.java:1578)\n\tat org.testng.Assert.assertEqualsImpl(Assert.java:150)\n\tat org.testng.Assert.assertEquals(Assert.java:132)\n\tat org.testng.Assert.assertEquals(Assert.java:1419)\n\tat org.testng.Assert.assertEquals(Assert.java:1383)\n\tat org.testng.Assert.assertEquals(Assert.java:1429)\n\tat school.redrover.api.restassured.PipelineApiTest.testCreateProjectWithUnsafeCharacter(PipelineApiTest.java:92)\n\tat jdk.internal.reflect.GeneratedMethodAccessor293.invoke(Unknown Source)\n\tat java.base/jdk.internal.reflect.DelegatingMethodAccessorImpl.invoke(DelegatingMethodAccessorImpl.java:43)\n\tat java.base/java.lang.reflect.Method.invoke(Method.java:569)\n\tat org.testng.internal.invokers.MethodInvocationHelper.invokeMethod(MethodInvocationHelper.java:141)\n\tat org.testng.internal.invokers.TestInvoker.invokeMethod(TestInvoker.java:686)\n\tat org.testng.internal.invokers.TestInvoker.invokeTestMethod(TestInvoker.java:230)\n\tat org.testng.internal.invokers.MethodRunner.runInSequence(MethodRunner.java:63)\n\tat org.testng.internal.invokers.TestInvoker$MethodInvocationAgent.invoke(TestInvoker.java:992)\n\tat org.testng.internal.invokers.TestInvoker.invokeTestMethods(TestInvoker.java:203)\n\tat org.testng.internal.invokers.TestMethodWorker.invokeTestMethods(TestMethodWorker.java:154)\n\tat org.testng.internal.invokers.TestMethodWorker.run(TestMethodWorker.java:134)\n\tat java.base/java.util.ArrayList.forEach(ArrayList.java:1511)\n\tat org.testng.TestRunner.privateRun(TestRunner.java:739)\n\tat org.testng.TestRunner.run(TestRunner.java:614)\n\tat org.testng.SuiteRunner.runTest(SuiteRunner.java:421)\n\tat org.testng.SuiteRunner.runSequentially(SuiteRunner.java:413)\n\tat org.testng.SuiteRunner.privateRun(SuiteRunner.java:373)\n\tat org.testng.SuiteRunner.run(SuiteRunner.java:312)\n\tat org.testng.SuiteRunnerWorker.runSuite(SuiteRunnerWorker.java:52)\n\tat org.testng.SuiteRunnerWorker.run(SuiteRunnerWorker.java:95)\n\tat org.testng.TestNG.runSuitesSequentially(TestNG.java:1274)\n\tat org.testng.TestNG.runSuitesLocally(TestNG.java:1208)\n\tat org.testng.TestNG.runSuites(TestNG.java:1112)\n\tat org.testng.TestNG.run(TestNG.java:1079)\n\tat org.apache.maven.surefire.testng.TestNGExecutor.run(TestNGExecutor.java:155)\n\tat org.apache.maven.surefire.testng.TestNGDirectoryTestSuite.executeMulti(TestNGDirectoryTestSuite.java:169)\n\tat org.apache.maven.surefire.testng.TestNGDirectoryTestSuite.execute(TestNGDirectoryTestSuite.java:88)\n\tat org.apache.maven.surefire.testng.TestNGProvider.invoke(TestNGProvider.java:137)\n\tat org.apache.maven.surefire.booter.ForkedBooter.runSuitesInProcess(ForkedBooter.java:385)\n\tat org.apache.maven.surefire.booter.ForkedBooter.execute(ForkedBooter.java:162)\n\tat org.apache.maven.surefire.booter.ForkedBooter.run(ForkedBooter.java:507)\n\tat org.apache.maven.surefire.booter.ForkedBooter.main(ForkedBooter.java:495)\n","flaky":false,"newFailed":true,"newBroken":false,"newPassed":false,"retriesCount":0,"retriesStatusChange":false,"beforeStages":[{"name":"setup","time":{"start":1740495557782,"stop":1740495558023,"duration":241},"description":"","status":"passed","steps":[],"attachments":[],"parameters":[],"shouldDisplayMessage":false,"stepsCount":0,"attachmentsCount":0,"hasContent":false,"attachmentStep":false}],"testStage":{"description":"014 Create Pipeline project with unsafe character","status":"failed","statusMessage":"expected [404] but found [400]","statusTrace":"java.lang.AssertionError: expected [404] but found [400]\n\tat org.testng.Assert.fail(Assert.java:111)\n\tat org.testng.Assert.failNotEquals(Assert.java:1578)\n\tat org.testng.Assert.assertEqualsImpl(Assert.java:150)\n\tat org.testng.Assert.assertEquals(Assert.java:132)\n\tat org.testng.Assert.assertEquals(Assert.java:1419)\n\tat org.testng.Assert.assertEquals(Assert.java:1383)\n\tat org.testng.Assert.assertEquals(Assert.java:1429)\n\tat school.redrover.api.restassured.PipelineApiTest.testCreateProjectWithUnsafeCharacter(PipelineApiTest.java:92)\n\tat jdk.internal.reflect.GeneratedMethodAccessor293.invoke(Unknown Source)\n\tat java.base/jdk.internal.reflect.DelegatingMethodAccessorImpl.invoke(DelegatingMethodAccessorImpl.java:43)\n\tat java.base/java.lang.reflect.Method.invoke(Method.java:569)\n\tat org.testng.internal.invokers.MethodInvocationHelper.invokeMethod(MethodInvocationHelper.java:141)\n\tat org.testng.internal.invokers.TestInvoker.invokeMethod(TestInvoker.java:686)\n\tat org.testng.internal.invokers.TestInvoker.invokeTestMethod(TestInvoker.java:230)\n\tat org.testng.internal.invokers.MethodRunner.runInSequence(MethodRunner.java:63)\n\tat org.testng.internal.invokers.TestInvoker$MethodInvocationAgent.invoke(TestInvoker.java:992)\n\tat org.testng.internal.invokers.TestInvoker.invokeTestMethods(TestInvoker.java:203)\n\tat org.testng.internal.invokers.TestMethodWorker.invokeTestMethods(TestMethodWorker.java:154)\n\tat org.testng.internal.invokers.TestMethodWorker.run(TestMethodWorker.java:134)\n\tat java.base/java.util.ArrayList.forEach(ArrayList.java:1511)\n\tat org.testng.TestRunner.privateRun(TestRunner.java:739)\n\tat org.testng.TestRunner.run(TestRunner.java:614)\n\tat org.testng.SuiteRunner.runTest(SuiteRunner.java:421)\n\tat org.testng.SuiteRunner.runSequentially(SuiteRunner.java:413)\n\tat org.testng.SuiteRunner.privateRun(SuiteRunner.java:373)\n\tat org.testng.SuiteRunner.run(SuiteRunner.java:312)\n\tat org.testng.SuiteRunnerWorker.runSuite(SuiteRunnerWorker.java:52)\n\tat org.testng.SuiteRunnerWorker.run(SuiteRunnerWorker.java:95)\n\tat org.testng.TestNG.runSuitesSequentially(TestNG.java:1274)\n\tat org.testng.TestNG.runSuitesLocally(TestNG.java:1208)\n\tat org.testng.TestNG.runSuites(TestNG.java:1112)\n\tat org.testng.TestNG.run(TestNG.java:1079)\n\tat org.apache.maven.surefire.testng.TestNGExecutor.run(TestNGExecutor.java:155)\n\tat org.apache.maven.surefire.testng.TestNGDirectoryTestSuite.executeMulti(TestNGDirectoryTestSuite.java:169)\n\tat org.apache.maven.surefire.testng.TestNGDirectoryTestSuite.execute(TestNGDirectoryTestSuite.java:88)\n\tat org.apache.maven.surefire.testng.TestNGProvider.invoke(TestNGProvider.java:137)\n\tat org.apache.maven.surefire.booter.ForkedBooter.runSuitesInProcess(ForkedBooter.java:385)\n\tat org.apache.maven.surefire.booter.ForkedBooter.execute(ForkedBooter.java:162)\n\tat org.apache.maven.surefire.booter.ForkedBooter.run(ForkedBooter.java:507)\n\tat org.apache.maven.surefire.booter.ForkedBooter.main(ForkedBooter.java:495)\n","steps":[],"attachments":[{"uid":"841ee2d662fe4b0c","name":"Request","source":"841ee2d662fe4b0c.html","type":"text/html","size":1610},{"uid":"77ee28e884d39dc2","name":"HTTP/1.1 400 Bad Request","source":"77ee28e884d39dc2.html","type":"text/html","size":80379}],"parameters":[],"shouldDisplayMessage":true,"stepsCount":0,"attachmentsCount":2,"hasContent":true,"attachmentStep":false},"afterStages":[{"name":"teardown","time":{"start":1740495562238,"stop":1740495562238,"duration":0},"description":"","status":"passed","steps":[],"attachments":[],"parameters":[],"shouldDisplayMessage":false,"stepsCount":0,"attachmentsCount":0,"hasContent":false,"attachmentStep":false}],"labels":[{"name":"package","value":"school.redrover.api.restassured.PipelineApiTest"},{"name":"testClass","value":"school.redrover.api.restassured.PipelineApiTest"},{"name":"testMethod","value":"testCreateProjectWithUnsafeCharacter"},{"name":"parentSuite","value":"Surefire suite"},{"name":"suite","value":"Surefire test"},{"name":"subSuite","value":"school.redrover.api.restassured.PipelineApiTest"},{"name":"host","value":"fv-az1118-492"},{"name":"thread","value":"2788@fv-az1118-492.main(1)"},{"name":"framework","value":"testng"},{"name":"language","value":"java"},{"name":"epic","value":"API"},{"name":"feature","value":"Pipeline project"},{"name":"resultFormat","value":"allure2"}],"parameters":[{"name":"arg0","value":"["}],"links":[],"hidden":false,"retry":false,"extra":{"severity":"normal","retries":[],"categories":[{"name":"Product defects","matchedStatuses":[],"flaky":false}],"history":{"statistic":{"failed":1,"broken":0,"skipped":0,"passed":11,"unknown":0,"total":12},"items":[{"uid":"37e54fd97633e7b1","reportUrl":"https://RedRoverSchool.github.io/JenkinsQA_2024_fall/2842//#testresult/37e54fd97633e7b1","status":"passed","time":{"start":1740476026133,"stop":1740476026242,"duration":109}},{"uid":"716ada21619d27ec","reportUrl":"https://RedRoverSchool.github.io/JenkinsQA_2024_fall/2840//#testresult/716ada21619d27ec","status":"passed","time":{"start":1740453694757,"stop":1740453694860,"duration":103}},{"uid":"693434f9890deb57","reportUrl":"https://RedRoverSchool.github.io/JenkinsQA_2024_fall/2839//#testresult/693434f9890deb57","status":"passed","time":{"start":1740412728958,"stop":1740412729059,"duration":101}},{"uid":"a9bfbb800d618e4b","reportUrl":"https://RedRoverSchool.github.io/JenkinsQA_2024_fall/2838//#testresult/a9bfbb800d618e4b","status":"passed","time":{"start":1740382557695,"stop":1740382557800,"duration":105}},{"uid":"a2798a8d45ca5940","reportUrl":"https://RedRoverSchool.github.io/JenkinsQA_2024_fall/2836//#testresult/a2798a8d45ca5940","status":"passed","time":{"start":1740366217612,"stop":1740366217711,"duration":99}},{"uid":"571da0f4aa3b900d","reportUrl":"https://RedRoverSchool.github.io/JenkinsQA_2024_fall/2835//#testresult/571da0f4aa3b900d","status":"passed","time":{"start":1740306014180,"stop":1740306014276,"duration":96}},{"uid":"62c25a7f8c4bfe7e","reportUrl":"https://RedRoverSchool.github.io/JenkinsQA_2024_fall/2834//#testresult/62c25a7f8c4bfe7e","status":"passed","time":{"start":1740206952194,"stop":1740206952291,"duration":97}},{"uid":"e2156e2bdfd47f6f","reportUrl":"https://RedRoverSchool.github.io/JenkinsQA_2024_fall/2833//#testresult/e2156e2bdfd47f6f","status":"passed","time":{"start":1740195333341,"stop":1740195333436,"duration":95}},{"uid":"7551adf6680b0c5c","reportUrl":"https://RedRoverSchool.github.io/JenkinsQA_2024_fall/2832//#testresult/7551adf6680b0c5c","status":"passed","time":{"start":1740144979398,"stop":1740144979494,"duration":96}},{"uid":"b2bdc79308614eb2","reportUrl":"https://RedRoverSchool.github.io/JenkinsQA_2024_fall/2827//#testresult/b2bdc79308614eb2","status":"passed","time":{"start":1739906834791,"stop":1739906834886,"duration":95}},{"uid":"6c39e53996eb08b9","reportUrl":"https://RedRoverSchool.github.io/JenkinsQA_2024_fall/2826//#testresult/6c39e53996eb08b9","status":"passed","time":{"start":1739891052502,"stop":1739891052598,"duration":96}}]},"tags":[]},"source":"ed3be68ffd10f16e.json","parameterValues":["["]}