{"uid":"2f9b8a98e3d93442","name":"setUpClass","fullName":"io.cucumber.testng.AbstractTestNGCucumberTests.setUpClass","historyId":"3aa92388ca4e8b0d84fc4c15034887f3","time":{"start":1737975083102,"stop":1737975083102,"duration":0},"status":"broken","statusMessage":"Failed to parse resource at: file:///home/runner/work/JenkinsQA_2024_fall/JenkinsQA_2024_fall/src/test/resources/cucumber/FreestyleProject.feature\n(2:1): A tag may not contain whitespace\n(2:1): expected: #TagLine, #FeatureLine, #Comment, #Empty, got '@allure.label.feature:Freestyle job'","statusTrace":"io.cucumber.core.gherkin.FeatureParserException: Failed to parse resource at: file:///home/runner/work/JenkinsQA_2024_fall/JenkinsQA_2024_fall/src/test/resources/cucumber/FreestyleProject.feature\n(2:1): A tag may not contain whitespace\n(2:1): expected: #TagLine, #FeatureLine, #Comment, #Empty, got '@allure.label.feature:Freestyle job'\n\tat io.cucumber.core.gherkin.messages.GherkinMessagesFeatureParser.parse(GherkinMessagesFeatureParser.java:56)\n\tat io.cucumber.core.feature.FeatureParser.parseResource(FeatureParser.java:46)\n\tat java.base/java.util.function.BiFunction.lambda$andThen$0(BiFunction.java:70)\n\tat io.cucumber.core.resource.ResourceScanner.lambda$processResource$1(ResourceScanner.java:79)\n\tat io.cucumber.core.resource.PathScanner$ResourceFileVisitor.visitFile(PathScanner.java:75)\n\tat io.cucumber.core.resource.PathScanner$ResourceFileVisitor.visitFile(PathScanner.java:60)\n\tat java.base/java.nio.file.Files.walkFileTree(Files.java:2811)\n\tat io.cucumber.core.resource.PathScanner.findResourcesForPath(PathScanner.java:53)\n\tat io.cucumber.core.resource.PathScanner.findResourcesForUri(PathScanner.java:31)\n\tat io.cucumber.core.resource.ResourceScanner.findResourcesForUri(ResourceScanner.java:61)\n\tat io.cucumber.core.resource.ResourceScanner.scanForResourcesUri(ResourceScanner.java:134)\n\tat io.cucumber.core.runtime.FeaturePathFeatureSupplier.loadFeatures(FeaturePathFeatureSupplier.java:62)\n\tat io.cucumber.core.runtime.FeaturePathFeatureSupplier.get(FeaturePathFeatureSupplier.java:45)\n\tat io.cucumber.testng.TestNGCucumberRunner.<init>(TestNGCucumberRunner.java:122)\n\tat io.cucumber.testng.AbstractTestNGCucumberTests.setUpClass(AbstractTestNGCucumberTests.java:27)\n\tat java.base/jdk.internal.reflect.NativeMethodAccessorImpl.invoke0(Native Method)\n\tat java.base/jdk.internal.reflect.NativeMethodAccessorImpl.invoke(NativeMethodAccessorImpl.java:77)\n\tat java.base/jdk.internal.reflect.DelegatingMethodAccessorImpl.invoke(DelegatingMethodAccessorImpl.java:43)\n\tat java.base/java.lang.reflect.Method.invoke(Method.java:569)\n\tat org.testng.internal.invokers.MethodInvocationHelper.invokeMethod(MethodInvocationHelper.java:141)\n\tat org.testng.internal.invokers.MethodInvocationHelper.invokeMethodConsideringTimeout(MethodInvocationHelper.java:71)\n\tat org.testng.internal.invokers.ConfigInvoker.invokeConfigurationMethod(ConfigInvoker.java:400)\n\tat org.testng.internal.invokers.ConfigInvoker.invokeConfigurations(ConfigInvoker.java:333)\n\tat org.testng.internal.invokers.TestMethodWorker.invokeBeforeClassMethods(TestMethodWorker.java:188)\n\tat org.testng.internal.invokers.TestMethodWorker.run(TestMethodWorker.java:128)\n\tat java.base/java.util.ArrayList.forEach(ArrayList.java:1511)\n\tat org.testng.TestRunner.privateRun(TestRunner.java:739)\n\tat org.testng.TestRunner.run(TestRunner.java:614)\n\tat org.testng.SuiteRunner.runTest(SuiteRunner.java:421)\n\tat org.testng.SuiteRunner.runSequentially(SuiteRunner.java:413)\n\tat org.testng.SuiteRunner.privateRun(SuiteRunner.java:373)\n\tat org.testng.SuiteRunner.run(SuiteRunner.java:312)\n\tat org.testng.SuiteRunnerWorker.runSuite(SuiteRunnerWorker.java:52)\n\tat org.testng.SuiteRunnerWorker.run(SuiteRunnerWorker.java:95)\n\tat org.testng.TestNG.runSuitesSequentially(TestNG.java:1274)\n\tat org.testng.TestNG.runSuitesLocally(TestNG.java:1208)\n\tat org.testng.TestNG.runSuites(TestNG.java:1112)\n\tat org.testng.TestNG.run(TestNG.java:1079)\n\tat org.apache.maven.surefire.testng.TestNGExecutor.run(TestNGExecutor.java:155)\n\tat org.apache.maven.surefire.testng.TestNGDirectoryTestSuite.executeMulti(TestNGDirectoryTestSuite.java:169)\n\tat org.apache.maven.surefire.testng.TestNGDirectoryTestSuite.execute(TestNGDirectoryTestSuite.java:88)\n\tat org.apache.maven.surefire.testng.TestNGProvider.invoke(TestNGProvider.java:137)\n\tat org.apache.maven.surefire.booter.ForkedBooter.runSuitesInProcess(ForkedBooter.java:385)\n\tat org.apache.maven.surefire.booter.ForkedBooter.execute(ForkedBooter.java:162)\n\tat org.apache.maven.surefire.booter.ForkedBooter.run(ForkedBooter.java:507)\n\tat org.apache.maven.surefire.booter.ForkedBooter.main(ForkedBooter.java:495)\n","flaky":false,"newFailed":false,"newBroken":false,"newPassed":false,"retriesCount":0,"retriesStatusChange":false,"beforeStages":[{"name":"setUpClass","time":{"start":1737975083010,"stop":1737975083101,"duration":91},"description":"","status":"broken","statusMessage":"Failed to parse resource at: file:///home/runner/work/JenkinsQA_2024_fall/JenkinsQA_2024_fall/src/test/resources/cucumber/FreestyleProject.feature\n(2:1): A tag may not contain whitespace\n(2:1): expected: #TagLine, #FeatureLine, #Comment, #Empty, got '@allure.label.feature:Freestyle job'","statusTrace":"io.cucumber.core.gherkin.FeatureParserException: Failed to parse resource at: file:///home/runner/work/JenkinsQA_2024_fall/JenkinsQA_2024_fall/src/test/resources/cucumber/FreestyleProject.feature\n(2:1): A tag may not contain whitespace\n(2:1): expected: #TagLine, #FeatureLine, #Comment, #Empty, got '@allure.label.feature:Freestyle job'\n\tat io.cucumber.core.gherkin.messages.GherkinMessagesFeatureParser.parse(GherkinMessagesFeatureParser.java:56)\n\tat io.cucumber.core.feature.FeatureParser.parseResource(FeatureParser.java:46)\n\tat java.base/java.util.function.BiFunction.lambda$andThen$0(BiFunction.java:70)\n\tat io.cucumber.core.resource.ResourceScanner.lambda$processResource$1(ResourceScanner.java:79)\n\tat io.cucumber.core.resource.PathScanner$ResourceFileVisitor.visitFile(PathScanner.java:75)\n\tat io.cucumber.core.resource.PathScanner$ResourceFileVisitor.visitFile(PathScanner.java:60)\n\tat java.base/java.nio.file.Files.walkFileTree(Files.java:2811)\n\tat io.cucumber.core.resource.PathScanner.findResourcesForPath(PathScanner.java:53)\n\tat io.cucumber.core.resource.PathScanner.findResourcesForUri(PathScanner.java:31)\n\tat io.cucumber.core.resource.ResourceScanner.findResourcesForUri(ResourceScanner.java:61)\n\tat io.cucumber.core.resource.ResourceScanner.scanForResourcesUri(ResourceScanner.java:134)\n\tat io.cucumber.core.runtime.FeaturePathFeatureSupplier.loadFeatures(FeaturePathFeatureSupplier.java:62)\n\tat io.cucumber.core.runtime.FeaturePathFeatureSupplier.get(FeaturePathFeatureSupplier.java:45)\n\tat io.cucumber.testng.TestNGCucumberRunner.<init>(TestNGCucumberRunner.java:122)\n\tat io.cucumber.testng.AbstractTestNGCucumberTests.setUpClass(AbstractTestNGCucumberTests.java:27)\n\tat java.base/jdk.internal.reflect.NativeMethodAccessorImpl.invoke0(Native Method)\n\tat java.base/jdk.internal.reflect.NativeMethodAccessorImpl.invoke(NativeMethodAccessorImpl.java:77)\n\tat java.base/jdk.internal.reflect.DelegatingMethodAccessorImpl.invoke(DelegatingMethodAccessorImpl.java:43)\n\tat java.base/java.lang.reflect.Method.invoke(Method.java:569)\n\tat org.testng.internal.invokers.MethodInvocationHelper.invokeMethod(MethodInvocationHelper.java:141)\n\tat org.testng.internal.invokers.MethodInvocationHelper.invokeMethodConsideringTimeout(MethodInvocationHelper.java:71)\n\tat org.testng.internal.invokers.ConfigInvoker.invokeConfigurationMethod(ConfigInvoker.java:400)\n\tat org.testng.internal.invokers.ConfigInvoker.invokeConfigurations(ConfigInvoker.java:333)\n\tat org.testng.internal.invokers.TestMethodWorker.invokeBeforeClassMethods(TestMethodWorker.java:188)\n\tat org.testng.internal.invokers.TestMethodWorker.run(TestMethodWorker.java:128)\n\tat java.base/java.util.ArrayList.forEach(ArrayList.java:1511)\n\tat org.testng.TestRunner.privateRun(TestRunner.java:739)\n\tat org.testng.TestRunner.run(TestRunner.java:614)\n\tat org.testng.SuiteRunner.runTest(SuiteRunner.java:421)\n\tat org.testng.SuiteRunner.runSequentially(SuiteRunner.java:413)\n\tat org.testng.SuiteRunner.privateRun(SuiteRunner.java:373)\n\tat org.testng.SuiteRunner.run(SuiteRunner.java:312)\n\tat org.testng.SuiteRunnerWorker.runSuite(SuiteRunnerWorker.java:52)\n\tat org.testng.SuiteRunnerWorker.run(SuiteRunnerWorker.java:95)\n\tat org.testng.TestNG.runSuitesSequentially(TestNG.java:1274)\n\tat org.testng.TestNG.runSuitesLocally(TestNG.java:1208)\n\tat org.testng.TestNG.runSuites(TestNG.java:1112)\n\tat org.testng.TestNG.run(TestNG.java:1079)\n\tat org.apache.maven.surefire.testng.TestNGExecutor.run(TestNGExecutor.java:155)\n\tat org.apache.maven.surefire.testng.TestNGDirectoryTestSuite.executeMulti(TestNGDirectoryTestSuite.java:169)\n\tat org.apache.maven.surefire.testng.TestNGDirectoryTestSuite.execute(TestNGDirectoryTestSuite.java:88)\n\tat org.apache.maven.surefire.testng.TestNGProvider.invoke(TestNGProvider.java:137)\n\tat org.apache.maven.surefire.booter.ForkedBooter.runSuitesInProcess(ForkedBooter.java:385)\n\tat org.apache.maven.surefire.booter.ForkedBooter.execute(ForkedBooter.java:162)\n\tat org.apache.maven.surefire.booter.ForkedBooter.run(ForkedBooter.java:507)\n\tat org.apache.maven.surefire.booter.ForkedBooter.main(ForkedBooter.java:495)\n","steps":[],"attachments":[],"parameters":[],"shouldDisplayMessage":true,"stepsCount":0,"attachmentsCount":0,"hasContent":true,"attachmentStep":false}],"afterStages":[{"name":"tearDownClass","time":{"start":1737975083107,"stop":1737975083107,"duration":0},"description":"","status":"passed","steps":[],"attachments":[],"parameters":[],"shouldDisplayMessage":false,"stepsCount":0,"attachmentsCount":0,"hasContent":false,"attachmentStep":false}],"labels":[{"name":"package","value":"school.redrover.runner.CucumberTest"},{"name":"testClass","value":"school.redrover.runner.CucumberTest"},{"name":"testMethod","value":"setUpClass"},{"name":"parentSuite","value":"Surefire suite"},{"name":"suite","value":"Surefire test"},{"name":"subSuite","value":"school.redrover.runner.CucumberTest"},{"name":"host","value":"fv-az1050-514"},{"name":"thread","value":"2729@fv-az1050-514.main(1)"},{"name":"framework","value":"testng"},{"name":"language","value":"java"},{"name":"AS_ID","value":"-1"},{"name":"resultFormat","value":"allure2"}],"parameters":[],"links":[],"hidden":false,"retry":false,"extra":{"severity":"normal","retries":[],"categories":[{"name":"Test defects","matchedStatuses":[],"flaky":false}],"tags":[]},"source":"2f9b8a98e3d93442.json","parameterValues":[]}