{"uid":"b77807a192bedfc2","name":"testMissingFieldReturns400","fullName":"school.redrover.api.restassured.MockUserTest.testMissingFieldReturns400","historyId":"63c890cd879c825caf0de7f3264710b7","time":{"start":1738907053808,"stop":1738907053808,"duration":0},"description":"002 Create user without e-mail","descriptionHtml":"<p>002 Create user without e-mail</p>\n","status":"skipped","statusMessage":"Skipping MockUserTest: Not running in QA environment","statusTrace":"org.testng.SkipException: Skipping MockUserTest: Not running in QA environment\n\tat school.redrover.api.restassured.MockUserTest.stubs(MockUserTest.java:25)\n\tat java.base/jdk.internal.reflect.NativeMethodAccessorImpl.invoke0(Native Method)\n\tat java.base/jdk.internal.reflect.NativeMethodAccessorImpl.invoke(NativeMethodAccessorImpl.java:77)\n\tat java.base/jdk.internal.reflect.DelegatingMethodAccessorImpl.invoke(DelegatingMethodAccessorImpl.java:43)\n\tat java.base/java.lang.reflect.Method.invoke(Method.java:569)\n\tat org.testng.internal.invokers.MethodInvocationHelper.invokeMethod(MethodInvocationHelper.java:141)\n\tat org.testng.internal.invokers.MethodInvocationHelper.invokeMethodConsideringTimeout(MethodInvocationHelper.java:71)\n\tat org.testng.internal.invokers.ConfigInvoker.invokeConfigurationMethod(ConfigInvoker.java:400)\n\tat org.testng.internal.invokers.ConfigInvoker.invokeConfigurations(ConfigInvoker.java:333)\n\tat org.testng.internal.invokers.TestMethodWorker.invokeBeforeClassMethods(TestMethodWorker.java:188)\n\tat org.testng.internal.invokers.TestMethodWorker.run(TestMethodWorker.java:128)\n\tat java.base/java.util.ArrayList.forEach(ArrayList.java:1511)\n\tat org.testng.TestRunner.privateRun(TestRunner.java:739)\n\tat org.testng.TestRunner.run(TestRunner.java:614)\n\tat org.testng.SuiteRunner.runTest(SuiteRunner.java:421)\n\tat org.testng.SuiteRunner.runSequentially(SuiteRunner.java:413)\n\tat org.testng.SuiteRunner.privateRun(SuiteRunner.java:373)\n\tat org.testng.SuiteRunner.run(SuiteRunner.java:312)\n\tat org.testng.SuiteRunnerWorker.runSuite(SuiteRunnerWorker.java:52)\n\tat org.testng.SuiteRunnerWorker.run(SuiteRunnerWorker.java:95)\n\tat org.testng.TestNG.runSuitesSequentially(TestNG.java:1274)\n\tat org.testng.TestNG.runSuitesLocally(TestNG.java:1208)\n\tat org.testng.TestNG.runSuites(TestNG.java:1112)\n\tat org.testng.TestNG.run(TestNG.java:1079)\n\tat org.apache.maven.surefire.testng.TestNGExecutor.run(TestNGExecutor.java:155)\n\tat org.apache.maven.surefire.testng.TestNGDirectoryTestSuite.executeMulti(TestNGDirectoryTestSuite.java:169)\n\tat org.apache.maven.surefire.testng.TestNGDirectoryTestSuite.execute(TestNGDirectoryTestSuite.java:88)\n\tat org.apache.maven.surefire.testng.TestNGProvider.invoke(TestNGProvider.java:137)\n\tat org.apache.maven.surefire.booter.ForkedBooter.runSuitesInProcess(ForkedBooter.java:385)\n\tat org.apache.maven.surefire.booter.ForkedBooter.execute(ForkedBooter.java:162)\n\tat org.apache.maven.surefire.booter.ForkedBooter.run(ForkedBooter.java:507)\n\tat org.apache.maven.surefire.booter.ForkedBooter.main(ForkedBooter.java:495)\n","flaky":false,"newFailed":false,"newBroken":false,"newPassed":false,"retriesCount":0,"retriesStatusChange":false,"beforeStages":[{"name":"setup","time":{"start":1738907053502,"stop":1738907053803,"duration":301},"description":"","status":"passed","steps":[],"attachments":[],"parameters":[],"shouldDisplayMessage":false,"stepsCount":0,"attachmentsCount":0,"hasContent":false,"attachmentStep":false},{"name":"stubs","time":{"start":1738907053803,"stop":1738907053804,"duration":1},"description":"","status":"broken","statusMessage":"Skipping MockUserTest: Not running in QA environment","statusTrace":"org.testng.SkipException: Skipping MockUserTest: Not running in QA environment\n\tat school.redrover.api.restassured.MockUserTest.stubs(MockUserTest.java:25)\n\tat java.base/jdk.internal.reflect.NativeMethodAccessorImpl.invoke0(Native Method)\n\tat java.base/jdk.internal.reflect.NativeMethodAccessorImpl.invoke(NativeMethodAccessorImpl.java:77)\n\tat java.base/jdk.internal.reflect.DelegatingMethodAccessorImpl.invoke(DelegatingMethodAccessorImpl.java:43)\n\tat java.base/java.lang.reflect.Method.invoke(Method.java:569)\n\tat org.testng.internal.invokers.MethodInvocationHelper.invokeMethod(MethodInvocationHelper.java:141)\n\tat org.testng.internal.invokers.MethodInvocationHelper.invokeMethodConsideringTimeout(MethodInvocationHelper.java:71)\n\tat org.testng.internal.invokers.ConfigInvoker.invokeConfigurationMethod(ConfigInvoker.java:400)\n\tat org.testng.internal.invokers.ConfigInvoker.invokeConfigurations(ConfigInvoker.java:333)\n\tat org.testng.internal.invokers.TestMethodWorker.invokeBeforeClassMethods(TestMethodWorker.java:188)\n\tat org.testng.internal.invokers.TestMethodWorker.run(TestMethodWorker.java:128)\n\tat java.base/java.util.ArrayList.forEach(ArrayList.java:1511)\n\tat org.testng.TestRunner.privateRun(TestRunner.java:739)\n\tat org.testng.TestRunner.run(TestRunner.java:614)\n\tat org.testng.SuiteRunner.runTest(SuiteRunner.java:421)\n\tat org.testng.SuiteRunner.runSequentially(SuiteRunner.java:413)\n\tat org.testng.SuiteRunner.privateRun(SuiteRunner.java:373)\n\tat org.testng.SuiteRunner.run(SuiteRunner.java:312)\n\tat org.testng.SuiteRunnerWorker.runSuite(SuiteRunnerWorker.java:52)\n\tat org.testng.SuiteRunnerWorker.run(SuiteRunnerWorker.java:95)\n\tat org.testng.TestNG.runSuitesSequentially(TestNG.java:1274)\n\tat org.testng.TestNG.runSuitesLocally(TestNG.java:1208)\n\tat org.testng.TestNG.runSuites(TestNG.java:1112)\n\tat org.testng.TestNG.run(TestNG.java:1079)\n\tat org.apache.maven.surefire.testng.TestNGExecutor.run(TestNGExecutor.java:155)\n\tat org.apache.maven.surefire.testng.TestNGDirectoryTestSuite.executeMulti(TestNGDirectoryTestSuite.java:169)\n\tat org.apache.maven.surefire.testng.TestNGDirectoryTestSuite.execute(TestNGDirectoryTestSuite.java:88)\n\tat org.apache.maven.surefire.testng.TestNGProvider.invoke(TestNGProvider.java:137)\n\tat org.apache.maven.surefire.booter.ForkedBooter.runSuitesInProcess(ForkedBooter.java:385)\n\tat org.apache.maven.surefire.booter.ForkedBooter.execute(ForkedBooter.java:162)\n\tat org.apache.maven.surefire.booter.ForkedBooter.run(ForkedBooter.java:507)\n\tat org.apache.maven.surefire.booter.ForkedBooter.main(ForkedBooter.java:495)\n","steps":[],"attachments":[],"parameters":[],"shouldDisplayMessage":true,"stepsCount":0,"attachmentsCount":0,"hasContent":true,"attachmentStep":false}],"afterStages":[{"name":"teardown","time":{"start":1738907053809,"stop":1738907053809,"duration":0},"description":"","status":"broken","steps":[],"attachments":[],"parameters":[],"shouldDisplayMessage":false,"stepsCount":0,"attachmentsCount":0,"hasContent":false,"attachmentStep":false}],"labels":[{"name":"package","value":"school.redrover.api.restassured.MockUserTest"},{"name":"testClass","value":"school.redrover.api.restassured.MockUserTest"},{"name":"testMethod","value":"testMissingFieldReturns400"},{"name":"parentSuite","value":"Surefire suite"},{"name":"suite","value":"Surefire test"},{"name":"subSuite","value":"school.redrover.api.restassured.MockUserTest"},{"name":"host","value":"fv-az1391-634"},{"name":"thread","value":"2743@fv-az1391-634.main(1)"},{"name":"framework","value":"testng"},{"name":"language","value":"java"},{"name":"epic","value":"API"},{"name":"feature","value":"Mock user"},{"name":"resultFormat","value":"allure2"}],"parameters":[],"links":[],"hidden":false,"retry":false,"extra":{"severity":"normal","retries":[],"categories":[],"history":{"statistic":{"failed":0,"broken":0,"skipped":14,"passed":0,"unknown":0,"total":14},"items":[{"uid":"d23af4550dd2ea07","reportUrl":"https://RedRoverSchool.github.io/JenkinsQA_2024_fall/2767//#testresult/d23af4550dd2ea07","status":"skipped","statusDetails":"Skipping MockUserTest: Not running in QA environment","time":{"start":1738873056718,"stop":1738873056718,"duration":0}},{"uid":"26387ec1bb851db7","reportUrl":"https://RedRoverSchool.github.io/JenkinsQA_2024_fall/2766//#testresult/26387ec1bb851db7","status":"skipped","statusDetails":"Skipping MockUserTest: Not running in QA environment","time":{"start":1738858901355,"stop":1738858901355,"duration":0}},{"uid":"8a2a55fcaa7fe2c6","reportUrl":"https://RedRoverSchool.github.io/JenkinsQA_2024_fall/2764//#testresult/8a2a55fcaa7fe2c6","status":"skipped","statusDetails":"Skipping MockUserTest: Not running in QA environment","time":{"start":1738855000694,"stop":1738855000694,"duration":0}},{"uid":"53b554fb96243175","reportUrl":"https://RedRoverSchool.github.io/JenkinsQA_2024_fall/2763//#testresult/53b554fb96243175","status":"skipped","statusDetails":"Skipping MockUserTest: Not running in QA environment","time":{"start":1738853212176,"stop":1738853212176,"duration":0}},{"uid":"450a102864ffe00","reportUrl":"https://RedRoverSchool.github.io/JenkinsQA_2024_fall/2762//#testresult/450a102864ffe00","status":"skipped","statusDetails":"Skipping MockUserTest: Not running in QA environment","time":{"start":1738851765096,"stop":1738851765097,"duration":1}},{"uid":"3463335dd30f2e57","reportUrl":"https://RedRoverSchool.github.io/JenkinsQA_2024_fall/2761//#testresult/3463335dd30f2e57","status":"skipped","statusDetails":"Skipping MockUserTest: Not running in QA environment","time":{"start":1738850292835,"stop":1738850292835,"duration":0}},{"uid":"4309323d279a11f","reportUrl":"https://RedRoverSchool.github.io/JenkinsQA_2024_fall/2759//#testresult/4309323d279a11f","status":"skipped","statusDetails":"Skipping MockUserTest: Not running in QA environment","time":{"start":1738700041230,"stop":1738700041231,"duration":1}},{"uid":"d81c0020733554dd","reportUrl":"https://RedRoverSchool.github.io/JenkinsQA_2024_fall/2756//#testresult/d81c0020733554dd","status":"skipped","statusDetails":"Skipping MockUserTest: Not running in QA environment","time":{"start":1738657852554,"stop":1738657852554,"duration":0}},{"uid":"c218ea82ef18ec8f","reportUrl":"https://RedRoverSchool.github.io/JenkinsQA_2024_fall/2755//#testresult/c218ea82ef18ec8f","status":"skipped","statusDetails":"Skipping MockUserTest: Not running in QA environment","time":{"start":1738595134780,"stop":1738595134780,"duration":0}},{"uid":"7fcf68029bae2657","reportUrl":"https://RedRoverSchool.github.io/JenkinsQA_2024_fall/2753//#testresult/7fcf68029bae2657","status":"skipped","statusDetails":"Skipping MockUserTest: Not running in QA environment","time":{"start":1738592031059,"stop":1738592031059,"duration":0}},{"uid":"e325476cce3efdca","reportUrl":"https://RedRoverSchool.github.io/JenkinsQA_2024_fall/2752//#testresult/e325476cce3efdca","status":"skipped","statusDetails":"Skipping MockUserTest: Not running in QA environment","time":{"start":1738552201706,"stop":1738552201706,"duration":0}},{"uid":"31b5c9dce720ffe6","reportUrl":"https://RedRoverSchool.github.io/JenkinsQA_2024_fall/2752//#testresult/31b5c9dce720ffe6","status":"skipped","statusDetails":"Skipping MockUserTest: Not running in QA environment","time":{"start":1738550475667,"stop":1738550475667,"duration":0}},{"uid":"6c13c93b92374610","reportUrl":"https://RedRoverSchool.github.io/JenkinsQA_2024_fall/2751//#testresult/6c13c93b92374610","status":"skipped","statusDetails":"Skipping MockUserTest: Not running in QA environment","time":{"start":1738518003012,"stop":1738518003013,"duration":1}}]},"tags":[]},"source":"b77807a192bedfc2.json","parameterValues":[]}