{"uid":"49f836cd7f803c98","name":"testFullRequestReturns200","fullName":"school.redrover.api.restassured.MockUserTest.testFullRequestReturns200","historyId":"fbb50abd19488326967ea0596739232b","time":{"start":1739170917383,"stop":1739170917383,"duration":0},"description":"001 Create user with valid data","descriptionHtml":"<p>001 Create user with valid data</p>\n","status":"skipped","statusMessage":"Skipping MockUserTest: Not running in QA environment","statusTrace":"org.testng.SkipException: Skipping MockUserTest: Not running in QA environment\n\tat school.redrover.api.restassured.MockUserTest.stubs(MockUserTest.java:25)\n\tat java.base/jdk.internal.reflect.NativeMethodAccessorImpl.invoke0(Native Method)\n\tat java.base/jdk.internal.reflect.NativeMethodAccessorImpl.invoke(NativeMethodAccessorImpl.java:77)\n\tat java.base/jdk.internal.reflect.DelegatingMethodAccessorImpl.invoke(DelegatingMethodAccessorImpl.java:43)\n\tat java.base/java.lang.reflect.Method.invoke(Method.java:569)\n\tat org.testng.internal.invokers.MethodInvocationHelper.invokeMethod(MethodInvocationHelper.java:141)\n\tat org.testng.internal.invokers.MethodInvocationHelper.invokeMethodConsideringTimeout(MethodInvocationHelper.java:71)\n\tat org.testng.internal.invokers.ConfigInvoker.invokeConfigurationMethod(ConfigInvoker.java:400)\n\tat org.testng.internal.invokers.ConfigInvoker.invokeConfigurations(ConfigInvoker.java:333)\n\tat org.testng.internal.invokers.TestMethodWorker.invokeBeforeClassMethods(TestMethodWorker.java:188)\n\tat org.testng.internal.invokers.TestMethodWorker.run(TestMethodWorker.java:128)\n\tat java.base/java.util.ArrayList.forEach(ArrayList.java:1511)\n\tat org.testng.TestRunner.privateRun(TestRunner.java:739)\n\tat org.testng.TestRunner.run(TestRunner.java:614)\n\tat org.testng.SuiteRunner.runTest(SuiteRunner.java:421)\n\tat org.testng.SuiteRunner.runSequentially(SuiteRunner.java:413)\n\tat org.testng.SuiteRunner.privateRun(SuiteRunner.java:373)\n\tat org.testng.SuiteRunner.run(SuiteRunner.java:312)\n\tat org.testng.SuiteRunnerWorker.runSuite(SuiteRunnerWorker.java:52)\n\tat org.testng.SuiteRunnerWorker.run(SuiteRunnerWorker.java:95)\n\tat org.testng.TestNG.runSuitesSequentially(TestNG.java:1274)\n\tat org.testng.TestNG.runSuitesLocally(TestNG.java:1208)\n\tat org.testng.TestNG.runSuites(TestNG.java:1112)\n\tat org.testng.TestNG.run(TestNG.java:1079)\n\tat org.apache.maven.surefire.testng.TestNGExecutor.run(TestNGExecutor.java:155)\n\tat org.apache.maven.surefire.testng.TestNGDirectoryTestSuite.executeMulti(TestNGDirectoryTestSuite.java:169)\n\tat org.apache.maven.surefire.testng.TestNGDirectoryTestSuite.execute(TestNGDirectoryTestSuite.java:88)\n\tat org.apache.maven.surefire.testng.TestNGProvider.invoke(TestNGProvider.java:137)\n\tat org.apache.maven.surefire.booter.ForkedBooter.runSuitesInProcess(ForkedBooter.java:385)\n\tat org.apache.maven.surefire.booter.ForkedBooter.execute(ForkedBooter.java:162)\n\tat org.apache.maven.surefire.booter.ForkedBooter.run(ForkedBooter.java:507)\n\tat org.apache.maven.surefire.booter.ForkedBooter.main(ForkedBooter.java:495)\n","flaky":false,"newFailed":false,"newBroken":false,"newPassed":false,"retriesCount":0,"retriesStatusChange":false,"beforeStages":[{"name":"setup","time":{"start":1739170917058,"stop":1739170917380,"duration":322},"description":"","status":"passed","steps":[],"attachments":[],"parameters":[],"shouldDisplayMessage":false,"stepsCount":0,"attachmentsCount":0,"hasContent":false,"attachmentStep":false},{"name":"stubs","time":{"start":1739170917380,"stop":1739170917381,"duration":1},"description":"","status":"broken","statusMessage":"Skipping MockUserTest: Not running in QA environment","statusTrace":"org.testng.SkipException: Skipping MockUserTest: Not running in QA environment\n\tat school.redrover.api.restassured.MockUserTest.stubs(MockUserTest.java:25)\n\tat java.base/jdk.internal.reflect.NativeMethodAccessorImpl.invoke0(Native Method)\n\tat java.base/jdk.internal.reflect.NativeMethodAccessorImpl.invoke(NativeMethodAccessorImpl.java:77)\n\tat java.base/jdk.internal.reflect.DelegatingMethodAccessorImpl.invoke(DelegatingMethodAccessorImpl.java:43)\n\tat java.base/java.lang.reflect.Method.invoke(Method.java:569)\n\tat org.testng.internal.invokers.MethodInvocationHelper.invokeMethod(MethodInvocationHelper.java:141)\n\tat org.testng.internal.invokers.MethodInvocationHelper.invokeMethodConsideringTimeout(MethodInvocationHelper.java:71)\n\tat org.testng.internal.invokers.ConfigInvoker.invokeConfigurationMethod(ConfigInvoker.java:400)\n\tat org.testng.internal.invokers.ConfigInvoker.invokeConfigurations(ConfigInvoker.java:333)\n\tat org.testng.internal.invokers.TestMethodWorker.invokeBeforeClassMethods(TestMethodWorker.java:188)\n\tat org.testng.internal.invokers.TestMethodWorker.run(TestMethodWorker.java:128)\n\tat java.base/java.util.ArrayList.forEach(ArrayList.java:1511)\n\tat org.testng.TestRunner.privateRun(TestRunner.java:739)\n\tat org.testng.TestRunner.run(TestRunner.java:614)\n\tat org.testng.SuiteRunner.runTest(SuiteRunner.java:421)\n\tat org.testng.SuiteRunner.runSequentially(SuiteRunner.java:413)\n\tat org.testng.SuiteRunner.privateRun(SuiteRunner.java:373)\n\tat org.testng.SuiteRunner.run(SuiteRunner.java:312)\n\tat org.testng.SuiteRunnerWorker.runSuite(SuiteRunnerWorker.java:52)\n\tat org.testng.SuiteRunnerWorker.run(SuiteRunnerWorker.java:95)\n\tat org.testng.TestNG.runSuitesSequentially(TestNG.java:1274)\n\tat org.testng.TestNG.runSuitesLocally(TestNG.java:1208)\n\tat org.testng.TestNG.runSuites(TestNG.java:1112)\n\tat org.testng.TestNG.run(TestNG.java:1079)\n\tat org.apache.maven.surefire.testng.TestNGExecutor.run(TestNGExecutor.java:155)\n\tat org.apache.maven.surefire.testng.TestNGDirectoryTestSuite.executeMulti(TestNGDirectoryTestSuite.java:169)\n\tat org.apache.maven.surefire.testng.TestNGDirectoryTestSuite.execute(TestNGDirectoryTestSuite.java:88)\n\tat org.apache.maven.surefire.testng.TestNGProvider.invoke(TestNGProvider.java:137)\n\tat org.apache.maven.surefire.booter.ForkedBooter.runSuitesInProcess(ForkedBooter.java:385)\n\tat org.apache.maven.surefire.booter.ForkedBooter.execute(ForkedBooter.java:162)\n\tat org.apache.maven.surefire.booter.ForkedBooter.run(ForkedBooter.java:507)\n\tat org.apache.maven.surefire.booter.ForkedBooter.main(ForkedBooter.java:495)\n","steps":[],"attachments":[],"parameters":[],"shouldDisplayMessage":true,"stepsCount":0,"attachmentsCount":0,"hasContent":true,"attachmentStep":false}],"afterStages":[{"name":"teardown","time":{"start":1739170917385,"stop":1739170917385,"duration":0},"description":"","status":"broken","steps":[],"attachments":[],"parameters":[],"shouldDisplayMessage":false,"stepsCount":0,"attachmentsCount":0,"hasContent":false,"attachmentStep":false}],"labels":[{"name":"package","value":"school.redrover.api.restassured.MockUserTest"},{"name":"testClass","value":"school.redrover.api.restassured.MockUserTest"},{"name":"testMethod","value":"testFullRequestReturns200"},{"name":"parentSuite","value":"Surefire suite"},{"name":"suite","value":"Surefire test"},{"name":"subSuite","value":"school.redrover.api.restassured.MockUserTest"},{"name":"host","value":"fv-az1944-602"},{"name":"thread","value":"2746@fv-az1944-602.main(1)"},{"name":"framework","value":"testng"},{"name":"language","value":"java"},{"name":"epic","value":"API"},{"name":"feature","value":"Mock user"},{"name":"resultFormat","value":"allure2"}],"parameters":[],"links":[],"hidden":false,"retry":false,"extra":{"severity":"normal","retries":[],"categories":[],"history":{"statistic":{"failed":0,"broken":0,"skipped":34,"passed":0,"unknown":0,"total":34},"items":[{"uid":"81d9ba764e6b450","reportUrl":"https://RedRoverSchool.github.io/JenkinsQA_2024_fall/2794//#testresult/81d9ba764e6b450","status":"skipped","statusDetails":"Skipping MockUserTest: Not running in QA environment","time":{"start":1739169423507,"stop":1739169423507,"duration":0}},{"uid":"bd472fd20fe0c45c","reportUrl":"https://RedRoverSchool.github.io/JenkinsQA_2024_fall/2792//#testresult/bd472fd20fe0c45c","status":"skipped","statusDetails":"Skipping MockUserTest: Not running in QA environment","time":{"start":1739119964068,"stop":1739119964068,"duration":0}},{"uid":"71ba1e7376592362","reportUrl":"https://RedRoverSchool.github.io/JenkinsQA_2024_fall/2789//#testresult/71ba1e7376592362","status":"skipped","statusDetails":"Skipping MockUserTest: Not running in QA environment","time":{"start":1739113991898,"stop":1739113991898,"duration":0}},{"uid":"a2856fbb0a6898a3","reportUrl":"https://RedRoverSchool.github.io/JenkinsQA_2024_fall/2787//#testresult/a2856fbb0a6898a3","status":"skipped","statusDetails":"Skipping MockUserTest: Not running in QA environment","time":{"start":1739102042775,"stop":1739102042775,"duration":0}},{"uid":"dc995ab7d35b2c94","reportUrl":"https://RedRoverSchool.github.io/JenkinsQA_2024_fall/2786//#testresult/dc995ab7d35b2c94","status":"skipped","statusDetails":"Skipping MockUserTest: Not running in QA environment","time":{"start":1739100882916,"stop":1739100882916,"duration":0}},{"uid":"2fa46e9a9bbbb78e","reportUrl":"https://RedRoverSchool.github.io/JenkinsQA_2024_fall/2785//#testresult/2fa46e9a9bbbb78e","status":"skipped","statusDetails":"Skipping MockUserTest: Not running in QA environment","time":{"start":1739097213784,"stop":1739097213784,"duration":0}},{"uid":"c3b40abc9059b979","reportUrl":"https://RedRoverSchool.github.io/JenkinsQA_2024_fall/2784//#testresult/c3b40abc9059b979","status":"skipped","statusDetails":"Skipping MockUserTest: Not running in QA environment","time":{"start":1739095462238,"stop":1739095462238,"duration":0}},{"uid":"3875fcf0e507cddf","reportUrl":"https://RedRoverSchool.github.io/JenkinsQA_2024_fall/2783//#testresult/3875fcf0e507cddf","status":"skipped","statusDetails":"Skipping MockUserTest: Not running in QA environment","time":{"start":1739094164221,"stop":1739094164221,"duration":0}},{"uid":"7b95ad19e9a66550","reportUrl":"https://RedRoverSchool.github.io/JenkinsQA_2024_fall/2781//#testresult/7b95ad19e9a66550","status":"skipped","statusDetails":"Skipping MockUserTest: Not running in QA environment","time":{"start":1739080274355,"stop":1739080274358,"duration":3}},{"uid":"f3a32045b93c5df3","reportUrl":"https://RedRoverSchool.github.io/JenkinsQA_2024_fall/2780//#testresult/f3a32045b93c5df3","status":"skipped","statusDetails":"Skipping MockUserTest: Not running in QA environment","time":{"start":1739050413440,"stop":1739050413441,"duration":1}},{"uid":"a420f8dab076913a","reportUrl":"https://RedRoverSchool.github.io/JenkinsQA_2024_fall/2779//#testresult/a420f8dab076913a","status":"skipped","statusDetails":"Skipping MockUserTest: Not running in QA environment","time":{"start":1739037093897,"stop":1739037093897,"duration":0}},{"uid":"d54926730f259089","reportUrl":"https://RedRoverSchool.github.io/JenkinsQA_2024_fall/2778//#testresult/d54926730f259089","status":"skipped","statusDetails":"Skipping MockUserTest: Not running in QA environment","time":{"start":1739035421192,"stop":1739035421192,"duration":0}},{"uid":"fd967cb39f16685","reportUrl":"https://RedRoverSchool.github.io/JenkinsQA_2024_fall/2776//#testresult/fd967cb39f16685","status":"skipped","statusDetails":"Skipping MockUserTest: Not running in QA environment","time":{"start":1739017739738,"stop":1739017739739,"duration":1}},{"uid":"d30036c7a336d13c","reportUrl":"https://RedRoverSchool.github.io/JenkinsQA_2024_fall/2775//#testresult/d30036c7a336d13c","status":"skipped","statusDetails":"Skipping MockUserTest: Not running in QA environment","time":{"start":1739016375410,"stop":1739016375410,"duration":0}},{"uid":"b89064034b4d10ea","reportUrl":"https://RedRoverSchool.github.io/JenkinsQA_2024_fall/2774//#testresult/b89064034b4d10ea","status":"skipped","statusDetails":"Skipping MockUserTest: Not running in QA environment","time":{"start":1739013615037,"stop":1739013615037,"duration":0}},{"uid":"b31313a27f3a77d3","reportUrl":"https://RedRoverSchool.github.io/JenkinsQA_2024_fall/2773//#testresult/b31313a27f3a77d3","status":"skipped","statusDetails":"Skipping MockUserTest: Not running in QA environment","time":{"start":1739011944531,"stop":1739011944531,"duration":0}},{"uid":"f26d1d9220180813","reportUrl":"https://RedRoverSchool.github.io/JenkinsQA_2024_fall/2771//#testresult/f26d1d9220180813","status":"skipped","statusDetails":"Skipping MockUserTest: Not running in QA environment","time":{"start":1738960268452,"stop":1738960268452,"duration":0}},{"uid":"7ef94d38a08c424a","reportUrl":"https://RedRoverSchool.github.io/JenkinsQA_2024_fall/2770//#testresult/7ef94d38a08c424a","status":"skipped","statusDetails":"Skipping MockUserTest: Not running in QA environment","time":{"start":1738934631038,"stop":1738934631038,"duration":0}},{"uid":"d4e6cf722f5fbcf1","reportUrl":"https://RedRoverSchool.github.io/JenkinsQA_2024_fall/2769//#testresult/d4e6cf722f5fbcf1","status":"skipped","statusDetails":"Skipping MockUserTest: Not running in QA environment","time":{"start":1738931661119,"stop":1738931661119,"duration":0}},{"uid":"44097db9560e9ca9","reportUrl":"https://RedRoverSchool.github.io/JenkinsQA_2024_fall/2768//#testresult/44097db9560e9ca9","status":"skipped","statusDetails":"Skipping MockUserTest: Not running in QA environment","time":{"start":1738907053806,"stop":1738907053806,"duration":0}}]},"tags":[]},"source":"49f836cd7f803c98.json","parameterValues":[]}