{"uid":"d86152e73c477144","name":"testMissingFieldReturns400","fullName":"school.redrover.api.restassured.MockUserTest.testMissingFieldReturns400","historyId":"63c890cd879c825caf0de7f3264710b7","time":{"start":1739378347264,"stop":1739378347264,"duration":0},"description":"002 Create user without e-mail","descriptionHtml":"<p>002 Create user without e-mail</p>\n","status":"skipped","statusMessage":"Skipping MockUserTest: Not running in QA environment","statusTrace":"org.testng.SkipException: Skipping MockUserTest: Not running in QA environment\n\tat school.redrover.api.restassured.MockUserTest.stubs(MockUserTest.java:25)\n\tat java.base/jdk.internal.reflect.NativeMethodAccessorImpl.invoke0(Native Method)\n\tat java.base/jdk.internal.reflect.NativeMethodAccessorImpl.invoke(NativeMethodAccessorImpl.java:77)\n\tat java.base/jdk.internal.reflect.DelegatingMethodAccessorImpl.invoke(DelegatingMethodAccessorImpl.java:43)\n\tat java.base/java.lang.reflect.Method.invoke(Method.java:569)\n\tat org.testng.internal.invokers.MethodInvocationHelper.invokeMethod(MethodInvocationHelper.java:141)\n\tat org.testng.internal.invokers.MethodInvocationHelper.invokeMethodConsideringTimeout(MethodInvocationHelper.java:71)\n\tat org.testng.internal.invokers.ConfigInvoker.invokeConfigurationMethod(ConfigInvoker.java:400)\n\tat org.testng.internal.invokers.ConfigInvoker.invokeConfigurations(ConfigInvoker.java:333)\n\tat org.testng.internal.invokers.TestMethodWorker.invokeBeforeClassMethods(TestMethodWorker.java:188)\n\tat org.testng.internal.invokers.TestMethodWorker.run(TestMethodWorker.java:128)\n\tat java.base/java.util.ArrayList.forEach(ArrayList.java:1511)\n\tat org.testng.TestRunner.privateRun(TestRunner.java:739)\n\tat org.testng.TestRunner.run(TestRunner.java:614)\n\tat org.testng.SuiteRunner.runTest(SuiteRunner.java:421)\n\tat org.testng.SuiteRunner.runSequentially(SuiteRunner.java:413)\n\tat org.testng.SuiteRunner.privateRun(SuiteRunner.java:373)\n\tat org.testng.SuiteRunner.run(SuiteRunner.java:312)\n\tat org.testng.SuiteRunnerWorker.runSuite(SuiteRunnerWorker.java:52)\n\tat org.testng.SuiteRunnerWorker.run(SuiteRunnerWorker.java:95)\n\tat org.testng.TestNG.runSuitesSequentially(TestNG.java:1274)\n\tat org.testng.TestNG.runSuitesLocally(TestNG.java:1208)\n\tat org.testng.TestNG.runSuites(TestNG.java:1112)\n\tat org.testng.TestNG.run(TestNG.java:1079)\n\tat org.apache.maven.surefire.testng.TestNGExecutor.run(TestNGExecutor.java:155)\n\tat org.apache.maven.surefire.testng.TestNGDirectoryTestSuite.executeMulti(TestNGDirectoryTestSuite.java:169)\n\tat org.apache.maven.surefire.testng.TestNGDirectoryTestSuite.execute(TestNGDirectoryTestSuite.java:88)\n\tat org.apache.maven.surefire.testng.TestNGProvider.invoke(TestNGProvider.java:137)\n\tat org.apache.maven.surefire.booter.ForkedBooter.runSuitesInProcess(ForkedBooter.java:385)\n\tat org.apache.maven.surefire.booter.ForkedBooter.execute(ForkedBooter.java:162)\n\tat org.apache.maven.surefire.booter.ForkedBooter.run(ForkedBooter.java:507)\n\tat org.apache.maven.surefire.booter.ForkedBooter.main(ForkedBooter.java:495)\n","flaky":false,"newFailed":false,"newBroken":false,"newPassed":false,"retriesCount":0,"retriesStatusChange":false,"beforeStages":[{"name":"setup","time":{"start":1739378347027,"stop":1739378347259,"duration":232},"description":"","status":"passed","steps":[],"attachments":[],"parameters":[],"shouldDisplayMessage":false,"stepsCount":0,"attachmentsCount":0,"hasContent":false,"attachmentStep":false},{"name":"stubs","time":{"start":1739378347259,"stop":1739378347260,"duration":1},"description":"","status":"broken","statusMessage":"Skipping MockUserTest: Not running in QA environment","statusTrace":"org.testng.SkipException: Skipping MockUserTest: Not running in QA environment\n\tat school.redrover.api.restassured.MockUserTest.stubs(MockUserTest.java:25)\n\tat java.base/jdk.internal.reflect.NativeMethodAccessorImpl.invoke0(Native Method)\n\tat java.base/jdk.internal.reflect.NativeMethodAccessorImpl.invoke(NativeMethodAccessorImpl.java:77)\n\tat java.base/jdk.internal.reflect.DelegatingMethodAccessorImpl.invoke(DelegatingMethodAccessorImpl.java:43)\n\tat java.base/java.lang.reflect.Method.invoke(Method.java:569)\n\tat org.testng.internal.invokers.MethodInvocationHelper.invokeMethod(MethodInvocationHelper.java:141)\n\tat org.testng.internal.invokers.MethodInvocationHelper.invokeMethodConsideringTimeout(MethodInvocationHelper.java:71)\n\tat org.testng.internal.invokers.ConfigInvoker.invokeConfigurationMethod(ConfigInvoker.java:400)\n\tat org.testng.internal.invokers.ConfigInvoker.invokeConfigurations(ConfigInvoker.java:333)\n\tat org.testng.internal.invokers.TestMethodWorker.invokeBeforeClassMethods(TestMethodWorker.java:188)\n\tat org.testng.internal.invokers.TestMethodWorker.run(TestMethodWorker.java:128)\n\tat java.base/java.util.ArrayList.forEach(ArrayList.java:1511)\n\tat org.testng.TestRunner.privateRun(TestRunner.java:739)\n\tat org.testng.TestRunner.run(TestRunner.java:614)\n\tat org.testng.SuiteRunner.runTest(SuiteRunner.java:421)\n\tat org.testng.SuiteRunner.runSequentially(SuiteRunner.java:413)\n\tat org.testng.SuiteRunner.privateRun(SuiteRunner.java:373)\n\tat org.testng.SuiteRunner.run(SuiteRunner.java:312)\n\tat org.testng.SuiteRunnerWorker.runSuite(SuiteRunnerWorker.java:52)\n\tat org.testng.SuiteRunnerWorker.run(SuiteRunnerWorker.java:95)\n\tat org.testng.TestNG.runSuitesSequentially(TestNG.java:1274)\n\tat org.testng.TestNG.runSuitesLocally(TestNG.java:1208)\n\tat org.testng.TestNG.runSuites(TestNG.java:1112)\n\tat org.testng.TestNG.run(TestNG.java:1079)\n\tat org.apache.maven.surefire.testng.TestNGExecutor.run(TestNGExecutor.java:155)\n\tat org.apache.maven.surefire.testng.TestNGDirectoryTestSuite.executeMulti(TestNGDirectoryTestSuite.java:169)\n\tat org.apache.maven.surefire.testng.TestNGDirectoryTestSuite.execute(TestNGDirectoryTestSuite.java:88)\n\tat org.apache.maven.surefire.testng.TestNGProvider.invoke(TestNGProvider.java:137)\n\tat org.apache.maven.surefire.booter.ForkedBooter.runSuitesInProcess(ForkedBooter.java:385)\n\tat org.apache.maven.surefire.booter.ForkedBooter.execute(ForkedBooter.java:162)\n\tat org.apache.maven.surefire.booter.ForkedBooter.run(ForkedBooter.java:507)\n\tat org.apache.maven.surefire.booter.ForkedBooter.main(ForkedBooter.java:495)\n","steps":[],"attachments":[],"parameters":[],"shouldDisplayMessage":true,"stepsCount":0,"attachmentsCount":0,"hasContent":true,"attachmentStep":false}],"afterStages":[{"name":"teardown","time":{"start":1739378347265,"stop":1739378347265,"duration":0},"description":"","status":"broken","steps":[],"attachments":[],"parameters":[],"shouldDisplayMessage":false,"stepsCount":0,"attachmentsCount":0,"hasContent":false,"attachmentStep":false}],"labels":[{"name":"package","value":"school.redrover.api.restassured.MockUserTest"},{"name":"testClass","value":"school.redrover.api.restassured.MockUserTest"},{"name":"testMethod","value":"testMissingFieldReturns400"},{"name":"parentSuite","value":"Surefire suite"},{"name":"suite","value":"Surefire test"},{"name":"subSuite","value":"school.redrover.api.restassured.MockUserTest"},{"name":"host","value":"fv-az1720-841"},{"name":"thread","value":"2708@fv-az1720-841.main(1)"},{"name":"framework","value":"testng"},{"name":"language","value":"java"},{"name":"epic","value":"API"},{"name":"feature","value":"Mock user"},{"name":"resultFormat","value":"allure2"}],"parameters":[],"links":[],"hidden":false,"retry":false,"extra":{"severity":"normal","retries":[],"categories":[],"history":{"statistic":{"failed":0,"broken":0,"skipped":37,"passed":0,"unknown":0,"total":37},"items":[{"uid":"d2cb49eb4b4cda30","reportUrl":"https://RedRoverSchool.github.io/JenkinsQA_2024_fall/2803//#testresult/d2cb49eb4b4cda30","status":"skipped","statusDetails":"Skipping MockUserTest: Not running in QA environment","time":{"start":1739241116358,"stop":1739241116358,"duration":0}},{"uid":"4ffef618b3dfe167","reportUrl":"https://RedRoverSchool.github.io/JenkinsQA_2024_fall/2796//#testresult/4ffef618b3dfe167","status":"skipped","statusDetails":"Skipping MockUserTest: Not running in QA environment","time":{"start":1739174594559,"stop":1739174594559,"duration":0}},{"uid":"65a30e80e6ceef4d","reportUrl":"https://RedRoverSchool.github.io/JenkinsQA_2024_fall/2794//#testresult/65a30e80e6ceef4d","status":"skipped","statusDetails":"Skipping MockUserTest: Not running in QA environment","time":{"start":1739170917385,"stop":1739170917385,"duration":0}},{"uid":"1e51f80664450258","reportUrl":"https://RedRoverSchool.github.io/JenkinsQA_2024_fall/2794//#testresult/1e51f80664450258","status":"skipped","statusDetails":"Skipping MockUserTest: Not running in QA environment","time":{"start":1739169423509,"stop":1739169423509,"duration":0}},{"uid":"d33f77ba7f2e7684","reportUrl":"https://RedRoverSchool.github.io/JenkinsQA_2024_fall/2792//#testresult/d33f77ba7f2e7684","status":"skipped","statusDetails":"Skipping MockUserTest: Not running in QA environment","time":{"start":1739119964069,"stop":1739119964069,"duration":0}},{"uid":"93fbb74e29e55390","reportUrl":"https://RedRoverSchool.github.io/JenkinsQA_2024_fall/2789//#testresult/93fbb74e29e55390","status":"skipped","statusDetails":"Skipping MockUserTest: Not running in QA environment","time":{"start":1739113991900,"stop":1739113991900,"duration":0}},{"uid":"e5a0bb2f1dfefbc0","reportUrl":"https://RedRoverSchool.github.io/JenkinsQA_2024_fall/2787//#testresult/e5a0bb2f1dfefbc0","status":"skipped","statusDetails":"Skipping MockUserTest: Not running in QA environment","time":{"start":1739102042777,"stop":1739102042777,"duration":0}},{"uid":"75c349003b7a2005","reportUrl":"https://RedRoverSchool.github.io/JenkinsQA_2024_fall/2786//#testresult/75c349003b7a2005","status":"skipped","statusDetails":"Skipping MockUserTest: Not running in QA environment","time":{"start":1739100882917,"stop":1739100882917,"duration":0}},{"uid":"d01a5168198e5062","reportUrl":"https://RedRoverSchool.github.io/JenkinsQA_2024_fall/2785//#testresult/d01a5168198e5062","status":"skipped","statusDetails":"Skipping MockUserTest: Not running in QA environment","time":{"start":1739097213786,"stop":1739097213786,"duration":0}},{"uid":"fe606cc7f75fb36","reportUrl":"https://RedRoverSchool.github.io/JenkinsQA_2024_fall/2784//#testresult/fe606cc7f75fb36","status":"skipped","statusDetails":"Skipping MockUserTest: Not running in QA environment","time":{"start":1739095462239,"stop":1739095462239,"duration":0}},{"uid":"ed7f60515b94ffcd","reportUrl":"https://RedRoverSchool.github.io/JenkinsQA_2024_fall/2783//#testresult/ed7f60515b94ffcd","status":"skipped","statusDetails":"Skipping MockUserTest: Not running in QA environment","time":{"start":1739094164223,"stop":1739094164223,"duration":0}},{"uid":"197405bf29d5952","reportUrl":"https://RedRoverSchool.github.io/JenkinsQA_2024_fall/2781//#testresult/197405bf29d5952","status":"skipped","statusDetails":"Skipping MockUserTest: Not running in QA environment","time":{"start":1739080274360,"stop":1739080274360,"duration":0}},{"uid":"1af7381358f4e69","reportUrl":"https://RedRoverSchool.github.io/JenkinsQA_2024_fall/2780//#testresult/1af7381358f4e69","status":"skipped","statusDetails":"Skipping MockUserTest: Not running in QA environment","time":{"start":1739050413443,"stop":1739050413443,"duration":0}},{"uid":"c49efddf2580841a","reportUrl":"https://RedRoverSchool.github.io/JenkinsQA_2024_fall/2779//#testresult/c49efddf2580841a","status":"skipped","statusDetails":"Skipping MockUserTest: Not running in QA environment","time":{"start":1739037093899,"stop":1739037093899,"duration":0}},{"uid":"7064e17f6903b3f","reportUrl":"https://RedRoverSchool.github.io/JenkinsQA_2024_fall/2778//#testresult/7064e17f6903b3f","status":"skipped","statusDetails":"Skipping MockUserTest: Not running in QA environment","time":{"start":1739035421194,"stop":1739035421194,"duration":0}},{"uid":"5abda15df37585ae","reportUrl":"https://RedRoverSchool.github.io/JenkinsQA_2024_fall/2776//#testresult/5abda15df37585ae","status":"skipped","statusDetails":"Skipping MockUserTest: Not running in QA environment","time":{"start":1739017739740,"stop":1739017739740,"duration":0}},{"uid":"a691e54777b948c9","reportUrl":"https://RedRoverSchool.github.io/JenkinsQA_2024_fall/2775//#testresult/a691e54777b948c9","status":"skipped","statusDetails":"Skipping MockUserTest: Not running in QA environment","time":{"start":1739016375412,"stop":1739016375412,"duration":0}},{"uid":"eac1455fbb23816e","reportUrl":"https://RedRoverSchool.github.io/JenkinsQA_2024_fall/2774//#testresult/eac1455fbb23816e","status":"skipped","statusDetails":"Skipping MockUserTest: Not running in QA environment","time":{"start":1739013615039,"stop":1739013615039,"duration":0}},{"uid":"a67ca38d7e84f72d","reportUrl":"https://RedRoverSchool.github.io/JenkinsQA_2024_fall/2773//#testresult/a67ca38d7e84f72d","status":"skipped","statusDetails":"Skipping MockUserTest: Not running in QA environment","time":{"start":1739011944533,"stop":1739011944533,"duration":0}},{"uid":"fae65536ab5d4c58","reportUrl":"https://RedRoverSchool.github.io/JenkinsQA_2024_fall/2771//#testresult/fae65536ab5d4c58","status":"skipped","statusDetails":"Skipping MockUserTest: Not running in QA environment","time":{"start":1738960268454,"stop":1738960268454,"duration":0}}]},"tags":[]},"source":"d86152e73c477144.json","parameterValues":[]}