{"uid":"f26d1d9220180813","name":"testFullRequestReturns200","fullName":"school.redrover.api.restassured.MockUserTest.testFullRequestReturns200","historyId":"fbb50abd19488326967ea0596739232b","time":{"start":1738960268452,"stop":1738960268452,"duration":0},"description":"001 Create user with valid data","descriptionHtml":"<p>001 Create user with valid data</p>\n","status":"skipped","statusMessage":"Skipping MockUserTest: Not running in QA environment","statusTrace":"org.testng.SkipException: Skipping MockUserTest: Not running in QA environment\n\tat school.redrover.api.restassured.MockUserTest.stubs(MockUserTest.java:25)\n\tat java.base/jdk.internal.reflect.NativeMethodAccessorImpl.invoke0(Native Method)\n\tat java.base/jdk.internal.reflect.NativeMethodAccessorImpl.invoke(NativeMethodAccessorImpl.java:77)\n\tat java.base/jdk.internal.reflect.DelegatingMethodAccessorImpl.invoke(DelegatingMethodAccessorImpl.java:43)\n\tat java.base/java.lang.reflect.Method.invoke(Method.java:569)\n\tat org.testng.internal.invokers.MethodInvocationHelper.invokeMethod(MethodInvocationHelper.java:141)\n\tat org.testng.internal.invokers.MethodInvocationHelper.invokeMethodConsideringTimeout(MethodInvocationHelper.java:71)\n\tat org.testng.internal.invokers.ConfigInvoker.invokeConfigurationMethod(ConfigInvoker.java:400)\n\tat org.testng.internal.invokers.ConfigInvoker.invokeConfigurations(ConfigInvoker.java:333)\n\tat org.testng.internal.invokers.TestMethodWorker.invokeBeforeClassMethods(TestMethodWorker.java:188)\n\tat org.testng.internal.invokers.TestMethodWorker.run(TestMethodWorker.java:128)\n\tat java.base/java.util.ArrayList.forEach(ArrayList.java:1511)\n\tat org.testng.TestRunner.privateRun(TestRunner.java:739)\n\tat org.testng.TestRunner.run(TestRunner.java:614)\n\tat org.testng.SuiteRunner.runTest(SuiteRunner.java:421)\n\tat org.testng.SuiteRunner.runSequentially(SuiteRunner.java:413)\n\tat org.testng.SuiteRunner.privateRun(SuiteRunner.java:373)\n\tat org.testng.SuiteRunner.run(SuiteRunner.java:312)\n\tat org.testng.SuiteRunnerWorker.runSuite(SuiteRunnerWorker.java:52)\n\tat org.testng.SuiteRunnerWorker.run(SuiteRunnerWorker.java:95)\n\tat org.testng.TestNG.runSuitesSequentially(TestNG.java:1274)\n\tat org.testng.TestNG.runSuitesLocally(TestNG.java:1208)\n\tat org.testng.TestNG.runSuites(TestNG.java:1112)\n\tat org.testng.TestNG.run(TestNG.java:1079)\n\tat org.apache.maven.surefire.testng.TestNGExecutor.run(TestNGExecutor.java:155)\n\tat org.apache.maven.surefire.testng.TestNGDirectoryTestSuite.executeMulti(TestNGDirectoryTestSuite.java:169)\n\tat org.apache.maven.surefire.testng.TestNGDirectoryTestSuite.execute(TestNGDirectoryTestSuite.java:88)\n\tat org.apache.maven.surefire.testng.TestNGProvider.invoke(TestNGProvider.java:137)\n\tat org.apache.maven.surefire.booter.ForkedBooter.runSuitesInProcess(ForkedBooter.java:385)\n\tat org.apache.maven.surefire.booter.ForkedBooter.execute(ForkedBooter.java:162)\n\tat org.apache.maven.surefire.booter.ForkedBooter.run(ForkedBooter.java:507)\n\tat org.apache.maven.surefire.booter.ForkedBooter.main(ForkedBooter.java:495)\n","flaky":false,"newFailed":false,"newBroken":false,"newPassed":false,"retriesCount":0,"retriesStatusChange":false,"beforeStages":[{"name":"setup","time":{"start":1738960268117,"stop":1738960268448,"duration":331},"description":"","status":"passed","steps":[],"attachments":[],"parameters":[],"shouldDisplayMessage":false,"stepsCount":0,"attachmentsCount":0,"hasContent":false,"attachmentStep":false},{"name":"stubs","time":{"start":1738960268448,"stop":1738960268450,"duration":2},"description":"","status":"broken","statusMessage":"Skipping MockUserTest: Not running in QA environment","statusTrace":"org.testng.SkipException: Skipping MockUserTest: Not running in QA environment\n\tat school.redrover.api.restassured.MockUserTest.stubs(MockUserTest.java:25)\n\tat java.base/jdk.internal.reflect.NativeMethodAccessorImpl.invoke0(Native Method)\n\tat java.base/jdk.internal.reflect.NativeMethodAccessorImpl.invoke(NativeMethodAccessorImpl.java:77)\n\tat java.base/jdk.internal.reflect.DelegatingMethodAccessorImpl.invoke(DelegatingMethodAccessorImpl.java:43)\n\tat java.base/java.lang.reflect.Method.invoke(Method.java:569)\n\tat org.testng.internal.invokers.MethodInvocationHelper.invokeMethod(MethodInvocationHelper.java:141)\n\tat org.testng.internal.invokers.MethodInvocationHelper.invokeMethodConsideringTimeout(MethodInvocationHelper.java:71)\n\tat org.testng.internal.invokers.ConfigInvoker.invokeConfigurationMethod(ConfigInvoker.java:400)\n\tat org.testng.internal.invokers.ConfigInvoker.invokeConfigurations(ConfigInvoker.java:333)\n\tat org.testng.internal.invokers.TestMethodWorker.invokeBeforeClassMethods(TestMethodWorker.java:188)\n\tat org.testng.internal.invokers.TestMethodWorker.run(TestMethodWorker.java:128)\n\tat java.base/java.util.ArrayList.forEach(ArrayList.java:1511)\n\tat org.testng.TestRunner.privateRun(TestRunner.java:739)\n\tat org.testng.TestRunner.run(TestRunner.java:614)\n\tat org.testng.SuiteRunner.runTest(SuiteRunner.java:421)\n\tat org.testng.SuiteRunner.runSequentially(SuiteRunner.java:413)\n\tat org.testng.SuiteRunner.privateRun(SuiteRunner.java:373)\n\tat org.testng.SuiteRunner.run(SuiteRunner.java:312)\n\tat org.testng.SuiteRunnerWorker.runSuite(SuiteRunnerWorker.java:52)\n\tat org.testng.SuiteRunnerWorker.run(SuiteRunnerWorker.java:95)\n\tat org.testng.TestNG.runSuitesSequentially(TestNG.java:1274)\n\tat org.testng.TestNG.runSuitesLocally(TestNG.java:1208)\n\tat org.testng.TestNG.runSuites(TestNG.java:1112)\n\tat org.testng.TestNG.run(TestNG.java:1079)\n\tat org.apache.maven.surefire.testng.TestNGExecutor.run(TestNGExecutor.java:155)\n\tat org.apache.maven.surefire.testng.TestNGDirectoryTestSuite.executeMulti(TestNGDirectoryTestSuite.java:169)\n\tat org.apache.maven.surefire.testng.TestNGDirectoryTestSuite.execute(TestNGDirectoryTestSuite.java:88)\n\tat org.apache.maven.surefire.testng.TestNGProvider.invoke(TestNGProvider.java:137)\n\tat org.apache.maven.surefire.booter.ForkedBooter.runSuitesInProcess(ForkedBooter.java:385)\n\tat org.apache.maven.surefire.booter.ForkedBooter.execute(ForkedBooter.java:162)\n\tat org.apache.maven.surefire.booter.ForkedBooter.run(ForkedBooter.java:507)\n\tat org.apache.maven.surefire.booter.ForkedBooter.main(ForkedBooter.java:495)\n","steps":[],"attachments":[],"parameters":[],"shouldDisplayMessage":true,"stepsCount":0,"attachmentsCount":0,"hasContent":true,"attachmentStep":false}],"afterStages":[{"name":"teardown","time":{"start":1738960268454,"stop":1738960268454,"duration":0},"description":"","status":"broken","steps":[],"attachments":[],"parameters":[],"shouldDisplayMessage":false,"stepsCount":0,"attachmentsCount":0,"hasContent":false,"attachmentStep":false}],"labels":[{"name":"package","value":"school.redrover.api.restassured.MockUserTest"},{"name":"testClass","value":"school.redrover.api.restassured.MockUserTest"},{"name":"testMethod","value":"testFullRequestReturns200"},{"name":"parentSuite","value":"Surefire suite"},{"name":"suite","value":"Surefire test"},{"name":"subSuite","value":"school.redrover.api.restassured.MockUserTest"},{"name":"host","value":"fv-az1373-3"},{"name":"thread","value":"2793@fv-az1373-3.main(1)"},{"name":"framework","value":"testng"},{"name":"language","value":"java"},{"name":"epic","value":"API"},{"name":"feature","value":"Mock user"},{"name":"resultFormat","value":"allure2"}],"parameters":[],"links":[],"hidden":false,"retry":false,"extra":{"severity":"normal","retries":[],"categories":[],"history":{"statistic":{"failed":0,"broken":0,"skipped":17,"passed":0,"unknown":0,"total":17},"items":[{"uid":"7ef94d38a08c424a","reportUrl":"https://RedRoverSchool.github.io/JenkinsQA_2024_fall/2770//#testresult/7ef94d38a08c424a","status":"skipped","statusDetails":"Skipping MockUserTest: Not running in QA environment","time":{"start":1738934631038,"stop":1738934631038,"duration":0}},{"uid":"d4e6cf722f5fbcf1","reportUrl":"https://RedRoverSchool.github.io/JenkinsQA_2024_fall/2769//#testresult/d4e6cf722f5fbcf1","status":"skipped","statusDetails":"Skipping MockUserTest: Not running in QA environment","time":{"start":1738931661119,"stop":1738931661119,"duration":0}},{"uid":"44097db9560e9ca9","reportUrl":"https://RedRoverSchool.github.io/JenkinsQA_2024_fall/2768//#testresult/44097db9560e9ca9","status":"skipped","statusDetails":"Skipping MockUserTest: Not running in QA environment","time":{"start":1738907053806,"stop":1738907053806,"duration":0}},{"uid":"ba648a658f3731b","reportUrl":"https://RedRoverSchool.github.io/JenkinsQA_2024_fall/2767//#testresult/ba648a658f3731b","status":"skipped","statusDetails":"Skipping MockUserTest: Not running in QA environment","time":{"start":1738873056716,"stop":1738873056716,"duration":0}},{"uid":"d802cc99da0d3001","reportUrl":"https://RedRoverSchool.github.io/JenkinsQA_2024_fall/2766//#testresult/d802cc99da0d3001","status":"skipped","statusDetails":"Skipping MockUserTest: Not running in QA environment","time":{"start":1738858901353,"stop":1738858901353,"duration":0}},{"uid":"81b7b9e0ccc6858e","reportUrl":"https://RedRoverSchool.github.io/JenkinsQA_2024_fall/2764//#testresult/81b7b9e0ccc6858e","status":"skipped","statusDetails":"Skipping MockUserTest: Not running in QA environment","time":{"start":1738855000691,"stop":1738855000692,"duration":1}},{"uid":"ab75cd40615c5686","reportUrl":"https://RedRoverSchool.github.io/JenkinsQA_2024_fall/2763//#testresult/ab75cd40615c5686","status":"skipped","statusDetails":"Skipping MockUserTest: Not running in QA environment","time":{"start":1738853212174,"stop":1738853212174,"duration":0}},{"uid":"ad89db326f680752","reportUrl":"https://RedRoverSchool.github.io/JenkinsQA_2024_fall/2762//#testresult/ad89db326f680752","status":"skipped","statusDetails":"Skipping MockUserTest: Not running in QA environment","time":{"start":1738851765094,"stop":1738851765094,"duration":0}},{"uid":"854e17421fdec4","reportUrl":"https://RedRoverSchool.github.io/JenkinsQA_2024_fall/2761//#testresult/854e17421fdec4","status":"skipped","statusDetails":"Skipping MockUserTest: Not running in QA environment","time":{"start":1738850292833,"stop":1738850292833,"duration":0}},{"uid":"f7245672330a11e4","reportUrl":"https://RedRoverSchool.github.io/JenkinsQA_2024_fall/2759//#testresult/f7245672330a11e4","status":"skipped","statusDetails":"Skipping MockUserTest: Not running in QA environment","time":{"start":1738700041226,"stop":1738700041226,"duration":0}},{"uid":"5fd926e90080bf33","reportUrl":"https://RedRoverSchool.github.io/JenkinsQA_2024_fall/2756//#testresult/5fd926e90080bf33","status":"skipped","statusDetails":"Skipping MockUserTest: Not running in QA environment","time":{"start":1738657852552,"stop":1738657852552,"duration":0}},{"uid":"bae24a876ce80df5","reportUrl":"https://RedRoverSchool.github.io/JenkinsQA_2024_fall/2755//#testresult/bae24a876ce80df5","status":"skipped","statusDetails":"Skipping MockUserTest: Not running in QA environment","time":{"start":1738595134778,"stop":1738595134778,"duration":0}},{"uid":"7b5ed90748f1bf85","reportUrl":"https://RedRoverSchool.github.io/JenkinsQA_2024_fall/2753//#testresult/7b5ed90748f1bf85","status":"skipped","statusDetails":"Skipping MockUserTest: Not running in QA environment","time":{"start":1738592031056,"stop":1738592031056,"duration":0}},{"uid":"978c9cf1246437b6","reportUrl":"https://RedRoverSchool.github.io/JenkinsQA_2024_fall/2752//#testresult/978c9cf1246437b6","status":"skipped","statusDetails":"Skipping MockUserTest: Not running in QA environment","time":{"start":1738552201699,"stop":1738552201699,"duration":0}},{"uid":"397dcdf6425acbab","reportUrl":"https://RedRoverSchool.github.io/JenkinsQA_2024_fall/2752//#testresult/397dcdf6425acbab","status":"skipped","statusDetails":"Skipping MockUserTest: Not running in QA environment","time":{"start":1738550475665,"stop":1738550475665,"duration":0}},{"uid":"bb65468833227799","reportUrl":"https://RedRoverSchool.github.io/JenkinsQA_2024_fall/2751//#testresult/bb65468833227799","status":"skipped","statusDetails":"Skipping MockUserTest: Not running in QA environment","time":{"start":1738518003009,"stop":1738518003010,"duration":1}}]},"tags":[]},"source":"f26d1d9220180813.json","parameterValues":[]}