{"uid":"c97cc7abe07f21e7","name":"testMissingFieldReturns400","fullName":"school.redrover.api.restassured.MockUserTest.testMissingFieldReturns400","historyId":"63c890cd879c825caf0de7f3264710b7","time":{"start":1739858424514,"stop":1739858424515,"duration":1},"description":"002 Create user without e-mail","descriptionHtml":"<p>002 Create user without e-mail</p>\n","status":"skipped","statusMessage":"Skipping MockUserTest: Not running in QA environment","statusTrace":"org.testng.SkipException: Skipping MockUserTest: Not running in QA environment\n\tat school.redrover.api.restassured.MockUserTest.stubs(MockUserTest.java:25)\n\tat java.base/jdk.internal.reflect.NativeMethodAccessorImpl.invoke0(Native Method)\n\tat java.base/jdk.internal.reflect.NativeMethodAccessorImpl.invoke(NativeMethodAccessorImpl.java:77)\n\tat java.base/jdk.internal.reflect.DelegatingMethodAccessorImpl.invoke(DelegatingMethodAccessorImpl.java:43)\n\tat java.base/java.lang.reflect.Method.invoke(Method.java:569)\n\tat org.testng.internal.invokers.MethodInvocationHelper.invokeMethod(MethodInvocationHelper.java:141)\n\tat org.testng.internal.invokers.MethodInvocationHelper.invokeMethodConsideringTimeout(MethodInvocationHelper.java:71)\n\tat org.testng.internal.invokers.ConfigInvoker.invokeConfigurationMethod(ConfigInvoker.java:400)\n\tat org.testng.internal.invokers.ConfigInvoker.invokeConfigurations(ConfigInvoker.java:333)\n\tat org.testng.internal.invokers.TestMethodWorker.invokeBeforeClassMethods(TestMethodWorker.java:188)\n\tat org.testng.internal.invokers.TestMethodWorker.run(TestMethodWorker.java:128)\n\tat java.base/java.util.ArrayList.forEach(ArrayList.java:1511)\n\tat org.testng.TestRunner.privateRun(TestRunner.java:739)\n\tat org.testng.TestRunner.run(TestRunner.java:614)\n\tat org.testng.SuiteRunner.runTest(SuiteRunner.java:421)\n\tat org.testng.SuiteRunner.runSequentially(SuiteRunner.java:413)\n\tat org.testng.SuiteRunner.privateRun(SuiteRunner.java:373)\n\tat org.testng.SuiteRunner.run(SuiteRunner.java:312)\n\tat org.testng.SuiteRunnerWorker.runSuite(SuiteRunnerWorker.java:52)\n\tat org.testng.SuiteRunnerWorker.run(SuiteRunnerWorker.java:95)\n\tat org.testng.TestNG.runSuitesSequentially(TestNG.java:1274)\n\tat org.testng.TestNG.runSuitesLocally(TestNG.java:1208)\n\tat org.testng.TestNG.runSuites(TestNG.java:1112)\n\tat org.testng.TestNG.run(TestNG.java:1079)\n\tat org.apache.maven.surefire.testng.TestNGExecutor.run(TestNGExecutor.java:155)\n\tat org.apache.maven.surefire.testng.TestNGDirectoryTestSuite.executeMulti(TestNGDirectoryTestSuite.java:169)\n\tat org.apache.maven.surefire.testng.TestNGDirectoryTestSuite.execute(TestNGDirectoryTestSuite.java:88)\n\tat org.apache.maven.surefire.testng.TestNGProvider.invoke(TestNGProvider.java:137)\n\tat org.apache.maven.surefire.booter.ForkedBooter.runSuitesInProcess(ForkedBooter.java:385)\n\tat org.apache.maven.surefire.booter.ForkedBooter.execute(ForkedBooter.java:162)\n\tat org.apache.maven.surefire.booter.ForkedBooter.run(ForkedBooter.java:507)\n\tat org.apache.maven.surefire.booter.ForkedBooter.main(ForkedBooter.java:495)\n","flaky":false,"newFailed":false,"newBroken":false,"newPassed":false,"retriesCount":0,"retriesStatusChange":false,"beforeStages":[{"name":"setup","time":{"start":1739858424252,"stop":1739858424510,"duration":258},"description":"","status":"passed","steps":[],"attachments":[],"parameters":[],"shouldDisplayMessage":false,"stepsCount":0,"attachmentsCount":0,"hasContent":false,"attachmentStep":false},{"name":"stubs","time":{"start":1739858424511,"stop":1739858424512,"duration":1},"description":"","status":"broken","statusMessage":"Skipping MockUserTest: Not running in QA environment","statusTrace":"org.testng.SkipException: Skipping MockUserTest: Not running in QA environment\n\tat school.redrover.api.restassured.MockUserTest.stubs(MockUserTest.java:25)\n\tat java.base/jdk.internal.reflect.NativeMethodAccessorImpl.invoke0(Native Method)\n\tat java.base/jdk.internal.reflect.NativeMethodAccessorImpl.invoke(NativeMethodAccessorImpl.java:77)\n\tat java.base/jdk.internal.reflect.DelegatingMethodAccessorImpl.invoke(DelegatingMethodAccessorImpl.java:43)\n\tat java.base/java.lang.reflect.Method.invoke(Method.java:569)\n\tat org.testng.internal.invokers.MethodInvocationHelper.invokeMethod(MethodInvocationHelper.java:141)\n\tat org.testng.internal.invokers.MethodInvocationHelper.invokeMethodConsideringTimeout(MethodInvocationHelper.java:71)\n\tat org.testng.internal.invokers.ConfigInvoker.invokeConfigurationMethod(ConfigInvoker.java:400)\n\tat org.testng.internal.invokers.ConfigInvoker.invokeConfigurations(ConfigInvoker.java:333)\n\tat org.testng.internal.invokers.TestMethodWorker.invokeBeforeClassMethods(TestMethodWorker.java:188)\n\tat org.testng.internal.invokers.TestMethodWorker.run(TestMethodWorker.java:128)\n\tat java.base/java.util.ArrayList.forEach(ArrayList.java:1511)\n\tat org.testng.TestRunner.privateRun(TestRunner.java:739)\n\tat org.testng.TestRunner.run(TestRunner.java:614)\n\tat org.testng.SuiteRunner.runTest(SuiteRunner.java:421)\n\tat org.testng.SuiteRunner.runSequentially(SuiteRunner.java:413)\n\tat org.testng.SuiteRunner.privateRun(SuiteRunner.java:373)\n\tat org.testng.SuiteRunner.run(SuiteRunner.java:312)\n\tat org.testng.SuiteRunnerWorker.runSuite(SuiteRunnerWorker.java:52)\n\tat org.testng.SuiteRunnerWorker.run(SuiteRunnerWorker.java:95)\n\tat org.testng.TestNG.runSuitesSequentially(TestNG.java:1274)\n\tat org.testng.TestNG.runSuitesLocally(TestNG.java:1208)\n\tat org.testng.TestNG.runSuites(TestNG.java:1112)\n\tat org.testng.TestNG.run(TestNG.java:1079)\n\tat org.apache.maven.surefire.testng.TestNGExecutor.run(TestNGExecutor.java:155)\n\tat org.apache.maven.surefire.testng.TestNGDirectoryTestSuite.executeMulti(TestNGDirectoryTestSuite.java:169)\n\tat org.apache.maven.surefire.testng.TestNGDirectoryTestSuite.execute(TestNGDirectoryTestSuite.java:88)\n\tat org.apache.maven.surefire.testng.TestNGProvider.invoke(TestNGProvider.java:137)\n\tat org.apache.maven.surefire.booter.ForkedBooter.runSuitesInProcess(ForkedBooter.java:385)\n\tat org.apache.maven.surefire.booter.ForkedBooter.execute(ForkedBooter.java:162)\n\tat org.apache.maven.surefire.booter.ForkedBooter.run(ForkedBooter.java:507)\n\tat org.apache.maven.surefire.booter.ForkedBooter.main(ForkedBooter.java:495)\n","steps":[],"attachments":[],"parameters":[],"shouldDisplayMessage":true,"stepsCount":0,"attachmentsCount":0,"hasContent":true,"attachmentStep":false}],"afterStages":[{"name":"teardown","time":{"start":1739858424515,"stop":1739858424515,"duration":0},"description":"","status":"broken","steps":[],"attachments":[],"parameters":[],"shouldDisplayMessage":false,"stepsCount":0,"attachmentsCount":0,"hasContent":false,"attachmentStep":false}],"labels":[{"name":"package","value":"school.redrover.api.restassured.MockUserTest"},{"name":"testClass","value":"school.redrover.api.restassured.MockUserTest"},{"name":"testMethod","value":"testMissingFieldReturns400"},{"name":"parentSuite","value":"Surefire suite"},{"name":"suite","value":"Surefire test"},{"name":"subSuite","value":"school.redrover.api.restassured.MockUserTest"},{"name":"host","value":"fv-az1784-573"},{"name":"thread","value":"2738@fv-az1784-573.main(1)"},{"name":"framework","value":"testng"},{"name":"language","value":"java"},{"name":"epic","value":"API"},{"name":"feature","value":"Mock user"},{"name":"resultFormat","value":"allure2"}],"parameters":[],"links":[],"hidden":false,"retry":false,"extra":{"severity":"normal","retries":[],"categories":[],"history":{"statistic":{"failed":0,"broken":0,"skipped":50,"passed":0,"unknown":0,"total":50},"items":[{"uid":"65d4f05afa8dca0c","reportUrl":"https://RedRoverSchool.github.io/JenkinsQA_2024_fall/2820//#testresult/65d4f05afa8dca0c","status":"skipped","statusDetails":"Skipping MockUserTest: Not running in QA environment","time":{"start":1739857122417,"stop":1739857122417,"duration":0}},{"uid":"cd769a534f2548","reportUrl":"https://RedRoverSchool.github.io/JenkinsQA_2024_fall/2819//#testresult/cd769a534f2548","status":"skipped","statusDetails":"Skipping MockUserTest: Not running in QA environment","time":{"start":1739766029652,"stop":1739766029653,"duration":1}},{"uid":"de4eb6e423b30338","reportUrl":"https://RedRoverSchool.github.io/JenkinsQA_2024_fall/2818//#testresult/de4eb6e423b30338","status":"skipped","statusDetails":"Skipping MockUserTest: Not running in QA environment","time":{"start":1739647432912,"stop":1739647432912,"duration":0}},{"uid":"1269512ea3c9e217","reportUrl":"https://RedRoverSchool.github.io/JenkinsQA_2024_fall/2817//#testresult/1269512ea3c9e217","status":"skipped","statusDetails":"Skipping MockUserTest: Not running in QA environment","time":{"start":1739631629875,"stop":1739631629875,"duration":0}},{"uid":"6492b40d48f880b3","reportUrl":"https://RedRoverSchool.github.io/JenkinsQA_2024_fall/2816//#testresult/6492b40d48f880b3","status":"skipped","statusDetails":"Skipping MockUserTest: Not running in QA environment","time":{"start":1739625620209,"stop":1739625620209,"duration":0}},{"uid":"e4fa31079c03ec79","reportUrl":"https://RedRoverSchool.github.io/JenkinsQA_2024_fall/2815//#testresult/e4fa31079c03ec79","status":"skipped","statusDetails":"Skipping MockUserTest: Not running in QA environment","time":{"start":1739622238523,"stop":1739622238523,"duration":0}},{"uid":"71b9d97e69bb21d2","reportUrl":"https://RedRoverSchool.github.io/JenkinsQA_2024_fall/2814//#testresult/71b9d97e69bb21d2","status":"skipped","statusDetails":"Skipping MockUserTest: Not running in QA environment","time":{"start":1739615764798,"stop":1739615764798,"duration":0}},{"uid":"ae8c3bd1fa968808","reportUrl":"https://RedRoverSchool.github.io/JenkinsQA_2024_fall/2813//#testresult/ae8c3bd1fa968808","status":"skipped","statusDetails":"Skipping MockUserTest: Not running in QA environment","time":{"start":1739614535294,"stop":1739614535294,"duration":0}},{"uid":"4518efd927d06f73","reportUrl":"https://RedRoverSchool.github.io/JenkinsQA_2024_fall/2812//#testresult/4518efd927d06f73","status":"skipped","statusDetails":"Skipping MockUserTest: Not running in QA environment","time":{"start":1739528504269,"stop":1739528504269,"duration":0}},{"uid":"e827d800389b009","reportUrl":"https://RedRoverSchool.github.io/JenkinsQA_2024_fall/2811//#testresult/e827d800389b009","status":"skipped","statusDetails":"Skipping MockUserTest: Not running in QA environment","time":{"start":1739476994399,"stop":1739476994399,"duration":0}},{"uid":"f72ded700b70047c","reportUrl":"https://RedRoverSchool.github.io/JenkinsQA_2024_fall/2810//#testresult/f72ded700b70047c","status":"skipped","statusDetails":"Skipping MockUserTest: Not running in QA environment","time":{"start":1739469096379,"stop":1739469096379,"duration":0}},{"uid":"2224de155dc9b193","reportUrl":"https://RedRoverSchool.github.io/JenkinsQA_2024_fall/2808//#testresult/2224de155dc9b193","status":"skipped","statusDetails":"Skipping MockUserTest: Not running in QA environment","time":{"start":1739379634029,"stop":1739379634029,"duration":0}},{"uid":"d86152e73c477144","reportUrl":"https://RedRoverSchool.github.io/JenkinsQA_2024_fall/2808//#testresult/d86152e73c477144","status":"skipped","statusDetails":"Skipping MockUserTest: Not running in QA environment","time":{"start":1739378347264,"stop":1739378347264,"duration":0}},{"uid":"d2cb49eb4b4cda30","reportUrl":"https://RedRoverSchool.github.io/JenkinsQA_2024_fall/2803//#testresult/d2cb49eb4b4cda30","status":"skipped","statusDetails":"Skipping MockUserTest: Not running in QA environment","time":{"start":1739241116358,"stop":1739241116358,"duration":0}},{"uid":"4ffef618b3dfe167","reportUrl":"https://RedRoverSchool.github.io/JenkinsQA_2024_fall/2796//#testresult/4ffef618b3dfe167","status":"skipped","statusDetails":"Skipping MockUserTest: Not running in QA environment","time":{"start":1739174594559,"stop":1739174594559,"duration":0}},{"uid":"65a30e80e6ceef4d","reportUrl":"https://RedRoverSchool.github.io/JenkinsQA_2024_fall/2794//#testresult/65a30e80e6ceef4d","status":"skipped","statusDetails":"Skipping MockUserTest: Not running in QA environment","time":{"start":1739170917385,"stop":1739170917385,"duration":0}},{"uid":"1e51f80664450258","reportUrl":"https://RedRoverSchool.github.io/JenkinsQA_2024_fall/2794//#testresult/1e51f80664450258","status":"skipped","statusDetails":"Skipping MockUserTest: Not running in QA environment","time":{"start":1739169423509,"stop":1739169423509,"duration":0}},{"uid":"d33f77ba7f2e7684","reportUrl":"https://RedRoverSchool.github.io/JenkinsQA_2024_fall/2792//#testresult/d33f77ba7f2e7684","status":"skipped","statusDetails":"Skipping MockUserTest: Not running in QA environment","time":{"start":1739119964069,"stop":1739119964069,"duration":0}},{"uid":"93fbb74e29e55390","reportUrl":"https://RedRoverSchool.github.io/JenkinsQA_2024_fall/2789//#testresult/93fbb74e29e55390","status":"skipped","statusDetails":"Skipping MockUserTest: Not running in QA environment","time":{"start":1739113991900,"stop":1739113991900,"duration":0}},{"uid":"e5a0bb2f1dfefbc0","reportUrl":"https://RedRoverSchool.github.io/JenkinsQA_2024_fall/2787//#testresult/e5a0bb2f1dfefbc0","status":"skipped","statusDetails":"Skipping MockUserTest: Not running in QA environment","time":{"start":1739102042777,"stop":1739102042777,"duration":0}}]},"tags":[]},"source":"c97cc7abe07f21e7.json","parameterValues":[]}